#
# There is insufficient memory for the Java Runtime Environment to continue.
# Native memory allocation (mmap) failed to map 1056964608 bytes. Error detail: G1 virtual space
# Possible reasons:
#   The system is out of physical RAM or swap space
#   This process is running with CompressedOops enabled, and the Java Heap may be blocking the growth of the native heap
# Possible solutions:
#   Reduce memory load on the system
#   Increase physical memory or swap space
#   Check if swap backing store is full
#   Decrease Java heap size (-Xmx/-Xms)
#   Decrease number of Java threads
#   Decrease Java thread stack sizes (-Xss)
#   Set larger code cache with -XX:ReservedCodeCacheSize=
#   JVM is running with Zero Based Compressed Oops mode in which the Java heap is
#     placed in the first 32GB address space. The Java Heap base address is the
#     maximum limit for the native heap growth. Please use -XX:HeapBaseMinAddress
#     to set the Java Heap base and to place the Java Heap above 32GB virtual address.
# This output file may be truncated or incomplete.
#
#  Out of Memory Error (os_windows.cpp:3583), pid=19984, tid=23020
#
# JRE version: Java(TM) SE Runtime Environment (26.0.1+8) (build 26.0.1+8-34)
# Java VM: Java HotSpot(TM) 64-Bit Server VM (26.0.1+8-34, mixed mode, sharing, tiered, compressed oops, compressed class ptrs, g1 gc, windows-amd64)
# No core dump will be written. Minidumps are not enabled by default on client versions of Windows
#

---------------  S U M M A R Y ------------

Command Line: -Denv.class.path=D:\tryp2p\\gradle\wrapper\gradle-wrapper.jar -Dapplication.home=C:\Program Files\Java\jdk-26.0.1 -Xms8m -Djdk.module.main=jdk.jpackage jdk.jpackage/jdk.jpackage.main.Main --type app-image --input D:\tryp2p\p2p-app\build\libs --main-jar p2p-1.0.0-SNAPSHOT.jar --main-class com.p2p.app.P2PApplication --name P2PTransfer --dest D:\tryp2p\p2p-app\build\dist-jpackage --vendor P2P Team --app-version 1.0.0 --win-console --java-options --enable-native-access=ALL-UNNAMED --icon D:\tryp2p\p2p-app\build\icon.ico

Host: Intel(R) Core(TM) i5-10300H CPU @ 2.50GHz, 8 cores, 15G,  Windows 11 , 64 bit Build 26100 (10.0.26100.8521)
Time: Thu Jul  2 11:12:28 2026 India Standard Time elapsed time: 4.218519 seconds (0d 0h 0m 4s)

---------------  T H R E A D  ---------------

Current thread (0x000001bffb814790):  VMThread "VM Thread"          [id=23020, stack(0x000000ab31800000,0x000000ab31900000) (1024K)]

Stack: [0x000000ab31800000,0x000000ab31900000]
Native frames: (J=compiled Java code, j=interpreted, Vv=VM code, C=native code)
V  [jvm.dll+0x7d5879]  (no source info available)
V  [jvm.dll+0x7a37dd]  (no source info available)
V  [jvm.dll+0x9b0c10]  (no source info available)
V  [jvm.dll+0x9b3061]  (no source info available)
V  [jvm.dll+0x9b3773]  (no source info available)
V  [jvm.dll+0x30df76]  (no source info available)
V  [jvm.dll+0x7d4d45]  (no source info available)
V  [jvm.dll+0x7c7f07]  (no source info available)
V  [jvm.dll+0x4087e8]  (no source info available)
V  [jvm.dll+0x410b56]  (no source info available)
V  [jvm.dll+0x3fcef4]  (no source info available)
V  [jvm.dll+0x3fd1e5]  (no source info available)
V  [jvm.dll+0x3d3b6f]  (no source info available)
V  [jvm.dll+0x3d6ddc]  (no source info available)
V  [jvm.dll+0x4223ec]  (no source info available)
V  [jvm.dll+0x420d33]  (no source info available)
V  [jvm.dll+0x3d3308]  (no source info available)
V  [jvm.dll+0x4200f3]  (no source info available)
V  [jvm.dll+0x9b9c21]  (no source info available)
V  [jvm.dll+0x9babeb]  (no source info available)
V  [jvm.dll+0x9bb0fc]  (no source info available)
V  [jvm.dll+0x9bb579]  (no source info available)
V  [jvm.dll+0x9bb823]  (no source info available)
V  [jvm.dll+0x94f649]  (no source info available)
V  [jvm.dll+0x7d7358]  (no source info available)
C  [ucrtbase.dll+0x2cd30]  (no source info available)
C  [KERNEL32.DLL+0x2e957]  (no source info available)
C  [ntdll.dll+0x87c1c]  (no source info available)

VM_Operation (0x000000ab310fdb08): G1CollectForAllocation, mode: safepoint, requested by thread 0x000001bfd93521e0


---------------  P R O C E S S  ---------------

Threads class SMR info:
_java_thread_list=0x000001bf869ced30, length=11, elements={
0x000001bfd93521e0, 0x000001bffb826540, 0x000001bffb826e40, 0x000001bffb829160,
0x000001bffb82d100, 0x000001bffb82fcc0, 0x000001bffb8349c0, 0x000001bffb861e10,
0x000001bffb869b90, 0x000001bf840bf2a0, 0x000001bf840c8970
}

Java Threads: ( => current thread )
  0x000001bfd93521e0 JavaThread "main"                              [_thread_blocked, id=14740, stack(0x000000ab31000000,0x000000ab31100000) (1024K)]
  0x000001bffb826540 JavaThread "Reference Handler"          daemon [_thread_blocked, id=12680, stack(0x000000ab31900000,0x000000ab31a00000) (1024K)]
  0x000001bffb826e40 JavaThread "Finalizer"                  daemon [_thread_blocked, id=6924, stack(0x000000ab31a00000,0x000000ab31b00000) (1024K)]
  0x000001bffb829160 JavaThread "Signal Dispatcher"          daemon [_thread_blocked, id=12580, stack(0x000000ab31b00000,0x000000ab31c00000) (1024K)]
  0x000001bffb82d100 JavaThread "Attach Listener"            daemon [_thread_blocked, id=25736, stack(0x000000ab31c00000,0x000000ab31d00000) (1024K)]
  0x000001bffb82fcc0 JavaThread "Service Thread"             daemon [_thread_blocked, id=23128, stack(0x000000ab31d00000,0x000000ab31e00000) (1024K)]
  0x000001bffb8349c0 JavaThread "Monitor Deflation Thread"   daemon [_thread_blocked, id=27692, stack(0x000000ab31e00000,0x000000ab31f00000) (1024K)]
  0x000001bffb861e10 JavaThread "C2 CompilerThread0"         daemon [_thread_blocked, id=27020, stack(0x000000ab31f00000,0x000000ab32000000) (1024K)]
  0x000001bffb869b90 JavaThread "C1 CompilerThread0"         daemon [_thread_blocked, id=26524, stack(0x000000ab32000000,0x000000ab32100000) (1024K)]
  0x000001bf840bf2a0 JavaThread "Notification Thread"        daemon [_thread_blocked, id=23304, stack(0x000000ab32100000,0x000000ab32200000) (1024K)]
  0x000001bf840c8970 JavaThread "Common-Cleaner"             daemon [_thread_blocked, id=23616, stack(0x000000ab32200000,0x000000ab32300000) (1024K)]
Total: 11

Other Threads:
=>0x000001bffb814790 VMThread "VM Thread"                           [id=23020, stack(0x000000ab31800000,0x000000ab31900000) (1024K)]
  0x000001bfdb7fd960 WatcherThread "VM Periodic Task Thread"        [id=26560, stack(0x000000ab31700000,0x000000ab31800000) (1024K)]
  0x000001bfdb78ed50 WorkerThread "GC Thread#0"                     [id=5032, stack(0x000000ab31100000,0x000000ab31200000) (1024K)]
  0x000001bf8493c600 WorkerThread "GC Thread#1"                     [id=27960, stack(0x000000ab32300000,0x000000ab32400000) (1024K)]
  0x000001bf84cd5ab0 WorkerThread "GC Thread#2"                     [id=24844, stack(0x000000ab32600000,0x000000ab32700000) (1024K)]
  0x000001bf84b12b20 WorkerThread "GC Thread#3"                     [id=25820, stack(0x000000ab32700000,0x000000ab32800000) (1024K)]
  0x000001bf84b11140 WorkerThread "GC Thread#4"                     [id=7332, stack(0x000000ab32800000,0x000000ab32900000) (1024K)]
  0x000001bf84b11590 WorkerThread "GC Thread#5"                     [id=22580, stack(0x000000ab32900000,0x000000ab32a00000) (1024K)]
  0x000001bf86694880 WorkerThread "GC Thread#6"                     [id=7924, stack(0x000000ab32b00000,0x000000ab32c00000) (1024K)]
  0x000001bf86692600 WorkerThread "GC Thread#7"                     [id=27684, stack(0x000000ab32c00000,0x000000ab32d00000) (1024K)]
  0x000001bfdb7a7a50 ConcurrentGCThread "G1 Main Marker"            [id=26532, stack(0x000000ab31200000,0x000000ab31300000) (1024K)]
  0x000001bfdb7ab3d0 WorkerThread "G1 Conc#0"                       [id=27968, stack(0x000000ab31300000,0x000000ab31400000) (1024K)]
  0x000001bf86694430 WorkerThread "G1 Conc#1"                       [id=18000, stack(0x000000ab32a00000,0x000000ab32b00000) (1024K)]
  0x000001bfdb7ea5c0 WorkerThread "G1 Refinement Workers#0"         [id=23592, stack(0x000000ab31500000,0x000000ab31600000) (1024K)]
  0x000001bfdb7e7bf0 ConcurrentGCThread "G1 Refine Control"         [id=18948, stack(0x000000ab31400000,0x000000ab31500000) (1024K)]
  0x000001bfdb7eaf30 ConcurrentGCThread "G1 Service"                [id=20380, stack(0x000000ab31600000,0x000000ab31700000) (1024K)]
Total: 16

Threads with active compile tasks:
Total: 0

VM state: at safepoint (normal execution)

VM Mutex/Monitor currently owned by a thread:  ([mutex/lock_event])
[0x00007ff80feaed08] Threads_lock - owner thread: 0x000001bffb814790
[0x00007ff80feaef88] Heap_lock - owner thread: 0x000001bfd93521e0

Heap address: 0x0000000702800000, size: 4056 MB, Compressed Oops mode: Zero based, Oop shift amount: 3

CDS archive(s) mapped at: [0x0000000037000000-0x0000000037de0000-0x0000000037de0000), size 14548992, SharedBaseAddress: 0x0000000037000000, ArchiveRelocationMode: 1.
Compressed class space mapped at: 0x0000000038000000-0x0000000078000000, reserved size: 1073741824
UseCompressedClassPointers 1, UseCompactObjectHeaders 0
Narrow klass pointer bits 32, Max shift 3
Narrow klass base: 0x0000000037000000, Narrow klass shift: 0
Encoding Range: [0x0000000037000000 - 0x0000000137000000), (4294967296 bytes)
Klass Range:    [0x0000000037000000 - 0x0000000078000000), (1090519040 bytes)
Klass ID Range:  [8 - 1090519033) (1090519025)
Protection zone: [0x0000000037000000 - 0x0000000037010000), (65536 bytes)

GC Precious Log:
 CardTable entry size: 512
 Card Set container configuration: InlinePtr #cards 4 size 8 Array Of Cards #cards 16 size 48 Howl #buckets 8 coarsen threshold 3686 Howl Bitmap #cards 512 size 80 coarsen threshold 460 Card regions per heap region 1 cards per card region 4096
 CPUs: 8 total, 8 available
 Memory: 16221M
 Large Page Support: Disabled
 NUMA Support: Disabled
 Compressed Oops: Enabled (Zero based)
 Heap Region Size: 2M
 Heap Min Capacity: 8M
 Heap Initial Capacity: 8M
 Heap Max Capacity: 4056M
 Pre-touch: Disabled
 Parallel Workers: 8
 Concurrent Workers: 2
 Concurrent Refinement Workers: 8
 Periodic GC: Disabled

Heap:
 garbage-first heap   total reserved 4153344K, committed 516096K, used 102454K [0x0000000702800000, 0x0000000800000000)
  region size 2M, 0 eden (0M), 15 survivor (30M), 36 old (72M), 0 humongous (0M), 201 free (402M)

Heap Regions: E=young(eden), S=young(survivor), O=old, HS=humongous(starts), HC=humongous(continues), CS=collection set, F=free, TAMS=top-at-mark-start, PB=parsable bottom
|    0|0x0000000702800000, 0x0000000702a00000, 0x0000000702a00000|100%| O|  |TAMS 0x0000000702800000| PB 0x0000000702800000| Untracked |  0
|    1|0x0000000702a00000, 0x0000000702c00000, 0x0000000702c00000|100%| O|  |TAMS 0x0000000702a00000| PB 0x0000000702a00000| Untracked |  0
|    2|0x0000000702c00000, 0x0000000702e00000, 0x0000000702e00000|100%| O|  |TAMS 0x0000000702c00000| PB 0x0000000702c00000| Untracked |  0
|    3|0x0000000702e00000, 0x0000000703000000, 0x0000000703000000|100%| O|  |TAMS 0x0000000702e00000| PB 0x0000000702e00000| Untracked |  0
|    4|0x0000000703000000, 0x0000000703200000, 0x0000000703200000|100%| O|  |TAMS 0x0000000703000000| PB 0x0000000703000000| Untracked |  0
|    5|0x0000000703200000, 0x0000000703400000, 0x0000000703400000|100%| O|  |TAMS 0x0000000703200000| PB 0x0000000703200000| Untracked |  0
|    6|0x0000000703400000, 0x0000000703600000, 0x0000000703600000|100%| O|  |TAMS 0x0000000703400000| PB 0x0000000703400000| Untracked |  0
|    7|0x0000000703600000, 0x0000000703800000, 0x0000000703800000|100%| O|  |TAMS 0x0000000703600000| PB 0x0000000703600000| Untracked |  0
|    8|0x0000000703800000, 0x0000000703a00000, 0x0000000703a00000|100%| O|  |TAMS 0x0000000703800000| PB 0x0000000703800000| Untracked |  0
|    9|0x0000000703a00000, 0x0000000703c00000, 0x0000000703c00000|100%| O|  |TAMS 0x0000000703a00000| PB 0x0000000703a00000| Untracked |  0
|   10|0x0000000703c00000, 0x0000000703e00000, 0x0000000703e00000|100%| O|  |TAMS 0x0000000703c00000| PB 0x0000000703c00000| Untracked |  0
|   11|0x0000000703e00000, 0x0000000704000000, 0x0000000704000000|100%| O|  |TAMS 0x0000000703e00000| PB 0x0000000703e00000| Untracked |  0
|   12|0x0000000704000000, 0x0000000704200000, 0x0000000704200000|100%| O|  |TAMS 0x0000000704000000| PB 0x0000000704000000| Untracked |  0
|   13|0x0000000704200000, 0x0000000704400000, 0x0000000704400000|100%| O|  |TAMS 0x0000000704200000| PB 0x0000000704200000| Untracked |  0
|   14|0x0000000704400000, 0x0000000704600000, 0x0000000704600000|100%| O|  |TAMS 0x0000000704400000| PB 0x0000000704400000| Untracked |  0
|   15|0x0000000704600000, 0x0000000704800000, 0x0000000704800000|100%| O|  |TAMS 0x0000000704600000| PB 0x0000000704600000| Untracked |  0
|   16|0x0000000704800000, 0x0000000704a00000, 0x0000000704a00000|100%| O|  |TAMS 0x0000000704800000| PB 0x0000000704800000| Untracked |  0
|   17|0x0000000704a00000, 0x0000000704c00000, 0x0000000704c00000|100%| O|  |TAMS 0x0000000704a00000| PB 0x0000000704a00000| Untracked |  0
|   18|0x0000000704c00000, 0x0000000704e00000, 0x0000000704e00000|100%| O|  |TAMS 0x0000000704c00000| PB 0x0000000704c00000| Untracked |  0
|   19|0x0000000704e00000, 0x0000000705000000, 0x0000000705000000|100%| O|  |TAMS 0x0000000704e00000| PB 0x0000000704e00000| Untracked |  0
|   20|0x0000000705000000, 0x0000000705200000, 0x0000000705200000|100%| O|  |TAMS 0x0000000705000000| PB 0x0000000705000000| Untracked |  0
|   21|0x0000000705200000, 0x0000000705400000, 0x0000000705400000|100%| O|  |TAMS 0x0000000705200000| PB 0x0000000705200000| Untracked |  0
|   22|0x0000000705400000, 0x0000000705600000, 0x0000000705600000|100%| O|  |TAMS 0x0000000705400000| PB 0x0000000705400000| Untracked |  0
|   23|0x0000000705600000, 0x0000000705800000, 0x0000000705800000|100%| O|  |TAMS 0x0000000705600000| PB 0x0000000705600000| Untracked |  0
|   24|0x0000000705800000, 0x0000000705a00000, 0x0000000705a00000|100%| O|  |TAMS 0x0000000705800000| PB 0x0000000705800000| Untracked |  0
|   25|0x0000000705a00000, 0x0000000705c00000, 0x0000000705c00000|100%| O|  |TAMS 0x0000000705a00000| PB 0x0000000705a00000| Untracked |  0
|   26|0x0000000705c00000, 0x0000000705e00000, 0x0000000705e00000|100%| O|  |TAMS 0x0000000705c00000| PB 0x0000000705c00000| Untracked |  0
|   27|0x0000000705e00000, 0x0000000706000000, 0x0000000706000000|100%| O|  |TAMS 0x0000000705e00000| PB 0x0000000705e00000| Untracked |  0
|   28|0x0000000706000000, 0x0000000706200000, 0x0000000706200000|100%| O|  |TAMS 0x0000000706000000| PB 0x0000000706000000| Untracked |  0
|   29|0x0000000706200000, 0x0000000706400000, 0x0000000706400000|100%| O|  |TAMS 0x0000000706200000| PB 0x0000000706200000| Untracked |  0
|   30|0x0000000706400000, 0x0000000706600000, 0x0000000706600000|100%| O|  |TAMS 0x0000000706400000| PB 0x0000000706400000| Untracked |  0
|   31|0x0000000706600000, 0x0000000706800000, 0x0000000706800000|100%| O|  |TAMS 0x0000000706600000| PB 0x0000000706600000| Untracked |  0
|   32|0x0000000706800000, 0x0000000706a00000, 0x0000000706a00000|100%| O|  |TAMS 0x0000000706800000| PB 0x0000000706800000| Untracked |  0
|   33|0x0000000706a00000, 0x0000000706b45b00, 0x0000000706c00000| 63%| O|  |TAMS 0x0000000706a00000| PB 0x0000000706a00000| Untracked |  0
|   34|0x0000000706c00000, 0x0000000706c00000, 0x0000000706e00000|  0%| F|  |TAMS 0x0000000706c00000| PB 0x0000000706c00000| Untracked |  0
|   35|0x0000000706e00000, 0x0000000706e00000, 0x0000000707000000|  0%| F|  |TAMS 0x0000000706e00000| PB 0x0000000706e00000| Untracked |  0
|   36|0x0000000707000000, 0x0000000707000000, 0x0000000707200000|  0%| F|  |TAMS 0x0000000707000000| PB 0x0000000707000000| Untracked |  0
|   37|0x0000000707200000, 0x0000000707200000, 0x0000000707400000|  0%| F|  |TAMS 0x0000000707200000| PB 0x0000000707200000| Untracked |  0
|   38|0x0000000707400000, 0x0000000707400000, 0x0000000707600000|  0%| F|  |TAMS 0x0000000707400000| PB 0x0000000707400000| Untracked |  0
|   39|0x0000000707600000, 0x0000000707600000, 0x0000000707800000|  0%| F|  |TAMS 0x0000000707600000| PB 0x0000000707600000| Untracked |  0
|   40|0x0000000707800000, 0x0000000707800000, 0x0000000707a00000|  0%| F|  |TAMS 0x0000000707800000| PB 0x0000000707800000| Untracked |  0
|   41|0x0000000707a00000, 0x0000000707a00000, 0x0000000707c00000|  0%| F|  |TAMS 0x0000000707a00000| PB 0x0000000707a00000| Untracked |  0
|   42|0x0000000707c00000, 0x0000000707c00000, 0x0000000707e00000|  0%| F|  |TAMS 0x0000000707c00000| PB 0x0000000707c00000| Untracked |  0
|   43|0x0000000707e00000, 0x0000000707e00000, 0x0000000708000000|  0%| F|  |TAMS 0x0000000707e00000| PB 0x0000000707e00000| Untracked |  0
|   44|0x0000000708000000, 0x0000000708000000, 0x0000000708200000|  0%| F|  |TAMS 0x0000000708000000| PB 0x0000000708000000| Untracked |  0
|   45|0x0000000708200000, 0x0000000708200000, 0x0000000708400000|  0%| F|  |TAMS 0x0000000708200000| PB 0x0000000708200000| Untracked |  0
|   46|0x0000000708400000, 0x0000000708400000, 0x0000000708600000|  0%| F|  |TAMS 0x0000000708400000| PB 0x0000000708400000| Untracked |  0
|   47|0x0000000708600000, 0x0000000708600000, 0x0000000708800000|  0%| F|  |TAMS 0x0000000708600000| PB 0x0000000708600000| Untracked |  0
|   48|0x0000000708800000, 0x0000000708800000, 0x0000000708a00000|  0%| F|  |TAMS 0x0000000708800000| PB 0x0000000708800000| Untracked |  0
|   49|0x0000000708a00000, 0x0000000708a00000, 0x0000000708c00000|  0%| F|  |TAMS 0x0000000708a00000| PB 0x0000000708a00000| Untracked |  0
|   50|0x0000000708c00000, 0x0000000708c00000, 0x0000000708e00000|  0%| F|  |TAMS 0x0000000708c00000| PB 0x0000000708c00000| Untracked |  0
|   51|0x0000000708e00000, 0x0000000708e00000, 0x0000000709000000|  0%| F|  |TAMS 0x0000000708e00000| PB 0x0000000708e00000| Untracked |  0
|   52|0x0000000709000000, 0x0000000709000000, 0x0000000709200000|  0%| F|  |TAMS 0x0000000709000000| PB 0x0000000709000000| Untracked |  0
|   53|0x0000000709200000, 0x0000000709200000, 0x0000000709400000|  0%| F|  |TAMS 0x0000000709200000| PB 0x0000000709200000| Untracked |  0
|   54|0x0000000709400000, 0x0000000709400000, 0x0000000709600000|  0%| F|  |TAMS 0x0000000709400000| PB 0x0000000709400000| Untracked |  0
|   55|0x0000000709600000, 0x0000000709600000, 0x0000000709800000|  0%| F|  |TAMS 0x0000000709600000| PB 0x0000000709600000| Untracked |  0
|   56|0x0000000709800000, 0x0000000709800000, 0x0000000709a00000|  0%| F|  |TAMS 0x0000000709800000| PB 0x0000000709800000| Untracked |  0
|   57|0x0000000709a00000, 0x0000000709a00000, 0x0000000709c00000|  0%| F|  |TAMS 0x0000000709a00000| PB 0x0000000709a00000| Untracked |  0
|   58|0x0000000709c00000, 0x0000000709c00000, 0x0000000709e00000|  0%| F|  |TAMS 0x0000000709c00000| PB 0x0000000709c00000| Untracked |  0
|   59|0x0000000709e00000, 0x0000000709e00000, 0x000000070a000000|  0%| F|  |TAMS 0x0000000709e00000| PB 0x0000000709e00000| Untracked |  0
|   60|0x000000070a000000, 0x000000070a000000, 0x000000070a200000|  0%| F|  |TAMS 0x000000070a000000| PB 0x000000070a000000| Untracked |  0
|   61|0x000000070a200000, 0x000000070a200000, 0x000000070a400000|  0%| F|  |TAMS 0x000000070a200000| PB 0x000000070a200000| Untracked |  0
|   62|0x000000070a400000, 0x000000070a400000, 0x000000070a600000|  0%| F|  |TAMS 0x000000070a400000| PB 0x000000070a400000| Untracked |  0
|   63|0x000000070a600000, 0x000000070a600000, 0x000000070a800000|  0%| F|  |TAMS 0x000000070a600000| PB 0x000000070a600000| Untracked |  0
|   64|0x000000070a800000, 0x000000070a800000, 0x000000070aa00000|  0%| F|  |TAMS 0x000000070a800000| PB 0x000000070a800000| Untracked |  0
|   65|0x000000070aa00000, 0x000000070aa00000, 0x000000070ac00000|  0%| F|  |TAMS 0x000000070aa00000| PB 0x000000070aa00000| Untracked |  0
|   66|0x000000070ac00000, 0x000000070ac00000, 0x000000070ae00000|  0%| F|  |TAMS 0x000000070ac00000| PB 0x000000070ac00000| Untracked |  0
|   67|0x000000070ae00000, 0x000000070ae00000, 0x000000070b000000|  0%| F|  |TAMS 0x000000070ae00000| PB 0x000000070ae00000| Untracked |  0
|   68|0x000000070b000000, 0x000000070b000000, 0x000000070b200000|  0%| F|  |TAMS 0x000000070b000000| PB 0x000000070b000000| Untracked |  0
|   69|0x000000070b200000, 0x000000070b200000, 0x000000070b400000|  0%| F|  |TAMS 0x000000070b200000| PB 0x000000070b200000| Untracked |  0
|   70|0x000000070b400000, 0x000000070b400000, 0x000000070b600000|  0%| F|  |TAMS 0x000000070b400000| PB 0x000000070b400000| Untracked |  0
|   71|0x000000070b600000, 0x000000070b600000, 0x000000070b800000|  0%| F|  |TAMS 0x000000070b600000| PB 0x000000070b600000| Untracked |  0
|   72|0x000000070b800000, 0x000000070b800000, 0x000000070ba00000|  0%| F|  |TAMS 0x000000070b800000| PB 0x000000070b800000| Untracked |  0
|   73|0x000000070ba00000, 0x000000070ba00000, 0x000000070bc00000|  0%| F|  |TAMS 0x000000070ba00000| PB 0x000000070ba00000| Untracked |  0
|   74|0x000000070bc00000, 0x000000070bc00000, 0x000000070be00000|  0%| F|  |TAMS 0x000000070bc00000| PB 0x000000070bc00000| Untracked |  0
|   75|0x000000070be00000, 0x000000070be00000, 0x000000070c000000|  0%| F|  |TAMS 0x000000070be00000| PB 0x000000070be00000| Untracked |  0
|   76|0x000000070c000000, 0x000000070c000000, 0x000000070c200000|  0%| F|  |TAMS 0x000000070c000000| PB 0x000000070c000000| Untracked |  0
|   77|0x000000070c200000, 0x000000070c200000, 0x000000070c400000|  0%| F|  |TAMS 0x000000070c200000| PB 0x000000070c200000| Untracked |  0
|   78|0x000000070c400000, 0x000000070c400000, 0x000000070c600000|  0%| F|  |TAMS 0x000000070c400000| PB 0x000000070c400000| Untracked |  0
|   79|0x000000070c600000, 0x000000070c600000, 0x000000070c800000|  0%| F|  |TAMS 0x000000070c600000| PB 0x000000070c600000| Untracked |  0
|   80|0x000000070c800000, 0x000000070c800000, 0x000000070ca00000|  0%| F|  |TAMS 0x000000070c800000| PB 0x000000070c800000| Untracked |  0
|   81|0x000000070ca00000, 0x000000070ca00000, 0x000000070cc00000|  0%| F|  |TAMS 0x000000070ca00000| PB 0x000000070ca00000| Untracked |  0
|   82|0x000000070cc00000, 0x000000070cc00000, 0x000000070ce00000|  0%| F|  |TAMS 0x000000070cc00000| PB 0x000000070cc00000| Untracked |  0
|   83|0x000000070ce00000, 0x000000070ce00000, 0x000000070d000000|  0%| F|  |TAMS 0x000000070ce00000| PB 0x000000070ce00000| Untracked |  0
|   84|0x000000070d000000, 0x000000070d19f080, 0x000000070d200000| 81%| S|CS|TAMS 0x000000070d000000| PB 0x000000070d000000| Complete  |  0
|   85|0x000000070d200000, 0x000000070d400000, 0x000000070d400000|100%| S|CS|TAMS 0x000000070d200000| PB 0x000000070d200000| Complete  |  0
|   86|0x000000070d400000, 0x000000070d600000, 0x000000070d600000|100%| S|CS|TAMS 0x000000070d400000| PB 0x000000070d400000| Complete  |  0
|   87|0x000000070d600000, 0x000000070d800000, 0x000000070d800000|100%| S|CS|TAMS 0x000000070d600000| PB 0x000000070d600000| Complete  |  0
|   88|0x000000070d800000, 0x000000070da00000, 0x000000070da00000|100%| S|CS|TAMS 0x000000070d800000| PB 0x000000070d800000| Complete  |  0
|   89|0x000000070da00000, 0x000000070dc00000, 0x000000070dc00000|100%| S|CS|TAMS 0x000000070da00000| PB 0x000000070da00000| Complete  |  0
|   90|0x000000070dc00000, 0x000000070de00000, 0x000000070de00000|100%| S|CS|TAMS 0x000000070dc00000| PB 0x000000070dc00000| Complete  |  0
|   91|0x000000070de00000, 0x000000070e000000, 0x000000070e000000|100%| S|CS|TAMS 0x000000070de00000| PB 0x000000070de00000| Complete  |  0
|   92|0x000000070e000000, 0x000000070e200000, 0x000000070e200000|100%| S|CS|TAMS 0x000000070e000000| PB 0x000000070e000000| Complete  |  0
|   93|0x000000070e200000, 0x000000070e400000, 0x000000070e400000|100%| S|CS|TAMS 0x000000070e200000| PB 0x000000070e200000| Complete  |  0
|   94|0x000000070e400000, 0x000000070e600000, 0x000000070e600000|100%| S|CS|TAMS 0x000000070e400000| PB 0x000000070e400000| Complete  |  0
|   95|0x000000070e600000, 0x000000070e600000, 0x000000070e800000|  0%| F|  |TAMS 0x000000070e600000| PB 0x000000070e600000| Untracked |  0
|   96|0x000000070e800000, 0x000000070e800000, 0x000000070ea00000|  0%| F|  |TAMS 0x000000070e800000| PB 0x000000070e800000| Untracked |  0
|   97|0x000000070ea00000, 0x000000070ea00000, 0x000000070ec00000|  0%| F|  |TAMS 0x000000070ea00000| PB 0x000000070ea00000| Untracked |  0
|   98|0x000000070ec00000, 0x000000070ec00000, 0x000000070ee00000|  0%| F|  |TAMS 0x000000070ec00000| PB 0x000000070ec00000| Untracked |  0
|   99|0x000000070ee00000, 0x000000070ee00000, 0x000000070f000000|  0%| F|  |TAMS 0x000000070ee00000| PB 0x000000070ee00000| Untracked |  0
|  100|0x000000070f000000, 0x000000070f000000, 0x000000070f200000|  0%| F|  |TAMS 0x000000070f000000| PB 0x000000070f000000| Untracked |  0
|  101|0x000000070f200000, 0x000000070f200000, 0x000000070f400000|  0%| F|  |TAMS 0x000000070f200000| PB 0x000000070f200000| Untracked |  0
|  102|0x000000070f400000, 0x000000070f400000, 0x000000070f600000|  0%| F|  |TAMS 0x000000070f400000| PB 0x000000070f400000| Untracked |  0
|  103|0x000000070f600000, 0x000000070f600000, 0x000000070f800000|  0%| F|  |TAMS 0x000000070f600000| PB 0x000000070f600000| Untracked |  0
|  104|0x000000070f800000, 0x000000070fa00000, 0x000000070fa00000|100%| S|CS|TAMS 0x000000070f800000| PB 0x000000070f800000| Complete  |  0
|  105|0x000000070fa00000, 0x000000070fc00000, 0x000000070fc00000|100%| S|CS|TAMS 0x000000070fa00000| PB 0x000000070fa00000| Complete  |  0
|  106|0x000000070fc00000, 0x000000070fe00000, 0x000000070fe00000|100%| S|CS|TAMS 0x000000070fc00000| PB 0x000000070fc00000| Complete  |  0
|  107|0x000000070fe00000, 0x0000000710000000, 0x0000000710000000|100%| S|CS|TAMS 0x000000070fe00000| PB 0x000000070fe00000| Complete  |  0
|  108|0x0000000710000000, 0x0000000710000000, 0x0000000710200000|  0%| F|  |TAMS 0x0000000710000000| PB 0x0000000710000000| Untracked |  0
|  109|0x0000000710200000, 0x0000000710200000, 0x0000000710400000|  0%| F|  |TAMS 0x0000000710200000| PB 0x0000000710200000| Untracked |  0
|  110|0x0000000710400000, 0x0000000710400000, 0x0000000710600000|  0%| F|  |TAMS 0x0000000710400000| PB 0x0000000710400000| Untracked |  0
|  111|0x0000000710600000, 0x0000000710600000, 0x0000000710800000|  0%| F|  |TAMS 0x0000000710600000| PB 0x0000000710600000| Untracked |  0
|  112|0x0000000710800000, 0x0000000710800000, 0x0000000710a00000|  0%| F|  |TAMS 0x0000000710800000| PB 0x0000000710800000| Untracked |  0
|  113|0x0000000710a00000, 0x0000000710a00000, 0x0000000710c00000|  0%| F|  |TAMS 0x0000000710a00000| PB 0x0000000710a00000| Untracked |  0
|  114|0x0000000710c00000, 0x0000000710c00000, 0x0000000710e00000|  0%| F|  |TAMS 0x0000000710c00000| PB 0x0000000710c00000| Untracked |  0
|  115|0x0000000710e00000, 0x0000000710e00000, 0x0000000711000000|  0%| F|  |TAMS 0x0000000710e00000| PB 0x0000000710e00000| Untracked |  0
|  116|0x0000000711000000, 0x0000000711000000, 0x0000000711200000|  0%| F|  |TAMS 0x0000000711000000| PB 0x0000000711000000| Untracked |  0
|  117|0x0000000711200000, 0x0000000711200000, 0x0000000711400000|  0%| F|  |TAMS 0x0000000711200000| PB 0x0000000711200000| Untracked |  0
|  118|0x0000000711400000, 0x0000000711400000, 0x0000000711600000|  0%| F|  |TAMS 0x0000000711400000| PB 0x0000000711400000| Untracked |  0
|  119|0x0000000711600000, 0x0000000711600000, 0x0000000711800000|  0%| F|  |TAMS 0x0000000711600000| PB 0x0000000711600000| Untracked |  0
|  120|0x0000000711800000, 0x0000000711800000, 0x0000000711a00000|  0%| F|  |TAMS 0x0000000711800000| PB 0x0000000711800000| Untracked |  0
|  121|0x0000000711a00000, 0x0000000711a00000, 0x0000000711c00000|  0%| F|  |TAMS 0x0000000711a00000| PB 0x0000000711a00000| Untracked |  0
|  122|0x0000000711c00000, 0x0000000711c00000, 0x0000000711e00000|  0%| F|  |TAMS 0x0000000711c00000| PB 0x0000000711c00000| Untracked |  0
|  123|0x0000000711e00000, 0x0000000711e00000, 0x0000000712000000|  0%| F|  |TAMS 0x0000000711e00000| PB 0x0000000711e00000| Untracked |  0
|  124|0x0000000712000000, 0x0000000712000000, 0x0000000712200000|  0%| F|  |TAMS 0x0000000712000000| PB 0x0000000712000000| Untracked |  0
|  125|0x0000000712200000, 0x0000000712200000, 0x0000000712400000|  0%| F|  |TAMS 0x0000000712200000| PB 0x0000000712200000| Untracked |  0
|  126|0x0000000712400000, 0x0000000712400000, 0x0000000712600000|  0%| F|  |TAMS 0x0000000712400000| PB 0x0000000712400000| Untracked |  0
|  127|0x0000000712600000, 0x0000000712600000, 0x0000000712800000|  0%| F|  |TAMS 0x0000000712600000| PB 0x0000000712600000| Untracked |  0
|  128|0x0000000712800000, 0x0000000712800000, 0x0000000712a00000|  0%| F|  |TAMS 0x0000000712800000| PB 0x0000000712800000| Untracked |  0
|  129|0x0000000712a00000, 0x0000000712a00000, 0x0000000712c00000|  0%| F|  |TAMS 0x0000000712a00000| PB 0x0000000712a00000| Untracked |  0
|  130|0x0000000712c00000, 0x0000000712c00000, 0x0000000712e00000|  0%| F|  |TAMS 0x0000000712c00000| PB 0x0000000712c00000| Untracked |  0
|  131|0x0000000712e00000, 0x0000000712e00000, 0x0000000713000000|  0%| F|  |TAMS 0x0000000712e00000| PB 0x0000000712e00000| Untracked |  0
|  132|0x0000000713000000, 0x0000000713000000, 0x0000000713200000|  0%| F|  |TAMS 0x0000000713000000| PB 0x0000000713000000| Untracked |  0
|  133|0x0000000713200000, 0x0000000713200000, 0x0000000713400000|  0%| F|  |TAMS 0x0000000713200000| PB 0x0000000713200000| Untracked |  0
|  134|0x0000000713400000, 0x0000000713400000, 0x0000000713600000|  0%| F|  |TAMS 0x0000000713400000| PB 0x0000000713400000| Untracked |  0
|  135|0x0000000713600000, 0x0000000713600000, 0x0000000713800000|  0%| F|  |TAMS 0x0000000713600000| PB 0x0000000713600000| Untracked |  0
|  136|0x0000000713800000, 0x0000000713800000, 0x0000000713a00000|  0%| F|  |TAMS 0x0000000713800000| PB 0x0000000713800000| Untracked |  0
|  137|0x0000000713a00000, 0x0000000713a00000, 0x0000000713c00000|  0%| F|  |TAMS 0x0000000713a00000| PB 0x0000000713a00000| Untracked |  0
|  138|0x0000000713c00000, 0x0000000713c00000, 0x0000000713e00000|  0%| F|  |TAMS 0x0000000713c00000| PB 0x0000000713c00000| Untracked |  0
|  139|0x0000000713e00000, 0x0000000713e00000, 0x0000000714000000|  0%| F|  |TAMS 0x0000000713e00000| PB 0x0000000713e00000| Untracked |  0
|  140|0x0000000714000000, 0x0000000714000000, 0x0000000714200000|  0%| F|  |TAMS 0x0000000714000000| PB 0x0000000714000000| Untracked |  0
|  141|0x0000000714200000, 0x0000000714200000, 0x0000000714400000|  0%| F|  |TAMS 0x0000000714200000| PB 0x0000000714200000| Untracked |  0
|  142|0x0000000714400000, 0x0000000714400000, 0x0000000714600000|  0%| F|  |TAMS 0x0000000714400000| PB 0x0000000714400000| Untracked |  0
|  143|0x0000000714600000, 0x0000000714600000, 0x0000000714800000|  0%| F|  |TAMS 0x0000000714600000| PB 0x0000000714600000| Untracked |  0
|  144|0x0000000714800000, 0x0000000714800000, 0x0000000714a00000|  0%| F|  |TAMS 0x0000000714800000| PB 0x0000000714800000| Untracked |  0
|  145|0x0000000714a00000, 0x0000000714a00000, 0x0000000714c00000|  0%| F|  |TAMS 0x0000000714a00000| PB 0x0000000714a00000| Untracked |  0
|  146|0x0000000714c00000, 0x0000000714c00000, 0x0000000714e00000|  0%| F|  |TAMS 0x0000000714c00000| PB 0x0000000714c00000| Untracked |  0
|  147|0x0000000714e00000, 0x0000000714e00000, 0x0000000715000000|  0%| F|  |TAMS 0x0000000714e00000| PB 0x0000000714e00000| Untracked |  0
|  148|0x0000000715000000, 0x0000000715000000, 0x0000000715200000|  0%| F|  |TAMS 0x0000000715000000| PB 0x0000000715000000| Untracked |  0
|  149|0x0000000715200000, 0x0000000715200000, 0x0000000715400000|  0%| F|  |TAMS 0x0000000715200000| PB 0x0000000715200000| Untracked |  0
|  150|0x0000000715400000, 0x0000000715400000, 0x0000000715600000|  0%| F|  |TAMS 0x0000000715400000| PB 0x0000000715400000| Untracked |  0
|  151|0x0000000715600000, 0x0000000715600000, 0x0000000715800000|  0%| F|  |TAMS 0x0000000715600000| PB 0x0000000715600000| Untracked |  0
|  152|0x0000000715800000, 0x0000000715800000, 0x0000000715a00000|  0%| F|  |TAMS 0x0000000715800000| PB 0x0000000715800000| Untracked |  0
|  153|0x0000000715a00000, 0x0000000715a00000, 0x0000000715c00000|  0%| F|  |TAMS 0x0000000715a00000| PB 0x0000000715a00000| Untracked |  0
|  154|0x0000000715c00000, 0x0000000715c00000, 0x0000000715e00000|  0%| F|  |TAMS 0x0000000715c00000| PB 0x0000000715c00000| Untracked |  0
|  155|0x0000000715e00000, 0x0000000715e00000, 0x0000000716000000|  0%| F|  |TAMS 0x0000000715e00000| PB 0x0000000715e00000| Untracked |  0
|  156|0x0000000716000000, 0x0000000716000000, 0x0000000716200000|  0%| F|  |TAMS 0x0000000716000000| PB 0x0000000716000000| Untracked |  0
|  157|0x0000000716200000, 0x0000000716200000, 0x0000000716400000|  0%| F|  |TAMS 0x0000000716200000| PB 0x0000000716200000| Untracked |  0
|  158|0x0000000716400000, 0x0000000716400000, 0x0000000716600000|  0%| F|  |TAMS 0x0000000716400000| PB 0x0000000716400000| Untracked |  0
|  159|0x0000000716600000, 0x0000000716600000, 0x0000000716800000|  0%| F|  |TAMS 0x0000000716600000| PB 0x0000000716600000| Untracked |  0
|  160|0x0000000716800000, 0x0000000716800000, 0x0000000716a00000|  0%| F|  |TAMS 0x0000000716800000| PB 0x0000000716800000| Untracked |  0
|  161|0x0000000716a00000, 0x0000000716a00000, 0x0000000716c00000|  0%| F|  |TAMS 0x0000000716a00000| PB 0x0000000716a00000| Untracked |  0
|  162|0x0000000716c00000, 0x0000000716c00000, 0x0000000716e00000|  0%| F|  |TAMS 0x0000000716c00000| PB 0x0000000716c00000| Untracked |  0
|  163|0x0000000716e00000, 0x0000000716e00000, 0x0000000717000000|  0%| F|  |TAMS 0x0000000716e00000| PB 0x0000000716e00000| Untracked |  0
|  164|0x0000000717000000, 0x0000000717000000, 0x0000000717200000|  0%| F|  |TAMS 0x0000000717000000| PB 0x0000000717000000| Untracked |  0
|  165|0x0000000717200000, 0x0000000717200000, 0x0000000717400000|  0%| F|  |TAMS 0x0000000717200000| PB 0x0000000717200000| Untracked |  0
|  166|0x0000000717400000, 0x0000000717400000, 0x0000000717600000|  0%| F|  |TAMS 0x0000000717400000| PB 0x0000000717400000| Untracked |  0
|  167|0x0000000717600000, 0x0000000717600000, 0x0000000717800000|  0%| F|  |TAMS 0x0000000717600000| PB 0x0000000717600000| Untracked |  0
|  168|0x0000000717800000, 0x0000000717800000, 0x0000000717a00000|  0%| F|  |TAMS 0x0000000717800000| PB 0x0000000717800000| Untracked |  0
|  169|0x0000000717a00000, 0x0000000717a00000, 0x0000000717c00000|  0%| F|  |TAMS 0x0000000717a00000| PB 0x0000000717a00000| Untracked |  0
|  170|0x0000000717c00000, 0x0000000717c00000, 0x0000000717e00000|  0%| F|  |TAMS 0x0000000717c00000| PB 0x0000000717c00000| Untracked |  0
|  171|0x0000000717e00000, 0x0000000717e00000, 0x0000000718000000|  0%| F|  |TAMS 0x0000000717e00000| PB 0x0000000717e00000| Untracked |  0
|  172|0x0000000718000000, 0x0000000718000000, 0x0000000718200000|  0%| F|  |TAMS 0x0000000718000000| PB 0x0000000718000000| Untracked |  0
|  173|0x0000000718200000, 0x0000000718200000, 0x0000000718400000|  0%| F|  |TAMS 0x0000000718200000| PB 0x0000000718200000| Untracked |  0
|  174|0x0000000718400000, 0x0000000718400000, 0x0000000718600000|  0%| F|  |TAMS 0x0000000718400000| PB 0x0000000718400000| Untracked |  0
|  175|0x0000000718600000, 0x0000000718600000, 0x0000000718800000|  0%| F|  |TAMS 0x0000000718600000| PB 0x0000000718600000| Untracked |  0
|  176|0x0000000718800000, 0x0000000718800000, 0x0000000718a00000|  0%| F|  |TAMS 0x0000000718800000| PB 0x0000000718800000| Untracked |  0
|  177|0x0000000718a00000, 0x0000000718a00000, 0x0000000718c00000|  0%| F|  |TAMS 0x0000000718a00000| PB 0x0000000718a00000| Untracked |  0
|  178|0x0000000718c00000, 0x0000000718c00000, 0x0000000718e00000|  0%| F|  |TAMS 0x0000000718c00000| PB 0x0000000718c00000| Untracked |  0
|  179|0x0000000718e00000, 0x0000000718e00000, 0x0000000719000000|  0%| F|  |TAMS 0x0000000718e00000| PB 0x0000000718e00000| Untracked |  0
|  180|0x0000000719000000, 0x0000000719000000, 0x0000000719200000|  0%| F|  |TAMS 0x0000000719000000| PB 0x0000000719000000| Untracked |  0
|  181|0x0000000719200000, 0x0000000719200000, 0x0000000719400000|  0%| F|  |TAMS 0x0000000719200000| PB 0x0000000719200000| Untracked |  0
|  182|0x0000000719400000, 0x0000000719400000, 0x0000000719600000|  0%| F|  |TAMS 0x0000000719400000| PB 0x0000000719400000| Untracked |  0
|  183|0x0000000719600000, 0x0000000719600000, 0x0000000719800000|  0%| F|  |TAMS 0x0000000719600000| PB 0x0000000719600000| Untracked |  0
|  184|0x0000000719800000, 0x0000000719800000, 0x0000000719a00000|  0%| F|  |TAMS 0x0000000719800000| PB 0x0000000719800000| Untracked |  0
|  185|0x0000000719a00000, 0x0000000719a00000, 0x0000000719c00000|  0%| F|  |TAMS 0x0000000719a00000| PB 0x0000000719a00000| Untracked |  0
|  186|0x0000000719c00000, 0x0000000719c00000, 0x0000000719e00000|  0%| F|  |TAMS 0x0000000719c00000| PB 0x0000000719c00000| Untracked |  0
|  187|0x0000000719e00000, 0x0000000719e00000, 0x000000071a000000|  0%| F|  |TAMS 0x0000000719e00000| PB 0x0000000719e00000| Untracked |  0
|  188|0x000000071a000000, 0x000000071a000000, 0x000000071a200000|  0%| F|  |TAMS 0x000000071a000000| PB 0x000000071a000000| Untracked |  0
|  189|0x000000071a200000, 0x000000071a200000, 0x000000071a400000|  0%| F|  |TAMS 0x000000071a200000| PB 0x000000071a200000| Untracked |  0
|  190|0x000000071a400000, 0x000000071a400000, 0x000000071a600000|  0%| F|  |TAMS 0x000000071a400000| PB 0x000000071a400000| Untracked |  0
|  191|0x000000071a600000, 0x000000071a600000, 0x000000071a800000|  0%| F|  |TAMS 0x000000071a600000| PB 0x000000071a600000| Untracked |  0
|  192|0x000000071a800000, 0x000000071a800000, 0x000000071aa00000|  0%| F|  |TAMS 0x000000071a800000| PB 0x000000071a800000| Untracked |  0
|  193|0x000000071aa00000, 0x000000071aa00000, 0x000000071ac00000|  0%| F|  |TAMS 0x000000071aa00000| PB 0x000000071aa00000| Untracked |  0
|  194|0x000000071ac00000, 0x000000071ac00000, 0x000000071ae00000|  0%| F|  |TAMS 0x000000071ac00000| PB 0x000000071ac00000| Untracked |  0
|  195|0x000000071ae00000, 0x000000071ae00000, 0x000000071b000000|  0%| F|  |TAMS 0x000000071ae00000| PB 0x000000071ae00000| Untracked |  0
|  196|0x000000071b000000, 0x000000071b000000, 0x000000071b200000|  0%| F|  |TAMS 0x000000071b000000| PB 0x000000071b000000| Untracked |  0
|  197|0x000000071b200000, 0x000000071b200000, 0x000000071b400000|  0%| F|  |TAMS 0x000000071b200000| PB 0x000000071b200000| Untracked |  0
|  198|0x000000071b400000, 0x000000071b400000, 0x000000071b600000|  0%| F|  |TAMS 0x000000071b400000| PB 0x000000071b400000| Untracked |  0
|  199|0x000000071b600000, 0x000000071b600000, 0x000000071b800000|  0%| F|  |TAMS 0x000000071b600000| PB 0x000000071b600000| Untracked |  0
|  200|0x000000071b800000, 0x000000071b800000, 0x000000071ba00000|  0%| F|  |TAMS 0x000000071b800000| PB 0x000000071b800000| Untracked |  0
|  201|0x000000071ba00000, 0x000000071ba00000, 0x000000071bc00000|  0%| F|  |TAMS 0x000000071ba00000| PB 0x000000071ba00000| Untracked |  0
|  202|0x000000071bc00000, 0x000000071bc00000, 0x000000071be00000|  0%| F|  |TAMS 0x000000071bc00000| PB 0x000000071bc00000| Untracked |  0
|  203|0x000000071be00000, 0x000000071be00000, 0x000000071c000000|  0%| F|  |TAMS 0x000000071be00000| PB 0x000000071be00000| Untracked |  0
|  204|0x000000071c000000, 0x000000071c000000, 0x000000071c200000|  0%| F|  |TAMS 0x000000071c000000| PB 0x000000071c000000| Untracked |  0
|  205|0x000000071c200000, 0x000000071c200000, 0x000000071c400000|  0%| F|  |TAMS 0x000000071c200000| PB 0x000000071c200000| Untracked |  0
|  206|0x000000071c400000, 0x000000071c400000, 0x000000071c600000|  0%| F|  |TAMS 0x000000071c400000| PB 0x000000071c400000| Untracked |  0
|  207|0x000000071c600000, 0x000000071c600000, 0x000000071c800000|  0%| F|  |TAMS 0x000000071c600000| PB 0x000000071c600000| Untracked |  0
|  208|0x000000071c800000, 0x000000071c800000, 0x000000071ca00000|  0%| F|  |TAMS 0x000000071c800000| PB 0x000000071c800000| Untracked |  0
|  209|0x000000071ca00000, 0x000000071ca00000, 0x000000071cc00000|  0%| F|  |TAMS 0x000000071ca00000| PB 0x000000071ca00000| Untracked |  0
|  210|0x000000071cc00000, 0x000000071cc00000, 0x000000071ce00000|  0%| F|  |TAMS 0x000000071cc00000| PB 0x000000071cc00000| Untracked |  0
|  211|0x000000071ce00000, 0x000000071ce00000, 0x000000071d000000|  0%| F|  |TAMS 0x000000071ce00000| PB 0x000000071ce00000| Untracked |  0
|  212|0x000000071d000000, 0x000000071d000000, 0x000000071d200000|  0%| F|  |TAMS 0x000000071d000000| PB 0x000000071d000000| Untracked |  0
|  213|0x000000071d200000, 0x000000071d200000, 0x000000071d400000|  0%| F|  |TAMS 0x000000071d200000| PB 0x000000071d200000| Untracked |  0
|  214|0x000000071d400000, 0x000000071d400000, 0x000000071d600000|  0%| F|  |TAMS 0x000000071d400000| PB 0x000000071d400000| Untracked |  0
|  215|0x000000071d600000, 0x000000071d600000, 0x000000071d800000|  0%| F|  |TAMS 0x000000071d600000| PB 0x000000071d600000| Untracked |  0
|  216|0x000000071d800000, 0x000000071d800000, 0x000000071da00000|  0%| F|  |TAMS 0x000000071d800000| PB 0x000000071d800000| Untracked |  0
|  217|0x000000071da00000, 0x000000071da00000, 0x000000071dc00000|  0%| F|  |TAMS 0x000000071da00000| PB 0x000000071da00000| Untracked |  0
|  218|0x000000071dc00000, 0x000000071dc00000, 0x000000071de00000|  0%| F|  |TAMS 0x000000071dc00000| PB 0x000000071dc00000| Untracked |  0
|  219|0x000000071de00000, 0x000000071de00000, 0x000000071e000000|  0%| F|  |TAMS 0x000000071de00000| PB 0x000000071de00000| Untracked |  0
|  220|0x000000071e000000, 0x000000071e000000, 0x000000071e200000|  0%| F|  |TAMS 0x000000071e000000| PB 0x000000071e000000| Untracked |  0
|  221|0x000000071e200000, 0x000000071e200000, 0x000000071e400000|  0%| F|  |TAMS 0x000000071e200000| PB 0x000000071e200000| Untracked |  0
|  222|0x000000071e400000, 0x000000071e400000, 0x000000071e600000|  0%| F|  |TAMS 0x000000071e400000| PB 0x000000071e400000| Untracked |  0
|  223|0x000000071e600000, 0x000000071e600000, 0x000000071e800000|  0%| F|  |TAMS 0x000000071e600000| PB 0x000000071e600000| Untracked |  0
|  224|0x000000071e800000, 0x000000071e800000, 0x000000071ea00000|  0%| F|  |TAMS 0x000000071e800000| PB 0x000000071e800000| Untracked |  0
|  225|0x000000071ea00000, 0x000000071ea00000, 0x000000071ec00000|  0%| F|  |TAMS 0x000000071ea00000| PB 0x000000071ea00000| Untracked |  0
|  226|0x000000071ec00000, 0x000000071ec00000, 0x000000071ee00000|  0%| F|  |TAMS 0x000000071ec00000| PB 0x000000071ec00000| Untracked |  0
|  227|0x000000071ee00000, 0x000000071ee00000, 0x000000071f000000|  0%| F|  |TAMS 0x000000071ee00000| PB 0x000000071ee00000| Untracked |  0
|  228|0x000000071f000000, 0x000000071f000000, 0x000000071f200000|  0%| F|  |TAMS 0x000000071f000000| PB 0x000000071f000000| Untracked |  0
|  229|0x000000071f200000, 0x000000071f200000, 0x000000071f400000|  0%| F|  |TAMS 0x000000071f200000| PB 0x000000071f200000| Untracked |  0
|  230|0x000000071f400000, 0x000000071f400000, 0x000000071f600000|  0%| F|  |TAMS 0x000000071f400000| PB 0x000000071f400000| Untracked |  0
|  231|0x000000071f600000, 0x000000071f600000, 0x000000071f800000|  0%| F|  |TAMS 0x000000071f600000| PB 0x000000071f600000| Untracked |  0
|  232|0x000000071f800000, 0x000000071f800000, 0x000000071fa00000|  0%| F|  |TAMS 0x000000071f800000| PB 0x000000071f800000| Untracked |  0
|  233|0x000000071fa00000, 0x000000071fa00000, 0x000000071fc00000|  0%| F|  |TAMS 0x000000071fa00000| PB 0x000000071fa00000| Untracked |  0
|  234|0x000000071fc00000, 0x000000071fc00000, 0x000000071fe00000|  0%| F|  |TAMS 0x000000071fc00000| PB 0x000000071fc00000| Untracked |  0
|  235|0x000000071fe00000, 0x000000071fe00000, 0x0000000720000000|  0%| F|  |TAMS 0x000000071fe00000| PB 0x000000071fe00000| Untracked |  0
|  236|0x0000000720000000, 0x0000000720000000, 0x0000000720200000|  0%| F|  |TAMS 0x0000000720000000| PB 0x0000000720000000| Untracked |  0
|  237|0x0000000720200000, 0x0000000720200000, 0x0000000720400000|  0%| F|  |TAMS 0x0000000720200000| PB 0x0000000720200000| Untracked |  0
|  238|0x0000000720400000, 0x0000000720400000, 0x0000000720600000|  0%| F|  |TAMS 0x0000000720400000| PB 0x0000000720400000| Untracked |  0
|  239|0x0000000720600000, 0x0000000720600000, 0x0000000720800000|  0%| F|  |TAMS 0x0000000720600000| PB 0x0000000720600000| Untracked |  0
|  240|0x0000000720800000, 0x0000000720800000, 0x0000000720a00000|  0%| F|  |TAMS 0x0000000720800000| PB 0x0000000720800000| Untracked |  0
|  241|0x0000000720a00000, 0x0000000720a00000, 0x0000000720c00000|  0%| F|  |TAMS 0x0000000720a00000| PB 0x0000000720a00000| Untracked |  0
|  242|0x0000000720c00000, 0x0000000720c00000, 0x0000000720e00000|  0%| F|  |TAMS 0x0000000720c00000| PB 0x0000000720c00000| Untracked |  0
|  243|0x0000000720e00000, 0x0000000720e00000, 0x0000000721000000|  0%| F|  |TAMS 0x0000000720e00000| PB 0x0000000720e00000| Untracked |  0
|  244|0x0000000721000000, 0x0000000721000000, 0x0000000721200000|  0%| F|  |TAMS 0x0000000721000000| PB 0x0000000721000000| Untracked |  0
|  245|0x0000000721200000, 0x0000000721200000, 0x0000000721400000|  0%| F|  |TAMS 0x0000000721200000| PB 0x0000000721200000| Untracked |  0
|  246|0x0000000721400000, 0x0000000721400000, 0x0000000721600000|  0%| F|  |TAMS 0x0000000721400000| PB 0x0000000721400000| Untracked |  0
|  247|0x0000000721600000, 0x0000000721600000, 0x0000000721800000|  0%| F|  |TAMS 0x0000000721600000| PB 0x0000000721600000| Untracked |  0
|  248|0x0000000721800000, 0x0000000721800000, 0x0000000721a00000|  0%| F|  |TAMS 0x0000000721800000| PB 0x0000000721800000| Untracked |  0
| 2025|0x00000007ffa00000, 0x00000007ffa00000, 0x00000007ffc00000|  0%| F|  |TAMS 0x00000007ffa00000| PB 0x00000007ffa00000| Untracked |  0
| 2026|0x00000007ffc00000, 0x00000007ffe00000, 0x00000007ffe00000|100%| O|  |TAMS 0x00000007ffc00000| PB 0x00000007ffc00000| Untracked |  0
| 2027|0x00000007ffe00000, 0x00000007fff28d80, 0x0000000800000000| 57%| O|  |TAMS 0x00000007ffe00000| PB 0x00000007ffe00000| Untracked |  0

Card table byte_map: [0x000001bff3f20000,0x000001bff4710000] _byte_map_base: 0x000001bff070c000
Refinement table byte_map: [0x000001bff4710000,0x000001bff4f00000] _byte_map_base: 0x000001bff0efc000

Marking Bits: (CMBitMap*) 0x000001bfdb78f4d0
 Bits: [0x000001bff4f00000, 0x000001bff8e60000)

Polling page: 0x000001bfd9710000

Metaspace:
Metaspace        used 7512K, committed 7744K, reserved 1114112K
 class space     used 1047K, committed 1152K, reserved 1048576K

Usage:
  Non-class:      6.31 MB used.
      Class:      1.02 MB used.
       Both:      7.34 MB used.

Virtual space:
  Non-class space:       64.00 MB reserved,       6.44 MB ( 10%) committed,  1 nodes.
      Class space:        1.00 GB reserved,       1.12 MB ( <1%) committed,  1 nodes.
             Both:        1.06 GB reserved,       7.56 MB ( <1%) committed. 

Chunk freelists:
   Non-Class:  9.45 MB
       Class:  14.83 MB
        Both:  24.28 MB

MaxMetaspaceSize: unlimited
CompressedClassSpaceSize: 1.00 GB
Initial GC threshold: 21.00 MB
Current GC threshold: 21.00 MB
CDS: on
 - commit_granule_bytes: 65536.
 - commit_granule_words: 8192.
 - virtual_space_node_default_size: 8388608.
 - enlarge_chunks_in_place: 1.
UseCompressedClassPointers 1, UseCompactObjectHeaders 0
Narrow klass pointer bits 32, Max shift 3
Narrow klass base: 0x0000000037000000, Narrow klass shift: 0
Encoding Range: [0x0000000037000000 - 0x0000000137000000), (4294967296 bytes)
Klass Range:    [0x0000000037000000 - 0x0000000078000000), (1090519040 bytes)
Klass ID Range:  [8 - 1090519033) (1090519025)
Protection zone: [0x0000000037000000 - 0x0000000037010000), (65536 bytes)


Internal statistics:

num_allocs_failed_limit: 0.
num_arena_births: 224.
num_arena_deaths: 0.
num_vsnodes_births: 2.
num_vsnodes_deaths: 0.
num_space_committed: 121.
num_space_uncommitted: 0.
num_chunks_returned_to_freelist: 0.
num_chunks_taken_from_freelist: 441.
num_chunk_merges: 0.
num_chunk_splits: 258.
num_chunks_enlarged: 153.
num_inconsistent_stats: 0.

CodeHeap 'non-profiled nmethods': size=120064Kb used=1784Kb max_used=1784Kb free=118279Kb
 bounds [0x000001bfebec0000, 0x000001bfec130000, 0x000001bff3400000]
CodeHeap 'profiled nmethods': size=120064Kb used=4421Kb max_used=4421Kb free=115643Kb
 bounds [0x000001bfe43e0000, 0x000001bfe4840000, 0x000001bfeb920000]
CodeHeap 'non-nmethods': size=5760Kb used=1368Kb max_used=1473Kb free=4391Kb
 bounds [0x000001bfeb920000, 0x000001bfebb90000, 0x000001bfebec0000]
CodeCache: size=245888Kb, used=7573Kb, max_used=7678Kb, free=238313Kb
 total_blobs=3551, nmethods=3069, adapters=386, full_count=0
Compilation: enabled, stopped_count=0, restarted_count=0

Compilation events (20 events):
Event: 4.094 Thread 0x000001bffb861e10 3061       4       java.util.Iterator::forEachRemaining (30 bytes)
Event: 4.098 Thread 0x000001bffb861e10 nmethod 3061 0x000001bfec07c608 code [0x000001bfec07c700, 0x000001bfec07cca8]
Event: 4.104 Thread 0x000001bffb861e10 3062       4       java.util.List::of (64 bytes)
Event: 4.109 Thread 0x000001bffb861e10 nmethod 3062 0x000001bfec07cd08 code [0x000001bfec07ce00, 0x000001bfec07d578]
Event: 4.139 Thread 0x000001bffb861e10 3063       4       jdk.internal.classfile.impl.AbstractAttributeMapper$MethodParametersMapper::readAttribute (8 bytes)
Event: 4.140 Thread 0x000001bffb861e10 nmethod 3063 0x000001bfec07d588 code [0x000001bfec07d680, 0x000001bfec07d7e0]
Event: 4.142 Thread 0x000001bffb869b90 3064       3       jdk.internal.classfile.impl.AbstractAttributeMapper$RecordMapper::readAttribute (8 bytes)
Event: 4.142 Thread 0x000001bffb869b90 nmethod 3064 0x000001bfe482e008 code [0x000001bfe482e100, 0x000001bfe482e2b0]
Event: 4.142 Thread 0x000001bffb869b90 3065       3       jdk.internal.classfile.impl.AbstractAttributeMapper$RecordMapper::readAttribute (11 bytes)
Event: 4.142 Thread 0x000001bffb869b90 nmethod 3065 0x000001bfe482e308 code [0x000001bfe482e400, 0x000001bfe482e860]
Event: 4.145 Thread 0x000001bffb869b90 3066 %     3       jdk.internal.classfile.impl.AbstractInstruction$BoundTableSwitchInstruction::cases @ 41 (99 bytes)
Event: 4.145 Thread 0x000001bffb869b90 nmethod 3066% 0x000001bfe482e888 code [0x000001bfe482e980, 0x000001bfe482f9d0]
Event: 4.145 Thread 0x000001bffb869b90 3067       3       jdk.internal.classfile.impl.DirectCodeBuilder::writeTableSwitch (178 bytes)
Event: 4.146 Thread 0x000001bffb869b90 nmethod 3067 0x000001bfe482fa08 code [0x000001bfe482fb20, 0x000001bfe4831388]
Event: 4.179 Thread 0x000001bffb861e10 3068       4       jdk.internal.classfile.impl.AbstractAttributeMapper$RuntimeVisibleAnnotationsMapper::readAttribute (8 bytes)
Event: 4.180 Thread 0x000001bffb861e10 nmethod 3068 0x000001bfec07d888 code [0x000001bfec07d980, 0x000001bfec07dac8]
Event: 4.196 Thread 0x000001bffb861e10 3069       4       java.util.Collections$UnmodifiableCollection::size (10 bytes)
Event: 4.197 Thread 0x000001bffb861e10 nmethod 3069 0x000001bfec07db88 code [0x000001bfec07dc80, 0x000001bfec07dd18]
Event: 4.199 Thread 0x000001bffb861e10 3070       4       jdk.internal.classfile.impl.DirectCodeBuilder$5::compare (13 bytes)
Event: 4.200 Thread 0x000001bffb861e10 nmethod 3070 0x000001bfec07de88 code [0x000001bfec07df80, 0x000001bfec07e0c8]

GC Heap Usage History (20 events):
Event: 2.655 {heap After GC invocations=16 (full 0):
 garbage-first heap   total reserved 4153344K, committed 57344K, used 29182K [0x0000000702800000, 0x0000000800000000)
  region size 2M, 0 eden (0M), 1 survivor (2M), 15 old (30M), 0 humongous (0M), 12 free (24M)
}
Event: 2.707 {heap Before GC invocations=17 (full 0):
 garbage-first heap   total reserved 4153344K, committed 57344K, used 37374K [0x0000000702800000, 0x0000000800000000)
  region size 2M, 5 eden (10M), 1 survivor (2M), 15 old (30M), 0 humongous (0M), 7 free (14M)
}
Event: 2.708 {heap After GC invocations=18 (full 0):
 garbage-first heap   total reserved 4153344K, committed 57344K, used 29387K [0x0000000702800000, 0x0000000800000000)
  region size 2M, 0 eden (0M), 1 survivor (2M), 15 old (30M), 0 humongous (0M), 12 free (24M)
}
Event: 2.742 {heap Before GC invocations=18 (full 0):
 garbage-first heap   total reserved 4153344K, committed 57344K, used 39627K [0x0000000702800000, 0x0000000800000000)
  region size 2M, 6 eden (12M), 1 survivor (2M), 15 old (30M), 0 humongous (0M), 6 free (12M)
}
Event: 2.744 {heap After GC invocations=19 (full 0):
 garbage-first heap   total reserved 4153344K, committed 172032K, used 28867K [0x0000000702800000, 0x0000000800000000)
  region size 2M, 0 eden (0M), 1 survivor (2M), 14 old (28M), 0 humongous (0M), 69 free (138M)
}
Event: 2.902 {heap Before GC invocations=19 (full 0):
 garbage-first heap   total reserved 4153344K, committed 172032K, used 98499K [0x0000000702800000, 0x0000000800000000)
  region size 2M, 35 eden (70M), 1 survivor (2M), 14 old (28M), 0 humongous (0M), 34 free (68M)
}
Event: 2.905 {heap After GC invocations=20 (full 0):
 garbage-first heap   total reserved 4153344K, committed 172032K, used 32255K [0x0000000702800000, 0x0000000800000000)
  region size 2M, 0 eden (0M), 3 survivor (6M), 14 old (28M), 0 humongous (0M), 67 free (134M)
}
Event: 3.053 {heap Before GC invocations=20 (full 0):
 garbage-first heap   total reserved 4153344K, committed 172032K, used 128511K [0x0000000702800000, 0x0000000800000000)
  region size 2M, 47 eden (94M), 3 survivor (6M), 14 old (28M), 0 humongous (0M), 20 free (40M)
}
Event: 3.057 {heap After GC invocations=21 (full 0):
 garbage-first heap   total reserved 4153344K, committed 172032K, used 36555K [0x0000000702800000, 0x0000000800000000)
  region size 2M, 0 eden (0M), 5 survivor (10M), 14 old (28M), 0 humongous (0M), 65 free (130M)
}
Event: 3.170 {heap Before GC invocations=21 (full 0):
 garbage-first heap   total reserved 4153344K, committed 172032K, used 128715K [0x0000000702800000, 0x0000000800000000)
  region size 2M, 45 eden (90M), 5 survivor (10M), 14 old (28M), 0 humongous (0M), 20 free (40M)
}
Event: 3.172 {heap After GC invocations=22 (full 0):
 garbage-first heap   total reserved 4153344K, committed 172032K, used 41045K [0x0000000702800000, 0x0000000800000000)
  region size 2M, 0 eden (0M), 6 survivor (12M), 15 old (30M), 0 humongous (0M), 63 free (126M)
}
Event: 3.249 {heap Before GC invocations=22 (full 0):
 garbage-first heap   total reserved 4153344K, committed 172032K, used 131157K [0x0000000702800000, 0x0000000800000000)
  region size 2M, 44 eden (88M), 6 survivor (12M), 15 old (30M), 0 humongous (0M), 19 free (38M)
}
Event: 3.254 {heap After GC invocations=23 (full 0):
 garbage-first heap   total reserved 4153344K, committed 516096K, used 44681K [0x0000000702800000, 0x0000000800000000)
  region size 2M, 0 eden (0M), 5 survivor (10M), 18 old (36M), 0 humongous (0M), 229 free (458M)
}
Event: 3.594 {heap Before GC invocations=23 (full 0):
 garbage-first heap   total reserved 4153344K, committed 516096K, used 343689K [0x0000000702800000, 0x0000000800000000)
  region size 2M, 146 eden (292M), 5 survivor (10M), 18 old (36M), 0 humongous (0M), 83 free (166M)
}
Event: 3.601 {heap After GC invocations=24 (full 0):
 garbage-first heap   total reserved 4153344K, committed 516096K, used 59213K [0x0000000702800000, 0x0000000800000000)
  region size 2M, 0 eden (0M), 12 survivor (24M), 18 old (36M), 0 humongous (0M), 222 free (444M)
}
Event: 3.808 {heap Before GC invocations=24 (full 0):
 garbage-first heap   total reserved 4153344K, committed 516096K, used 343885K [0x0000000702800000, 0x0000000800000000)
  region size 2M, 139 eden (278M), 12 survivor (24M), 18 old (36M), 0 humongous (0M), 83 free (166M)
}
Event: 3.815 {heap After GC invocations=25 (full 0):
 garbage-first heap   total reserved 4153344K, committed 516096K, used 73639K [0x0000000702800000, 0x0000000800000000)
  region size 2M, 0 eden (0M), 17 survivor (34M), 20 old (40M), 0 humongous (0M), 215 free (430M)
}
Event: 4.011 {heap Before GC invocations=25 (full 0):
 garbage-first heap   total reserved 4153344K, committed 516096K, used 348071K [0x0000000702800000, 0x0000000800000000)
  region size 2M, 134 eden (268M), 17 survivor (34M), 20 old (40M), 0 humongous (0M), 81 free (162M)
}
Event: 4.017 {heap After GC invocations=26 (full 0):
 garbage-first heap   total reserved 4153344K, committed 516096K, used 87337K [0x0000000702800000, 0x0000000800000000)
  region size 2M, 0 eden (0M), 14 survivor (28M), 30 old (60M), 0 humongous (0M), 208 free (416M)
}
Event: 4.210 {heap Before GC invocations=26 (full 0):
 garbage-first heap   total reserved 4153344K, committed 516096K, used 367913K [0x0000000702800000, 0x0000000800000000)
  region size 2M, 137 eden (274M), 14 survivor (28M), 30 old (60M), 0 humongous (0M), 71 free (142M)
}

Metaspace Usage History (20 events):
Event: 2.655 {metaspace After GC invocations=16 (full 0):
 Metaspace       used 7455K, committed 7680K, reserved 1114112K
  class space    used 1040K, committed 1152K, reserved 1048576K
}
Event: 2.707 {metaspace Before GC invocations=17 (full 0):
 Metaspace       used 7465K, committed 7680K, reserved 1114112K
  class space    used 1042K, committed 1152K, reserved 1048576K
}
Event: 2.708 {metaspace After GC invocations=18 (full 0):
 Metaspace       used 7465K, committed 7680K, reserved 1114112K
  class space    used 1042K, committed 1152K, reserved 1048576K
}
Event: 2.742 {metaspace Before GC invocations=18 (full 0):
 Metaspace       used 7469K, committed 7744K, reserved 1114112K
  class space    used 1043K, committed 1152K, reserved 1048576K
}
Event: 2.744 {metaspace After GC invocations=19 (full 0):
 Metaspace       used 7469K, committed 7744K, reserved 1114112K
  class space    used 1043K, committed 1152K, reserved 1048576K
}
Event: 2.902 {metaspace Before GC invocations=19 (full 0):
 Metaspace       used 7500K, committed 7744K, reserved 1114112K
  class space    used 1047K, committed 1152K, reserved 1048576K
}
Event: 2.905 {metaspace After GC invocations=20 (full 0):
 Metaspace       used 7500K, committed 7744K, reserved 1114112K
  class space    used 1047K, committed 1152K, reserved 1048576K
}
Event: 3.053 {metaspace Before GC invocations=20 (full 0):
 Metaspace       used 7506K, committed 7744K, reserved 1114112K
  class space    used 1047K, committed 1152K, reserved 1048576K
}
Event: 3.057 {metaspace After GC invocations=21 (full 0):
 Metaspace       used 7506K, committed 7744K, reserved 1114112K
  class space    used 1047K, committed 1152K, reserved 1048576K
}
Event: 3.170 {metaspace Before GC invocations=21 (full 0):
 Metaspace       used 7508K, committed 7744K, reserved 1114112K
  class space    used 1047K, committed 1152K, reserved 1048576K
}
Event: 3.172 {metaspace After GC invocations=22 (full 0):
 Metaspace       used 7508K, committed 7744K, reserved 1114112K
  class space    used 1047K, committed 1152K, reserved 1048576K
}
Event: 3.249 {metaspace Before GC invocations=22 (full 0):
 Metaspace       used 7509K, committed 7744K, reserved 1114112K
  class space    used 1047K, committed 1152K, reserved 1048576K
}
Event: 3.254 {metaspace After GC invocations=23 (full 0):
 Metaspace       used 7509K, committed 7744K, reserved 1114112K
  class space    used 1047K, committed 1152K, reserved 1048576K
}
Event: 3.594 {metaspace Before GC invocations=23 (full 0):
 Metaspace       used 7511K, committed 7744K, reserved 1114112K
  class space    used 1047K, committed 1152K, reserved 1048576K
}
Event: 3.601 {metaspace After GC invocations=24 (full 0):
 Metaspace       used 7511K, committed 7744K, reserved 1114112K
  class space    used 1047K, committed 1152K, reserved 1048576K
}
Event: 3.808 {metaspace Before GC invocations=24 (full 0):
 Metaspace       used 7511K, committed 7744K, reserved 1114112K
  class space    used 1047K, committed 1152K, reserved 1048576K
}
Event: 3.815 {metaspace After GC invocations=25 (full 0):
 Metaspace       used 7511K, committed 7744K, reserved 1114112K
  class space    used 1047K, committed 1152K, reserved 1048576K
}
Event: 4.011 {metaspace Before GC invocations=25 (full 0):
 Metaspace       used 7511K, committed 7744K, reserved 1114112K
  class space    used 1047K, committed 1152K, reserved 1048576K
}
Event: 4.017 {metaspace After GC invocations=26 (full 0):
 Metaspace       used 7511K, committed 7744K, reserved 1114112K
  class space    used 1047K, committed 1152K, reserved 1048576K
}
Event: 4.210 {metaspace Before GC invocations=26 (full 0):
 Metaspace       used 7512K, committed 7744K, reserved 1114112K
  class space    used 1047K, committed 1152K, reserved 1048576K
}

Dll operation events (10 events):
Event: 0.007 Attempting to load shared library C:\Program Files\Java\jdk-26.0.1\bin\java.dll
Event: 0.008 Loaded shared library C:\Program Files\Java\jdk-26.0.1\bin\java.dll
Event: 0.050 Attempting to load shared library C:\Program Files\Java\jdk-26.0.1\bin\jimage.dll
Event: 0.050 Loaded shared library C:\Program Files\Java\jdk-26.0.1\bin\jimage.dll
Event: 0.051 Attempting to load shared library C:\Program Files\Java\jdk-26.0.1\bin\net.dll
Event: 0.052 Loaded shared library C:\Program Files\Java\jdk-26.0.1\bin\net.dll
Event: 0.053 Attempting to load shared library C:\Program Files\Java\jdk-26.0.1\bin\nio.dll
Event: 0.053 Loaded shared library C:\Program Files\Java\jdk-26.0.1\bin\nio.dll
Event: 0.502 Attempting to load shared library C:\Program Files\Java\jdk-26.0.1\bin\zip.dll
Event: 0.502 Loaded shared library C:\Program Files\Java\jdk-26.0.1\bin\zip.dll

Deoptimization events (20 events):
Event: 3.153 Thread 0x000001bfd93521e0 Uncommon trap: trap_request=0xffffffd6 fr.pc=0x000001bfec04514c relative=0x000000000000034c
Event: 3.153 Thread 0x000001bfd93521e0 Uncommon trap: reason=array_check action=maybe_recompile pc=0x000001bfec04514c method=jdk.internal.classfile.impl.DirectClassBuilder.withField(Ljdk/internal/classfile/impl/Util$Writable;)Ljava/lang/classfile/ClassBuilder; @ 51 c2
Event: 3.153 Thread 0x000001bfd93521e0 DEOPT PACKING pc=0x000001bfec04514c sp=0x000000ab310fd740
Event: 3.153 Thread 0x000001bfd93521e0 DEOPT UNPACKING pc=0x000001bfeba45082 sp=0x000000ab310fd708 mode 2
Event: 3.230 Thread 0x000001bfd93521e0 DEOPT PACKING pc=0x000001bfe454baaa sp=0x000000ab310fdab0
Event: 3.230 Thread 0x000001bfd93521e0 DEOPT UNPACKING pc=0x000001bfeb971a02 sp=0x000000ab310fcff0 mode 0
Event: 3.279 Thread 0x000001bfd93521e0 DEOPT PACKING pc=0x000001bfe454baaa sp=0x000000ab310fdab0
Event: 3.279 Thread 0x000001bfd93521e0 DEOPT UNPACKING pc=0x000001bfeb971a02 sp=0x000000ab310fcff0 mode 0
Event: 3.446 Thread 0x000001bfd93521e0 Uncommon trap: trap_request=0xffffff45 fr.pc=0x000001bfec06a9e0 relative=0x0000000000001660
Event: 3.446 Thread 0x000001bfd93521e0 Uncommon trap: reason=unstable_if action=reinterpret pc=0x000001bfec06a9e0 method=jdk.tools.jlink.internal.plugins.StripJavaDebugAttributesPlugin.lambda$transform$0(Ljdk/tools/jlink/plugin/ResourcePoolEntry;)Ljdk/tools/jlink/plugin/ResourcePoolEntry; @ 14
Event: 3.446 Thread 0x000001bfd93521e0 DEOPT PACKING pc=0x000001bfec06a9e0 sp=0x000000ab310fde20
Event: 3.446 Thread 0x000001bfd93521e0 DEOPT UNPACKING pc=0x000001bfeba45082 sp=0x000000ab310fdda8 mode 2
Event: 3.446 Thread 0x000001bfd93521e0 Uncommon trap: trap_request=0xffffff45 fr.pc=0x000001bfec06d7bc relative=0x000000000000163c
Event: 3.446 Thread 0x000001bfd93521e0 Uncommon trap: reason=unstable_if action=reinterpret pc=0x000001bfec06d7bc method=jdk.tools.jlink.internal.plugins.StripJavaDebugAttributesPlugin.lambda$transform$0(Ljdk/tools/jlink/plugin/ResourcePoolEntry;)Ljdk/tools/jlink/plugin/ResourcePoolEntry; @ 14
Event: 3.446 Thread 0x000001bfd93521e0 DEOPT PACKING pc=0x000001bfec06d7bc sp=0x000000ab310fdda0
Event: 3.446 Thread 0x000001bfd93521e0 DEOPT UNPACKING pc=0x000001bfeba45082 sp=0x000000ab310fdda0 mode 2
Event: 4.094 Thread 0x000001bfd93521e0 DEOPT PACKING pc=0x000001bfe474e361 sp=0x000000ab310fdf00
Event: 4.094 Thread 0x000001bfd93521e0 DEOPT UNPACKING pc=0x000001bfeb971a02 sp=0x000000ab310fd3c8 mode 0
Event: 4.145 Thread 0x000001bfd93521e0 DEOPT PACKING pc=0x000001bfe481fe79 sp=0x000000ab310fd7d0
Event: 4.145 Thread 0x000001bfd93521e0 DEOPT UNPACKING pc=0x000001bfeb971a02 sp=0x000000ab310fccc0 mode 0

Classes loaded (20 events):
Event: 2.735 Loading class jdk/internal/classfile/impl/AbstractAttributeMapper$RuntimeInvisibleAnnotationsMapper
Event: 2.736 Loading class jdk/internal/classfile/impl/AbstractAttributeMapper$RuntimeInvisibleAnnotationsMapper done
Event: 2.736 Loading class jdk/internal/classfile/impl/BoundAttribute$BoundRuntimeInvisibleAnnotationsAttribute
Event: 2.736 Loading class java/lang/classfile/attribute/RuntimeInvisibleAnnotationsAttribute
Event: 2.736 Loading class java/lang/classfile/attribute/RuntimeInvisibleAnnotationsAttribute done
Event: 2.736 Loading class jdk/internal/classfile/impl/BoundAttribute$BoundRuntimeInvisibleAnnotationsAttribute done
Event: 2.745 Loading class jdk/internal/classfile/impl/AbstractAttributeMapper$AnnotationDefaultMapper
Event: 2.746 Loading class jdk/internal/classfile/impl/AbstractAttributeMapper$AnnotationDefaultMapper done
Event: 2.746 Loading class jdk/internal/classfile/impl/BoundAttribute$BoundAnnotationDefaultAttr
Event: 2.746 Loading class java/lang/classfile/attribute/AnnotationDefaultAttribute
Event: 2.746 Loading class java/lang/classfile/attribute/AnnotationDefaultAttribute done
Event: 2.746 Loading class jdk/internal/classfile/impl/BoundAttribute$BoundAnnotationDefaultAttr done
Event: 2.885 Loading class jdk/internal/classfile/impl/AbstractAttributeMapper$RuntimeVisibleParameterAnnotationsMapper
Event: 2.885 Loading class jdk/internal/classfile/impl/AbstractAttributeMapper$RuntimeVisibleParameterAnnotationsMapper done
Event: 2.885 Loading class jdk/internal/classfile/impl/BoundAttribute$BoundRuntimeVisibleParameterAnnotationsAttribute
Event: 2.885 Loading class java/lang/classfile/attribute/RuntimeVisibleParameterAnnotationsAttribute
Event: 2.885 Loading class java/lang/classfile/attribute/RuntimeVisibleParameterAnnotationsAttribute done
Event: 2.885 Loading class jdk/internal/classfile/impl/BoundAttribute$BoundRuntimeVisibleParameterAnnotationsAttribute done
Event: 2.886 Loading class jdk/internal/classfile/impl/BoundAttribute$BoundRuntimeVisibleTypeAnnotationsAttribute
Event: 2.886 Loading class jdk/internal/classfile/impl/BoundAttribute$BoundRuntimeVisibleTypeAnnotationsAttribute done

Classes unloaded (0 events):
No events

Classes redefined (0 events):
No events

Internal exceptions (20 events):
Event: 1.540 Thread 0x000001bfd93521e0 Exception <a 'sun/nio/fs/WindowsException'{0x0000000703839c68}> (0x0000000703839c68) 
thrown [s\open\src\hotspot\share\prims\jni.cpp, line 514]
Event: 1.547 Thread 0x000001bfd93521e0 Exception <a 'java/lang/IncompatibleClassChangeError'{0x0000000703878508}: Found class java.lang.Object, but interface was expected> (0x0000000703878508) 
thrown [s\open\src\hotspot\share\interpreter\linkResolver.cpp, line 871]
Event: 1.550 Thread 0x000001bfd93521e0 Exception <a 'java/lang/NoSuchMethodError'{0x00000007038b8808}: 'java.lang.Object java.lang.invoke.DirectMethodHandle$Holder.invokeStatic(java.lang.Object, java.lang.Object, java.lang.Object, java.lang.Object, java.lang.Object, java.lang.Object, java.lang.Object, java.lang.Object, java.lang.Object, java.lang.Object)'> (0x00000007038b8808) 
thrown [s\open\src\hotspot\share\interpreter\linkResolver.cpp, line 804]
Event: 1.553 Thread 0x000001bfd93521e0 Exception <a 'sun/nio/fs/WindowsException'{0x00000007038de0e0}> (0x00000007038de0e0) 
thrown [s\open\src\hotspot\share\prims\jni.cpp, line 514]
Event: 1.562 Thread 0x000001bfd93521e0 Exception <a 'java/lang/NoSuchMethodError'{0x0000000703954a38}: 'java.lang.Object java.lang.invoke.DirectMethodHandle$Holder.invokeInterface(java.lang.Object, java.lang.Object, int)'> (0x0000000703954a38) 
thrown [s\open\src\hotspot\share\interpreter\linkResolver.cpp, line 804]
Event: 1.565 Thread 0x000001bfd93521e0 Exception <a 'java/lang/NoSuchMethodError'{0x0000000703988660}: 'void java.lang.invoke.DirectMethodHandle$Holder.invokeStatic(java.lang.Object, java.lang.Object, java.lang.Object, int, java.lang.Object)'> (0x0000000703988660) 
thrown [s\open\src\hotspot\share\interpreter\linkResolver.cpp, line 804]
Event: 1.566 Thread 0x000001bfd93521e0 Exception <a 'java/lang/NoSuchMethodError'{0x0000000703998a28}: 'java.lang.Object java.lang.invoke.DirectMethodHandle$Holder.newInvokeSpecial(java.lang.Object, java.lang.Object, java.lang.Object, int)'> (0x0000000703998a28) 
thrown [s\open\src\hotspot\share\interpreter\linkResolver.cpp, line 804]
Event: 1.566 Thread 0x000001bfd93521e0 Exception <a 'java/lang/NoSuchMethodError'{0x00000007039a1288}: 'java.lang.Object java.lang.invoke.Invokers$Holder.linkToTargetMethod(java.lang.Object, java.lang.Object, int, java.lang.Object)'> (0x00000007039a1288) 
thrown [s\open\src\hotspot\share\interpreter\linkResolver.cpp, line 804]
Event: 1.583 Thread 0x000001bfd93521e0 Exception <a 'java/lang/NoSuchMethodError'{0x00000007039d39e0}: 'void java.lang.invoke.DirectMethodHandle$Holder.invokeStaticInit(java.lang.Object, java.lang.Object, java.lang.Object, java.lang.Object)'> (0x00000007039d39e0) 
thrown [s\open\src\hotspot\share\interpreter\linkResolver.cpp, line 804]
Event: 1.616 Thread 0x000001bfd93521e0 Exception <a 'java/lang/NoSuchMethodError'{0x000000070371d7e8}: 'void java.lang.invoke.DirectMethodHandle$Holder.invokeSpecial(java.lang.Object, java.lang.Object, java.lang.Object, java.lang.Object, java.lang.Object, java.lang.Object)'> (0x000000070371d7e8) 
thrown [s\open\src\hotspot\share\interpreter\linkResolver.cpp, line 804]
Event: 1.619 Thread 0x000001bfd93521e0 Exception <a 'java/lang/NoSuchMethodError'{0x0000000703750f88}: 'void java.lang.invoke.DirectMethodHandle$Holder.invokeSpecial(java.lang.Object, java.lang.Object, java.lang.Object, java.lang.Object, java.lang.Object)'> (0x0000000703750f88) 
thrown [s\open\src\hotspot\share\interpreter\linkResolver.cpp, line 804]
Event: 1.624 Thread 0x000001bfd93521e0 Exception <a 'sun/nio/fs/WindowsException'{0x000000070377b150}> (0x000000070377b150) 
thrown [s\open\src\hotspot\share\prims\jni.cpp, line 514]
Event: 2.403 Thread 0x000001bfd93521e0 Exception <a 'java/lang/NoSuchMethodError'{0x0000000703c52660}: 'java.lang.Object java.lang.invoke.DirectMethodHandle$Holder.invokeStatic(java.lang.Object, java.lang.Object, int, java.lang.Object, java.lang.Object, java.lang.Object)'> (0x0000000703c52660) 
thrown [s\open\src\hotspot\share\interpreter\linkResolver.cpp, line 804]
Event: 2.404 Thread 0x000001bfd93521e0 Exception <a 'java/lang/NoSuchMethodError'{0x0000000703c63440}: 'java.lang.Object java.lang.invoke.DirectMethodHandle$Holder.newInvokeSpecial(java.lang.Object, java.lang.Object, int, java.lang.Object, java.lang.Object)'> (0x0000000703c63440) 
thrown [s\open\src\hotspot\share\interpreter\linkResolver.cpp, line 804]
Event: 2.404 Thread 0x000001bfd93521e0 Exception <a 'java/lang/NoSuchMethodError'{0x0000000703c739c8}: 'java.lang.Object java.lang.invoke.Invokers$Holder.linkToTargetMethod(java.lang.Object, int, java.lang.Object, java.lang.Object, java.lang.Object)'> (0x0000000703c739c8) 
thrown [s\open\src\hotspot\share\interpreter\linkResolver.cpp, line 804]
Event: 2.406 Thread 0x000001bfd93521e0 Exception <a 'sun/nio/fs/WindowsException'{0x0000000703c7f840}> (0x0000000703c7f840) 
thrown [s\open\src\hotspot\share\prims\jni.cpp, line 514]
Event: 2.406 Thread 0x000001bfd93521e0 Exception <a 'sun/nio/fs/WindowsException'{0x0000000703c81aa0}> (0x0000000703c81aa0) 
thrown [s\open\src\hotspot\share\prims\jni.cpp, line 514]
Event: 2.406 Thread 0x000001bfd93521e0 Exception <a 'sun/nio/fs/WindowsException'{0x0000000703c82188}> (0x0000000703c82188) 
thrown [s\open\src\hotspot\share\prims\jni.cpp, line 514]
Event: 2.407 Thread 0x000001bfd93521e0 Exception <a 'sun/nio/fs/WindowsException'{0x0000000703c82858}> (0x0000000703c82858) 
thrown [s\open\src\hotspot\share\prims\jni.cpp, line 514]
Event: 2.528 Thread 0x000001bfd93521e0 Exception <a 'java/lang/NoSuchMethodError'{0x00000007050aea18}: 'void java.lang.invoke.DirectMethodHandle$Holder.invokeStaticInit(java.lang.Object)'> (0x00000007050aea18) 
thrown [s\open\src\hotspot\share\interpreter\linkResolver.cpp, line 804]

VM Operations (20 events):
Event: 2.692 Executing safepoint VM operation: G1PauseCleanup done
Event: 2.707 Executing safepoint VM operation: G1CollectForAllocation (G1 Evacuation Pause)
Event: 2.708 Executing safepoint VM operation: G1CollectForAllocation (G1 Evacuation Pause) done
Event: 2.742 Executing safepoint VM operation: G1CollectForAllocation (G1 Evacuation Pause)
Event: 2.744 Executing safepoint VM operation: G1CollectForAllocation (G1 Evacuation Pause) done
Event: 2.902 Executing safepoint VM operation: G1CollectForAllocation (G1 Evacuation Pause)
Event: 2.905 Executing safepoint VM operation: G1CollectForAllocation (G1 Evacuation Pause) done
Event: 3.053 Executing safepoint VM operation: G1CollectForAllocation (G1 Evacuation Pause)
Event: 3.057 Executing safepoint VM operation: G1CollectForAllocation (G1 Evacuation Pause) done
Event: 3.170 Executing safepoint VM operation: G1CollectForAllocation (G1 Evacuation Pause)
Event: 3.172 Executing safepoint VM operation: G1CollectForAllocation (G1 Evacuation Pause) done
Event: 3.249 Executing safepoint VM operation: G1CollectForAllocation (G1 Evacuation Pause)
Event: 3.254 Executing safepoint VM operation: G1CollectForAllocation (G1 Evacuation Pause) done
Event: 3.594 Executing safepoint VM operation: G1CollectForAllocation (G1 Evacuation Pause)
Event: 3.601 Executing safepoint VM operation: G1CollectForAllocation (G1 Evacuation Pause) done
Event: 3.808 Executing safepoint VM operation: G1CollectForAllocation (G1 Evacuation Pause)
Event: 3.815 Executing safepoint VM operation: G1CollectForAllocation (G1 Evacuation Pause) done
Event: 4.011 Executing safepoint VM operation: G1CollectForAllocation (G1 Evacuation Pause)
Event: 4.017 Executing safepoint VM operation: G1CollectForAllocation (G1 Evacuation Pause) done
Event: 4.210 Executing safepoint VM operation: G1CollectForAllocation (G1 Evacuation Pause)

Memory protections (0 events):
No events

Nmethod flushes (0 events):
No events

Events (19 events):
Event: 0.019 Thread 0x000001bfd93521e0 Thread added: 0x000001bfd93521e0
Event: 0.027 Thread 0x000001bfd93521e0 Thread added: 0x000001bffb826540
Event: 0.027 Thread 0x000001bfd93521e0 Thread added: 0x000001bffb826e40
Event: 0.027 Thread 0x000001bfd93521e0 Thread added: 0x000001bffb829160
Event: 0.027 Thread 0x000001bfd93521e0 Thread added: 0x000001bffb82d100
Event: 0.028 Thread 0x000001bfd93521e0 Thread added: 0x000001bffb82fcc0
Event: 0.028 Thread 0x000001bfd93521e0 Thread added: 0x000001bffb8349c0
Event: 0.028 Thread 0x000001bfd93521e0 Thread added: 0x000001bffb861e10
Event: 0.028 Thread 0x000001bfd93521e0 Thread added: 0x000001bffb869b90
Event: 0.044 Thread 0x000001bfd93521e0 Thread added: 0x000001bf840bf2a0
Event: 0.051 Thread 0x000001bfd93521e0 Thread added: 0x000001bf840c8970
Event: 0.493 Thread 0x000001bffb869b90 Thread added: 0x000001bf84bd5930
Event: 0.495 Thread 0x000001bffb869b90 Thread added: 0x000001bf84ae13b0
Event: 2.057 Thread 0x000001bf84ae13b0 Thread exited: 0x000001bf84ae13b0
Event: 2.058 Thread 0x000001bf84bd5930 Thread exited: 0x000001bf84bd5930
Event: 2.423 Thread 0x000001bffb869b90 Thread added: 0x000001bf88571070
Event: 2.478 Thread 0x000001bf88571070 Thread added: 0x000001bf84c26a10
Event: 3.649 Thread 0x000001bf84c26a10 Thread exited: 0x000001bf84c26a10
Event: 4.020 Thread 0x000001bf88571070 Thread exited: 0x000001bf88571070


Dynamic libraries:
0x00007ff6f98e0000 - 0x00007ff6f98e8000 	C:\Program Files\Java\jdk-26.0.1\bin\jpackage.exe
0x00007ff8b3880000 - 0x00007ff8b3ae6000 	C:\Windows\SYSTEM32\ntdll.dll
0x00007ff8b15f0000 - 0x00007ff8b16b9000 	C:\Windows\System32\KERNEL32.DLL
0x00007ff8b1080000 - 0x00007ff8b147a000 	C:\Windows\System32\KERNELBASE.dll
0x00007ff8b0ba0000 - 0x00007ff8b0cec000 	C:\Windows\System32\ucrtbase.dll
0x00007ff89e180000 - 0x00007ff89e19e000 	C:\Program Files\Java\jdk-26.0.1\bin\VCRUNTIME140.dll
0x00007ff89e090000 - 0x00007ff89e0a7000 	C:\Program Files\Java\jdk-26.0.1\bin\jli.dll
0x00007ff8b16c0000 - 0x00007ff8b1887000 	C:\Windows\System32\USER32.dll
0x00007ff898ea0000 - 0x00007ff899132000 	C:\Windows\WinSxS\amd64_microsoft.windows.common-controls_6595b64144ccf1df_6.0.26100.8521_none_3e08b75ce33403b3\COMCTL32.dll
0x00007ff8b20d0000 - 0x00007ff8b2179000 	C:\Windows\System32\msvcrt.dll
0x00007ff8b1050000 - 0x00007ff8b1077000 	C:\Windows\System32\win32u.dll
0x00007ff8b3230000 - 0x00007ff8b325b000 	C:\Windows\System32\GDI32.dll
0x00007ff8b0cf0000 - 0x00007ff8b0e1b000 	C:\Windows\System32\gdi32full.dll
0x00007ff8b1540000 - 0x00007ff8b15e3000 	C:\Windows\System32\msvcp_win.dll
0x00007ff8b2190000 - 0x00007ff8b21c2000 	C:\Windows\System32\IMM32.DLL
0x00007ff89fe50000 - 0x00007ff89fe5c000 	C:\Program Files\Java\jdk-26.0.1\bin\vcruntime140_1.dll
0x00007ff84b780000 - 0x00007ff84b80d000 	C:\Program Files\Java\jdk-26.0.1\bin\msvcp140.dll
0x00007ff80f0d0000 - 0x00007ff80ff9e000 	C:\Program Files\Java\jdk-26.0.1\bin\server\jvm.dll
0x00007ff8b2a70000 - 0x00007ff8b2b26000 	C:\Windows\System32\ADVAPI32.dll
0x00007ff8b1a40000 - 0x00007ff8b1aea000 	C:\Windows\System32\sechost.dll
0x00007ff8b1af0000 - 0x00007ff8b1c08000 	C:\Windows\System32\RPCRT4.dll
0x00007ff8b1c70000 - 0x00007ff8b1cf0000 	C:\Windows\System32\WS2_32.dll
0x00007ff8b0970000 - 0x00007ff8b09ce000 	C:\Windows\SYSTEM32\POWRPROF.dll
0x00007ff89db30000 - 0x00007ff89db66000 	C:\Windows\SYSTEM32\WINMM.dll
0x00007ff8a7430000 - 0x00007ff8a743b000 	C:\Windows\SYSTEM32\VERSION.dll
0x00007ff8b0950000 - 0x00007ff8b0964000 	C:\Windows\SYSTEM32\UMPDC.dll
0x00007ff8af870000 - 0x00007ff8af88b000 	C:\Windows\SYSTEM32\kernel.appcore.dll
0x00007ff89fe20000 - 0x00007ff89fe2a000 	C:\Program Files\Java\jdk-26.0.1\bin\jimage.dll
0x00007ff8ae370000 - 0x00007ff8ae5b2000 	C:\Windows\SYSTEM32\DBGHELP.DLL
0x00007ff8b2ea0000 - 0x00007ff8b3223000 	C:\Windows\System32\combase.dll
0x00007ff8b1ee0000 - 0x00007ff8b1fb9000 	C:\Windows\System32\OLEAUT32.dll
0x00007ff894770000 - 0x00007ff8947ab000 	C:\Windows\SYSTEM32\dbgcore.DLL
0x00007ff8b0fa0000 - 0x00007ff8b1048000 	C:\Windows\System32\bcryptPrimitives.dll
0x00007ff89cfb0000 - 0x00007ff89cfcf000 	C:\Program Files\Java\jdk-26.0.1\bin\java.dll
0x00007ff8b2cb0000 - 0x00007ff8b2e48000 	C:\Windows\System32\ole32.dll
0x00007ff8b21d0000 - 0x00007ff8b2954000 	C:\Windows\System32\SHELL32.dll
0x00007ff8ae6b0000 - 0x00007ff8aef30000 	C:\Windows\SYSTEM32\windows.storage.dll
0x00007ff8b2b30000 - 0x00007ff8b2c26000 	C:\Windows\System32\SHCORE.dll
0x00007ff8b2c40000 - 0x00007ff8b2ca7000 	C:\Windows\System32\shlwapi.dll
0x00007ff8b0a30000 - 0x00007ff8b0a59000 	C:\Windows\SYSTEM32\profapi.dll
0x00007ff89cf90000 - 0x00007ff89cfa2000 	C:\Program Files\Java\jdk-26.0.1\bin\net.dll
0x00007ff8afe10000 - 0x00007ff8afe7c000 	C:\Windows\system32\mswsock.dll
0x00007ff89c7c0000 - 0x00007ff89c7d6000 	C:\Program Files\Java\jdk-26.0.1\bin\nio.dll
0x00007ff8b00f0000 - 0x00007ff8b010b000 	C:\Windows\SYSTEM32\CRYPTSP.dll
0x00007ff8af7d0000 - 0x00007ff8af809000 	C:\Windows\system32\rsaenh.dll
0x00007ff8afec0000 - 0x00007ff8afef3000 	C:\Windows\SYSTEM32\USERENV.dll
0x00007ff8b0a00000 - 0x00007ff8b0a2a000 	C:\Windows\SYSTEM32\bcrypt.dll
0x00007ff8b0110000 - 0x00007ff8b011c000 	C:\Windows\SYSTEM32\CRYPTBASE.dll
0x00007ff8af240000 - 0x00007ff8af273000 	C:\Windows\SYSTEM32\IPHLPAPI.DLL
0x00007ff8b2180000 - 0x00007ff8b218a000 	C:\Windows\System32\NSI.dll
0x00007ff89b220000 - 0x00007ff89b237000 	C:\Program Files\Java\jdk-26.0.1\bin\zip.dll

JVMTI agents: none

dbghelp: loaded successfully - version: 4.0.5 - missing functions: none
symbol engine: initialized successfully - sym options: 0x614 - pdb path: .;C:\Program Files\Java\jdk-26.0.1\bin;C:\Windows\SYSTEM32;C:\Windows\WinSxS\amd64_microsoft.windows.common-controls_6595b64144ccf1df_6.0.26100.8521_none_3e08b75ce33403b3;C:\Program Files\Java\jdk-26.0.1\bin\server

VM Arguments:
jvm_args: -Denv.class.path=D:\tryp2p\\gradle\wrapper\gradle-wrapper.jar -Dapplication.home=C:\Program Files\Java\jdk-26.0.1 -Xms8m -Djdk.module.main=jdk.jpackage 
java_command: jdk.jpackage/jdk.jpackage.main.Main --type app-image --input D:\tryp2p\p2p-app\build\libs --main-jar p2p-1.0.0-SNAPSHOT.jar --main-class com.p2p.app.P2PApplication --name P2PTransfer --dest D:\tryp2p\p2p-app\build\dist-jpackage --vendor P2P Team --app-version 1.0.0 --win-console --java-options --enable-native-access=ALL-UNNAMED --icon D:\tryp2p\p2p-app\build\icon.ico
java_class_path (initial): <not set>
Launcher Type: SUN_STANDARD

[Global flags]
     bool AOTAdapterCaching                        = false                                  {diagnostic} {ergonomic}
     bool AOTInvokeDynamicLinking                  = false                                  {diagnostic} {ergonomic}
     bool AOTRecordTraining                        = false                                  {diagnostic} {ergonomic}
     bool AOTReplayTraining                        = false                                  {diagnostic} {ergonomic}
     bool AOTStubCaching                           = false                                  {diagnostic} {ergonomic}
     intx CICompilerCount                          = 4                                         {product} {ergonomic}
     uint ConcGCThreads                            = 2                                         {product} {ergonomic}
     uint G1ConcRefinementThreads                  = 8                                         {product} {ergonomic}
     uint G1EagerReclaimRemSetThreshold            = 16                                   {experimental} {ergonomic}
   size_t G1HeapRegionSize                         = 2097152                                   {product} {ergonomic}
     uint G1RemSetArrayOfCardsEntries              = 16                                   {experimental} {ergonomic}
     uint G1RemSetHowlMaxNumBuckets                = 8                                    {experimental} {ergonomic}
     uint G1RemSetHowlNumBuckets                   = 8                                    {experimental} {ergonomic}
   size_t InitialHeapSize                          = 8388608                                   {product} {command line}
     bool IntelJccErratumMitigation                = true                              {ARCH diagnostic} {ergonomic}
   size_t MarkStackSize                            = 4194304                                   {product} {ergonomic}
   size_t MarkStackSizeMax                         = 536870912                                 {product} {ergonomic}
   size_t MaxHeapSize                              = 4253024256                                {product} {ergonomic}
   size_t MaxNewSize                               = 2550136832                                {product} {ergonomic}
 uint64_t MaxRAM                                   = 17008955392                               {product} {ergonomic}
   size_t MinHeapDeltaBytes                        = 2097152                                   {product} {ergonomic}
   size_t MinHeapSize                              = 8388608                                   {product} {command line}
   size_t NonNMethodCodeHeapSize                   = 5898240                                {pd product} {ergonomic}
   size_t NonProfiledCodeHeapSize                  = 122945536                              {pd product} {ergonomic}
   size_t ProfiledCodeHeapSize                     = 122945536                              {pd product} {ergonomic}
   size_t ReservedCodeCacheSize                    = 251789312                              {pd product} {ergonomic}
     bool SegmentedCodeCache                       = true                                      {product} {ergonomic}
   size_t SoftMaxHeapSize                          = 4253024256                             {manageable} {ergonomic}
     bool UseCompressedOops                        = true                           {product lp64_product} {ergonomic}
     bool UseCondCardMark                          = true                                      {product} {ergonomic}
     bool UseFastUnorderedTimeStamps               = true                                 {experimental} {ergonomic}
     bool UseG1GC                                  = true                                      {product} {ergonomic}
     bool UseLargePagesIndividualAllocation        = false                                  {pd product} {ergonomic}
      int X86ICacheSync                            = 2                                 {ARCH diagnostic} {ergonomic}

Logging:
Log output configuration:
 #0: stdout all=warning uptime,level,tags foldmultilines=false
 #1: stderr all=off uptime,level,tags foldmultilines=false

Release file:
IMPLEMENTOR="Oracle Corporation" 
JAVA_RUNTIME_VERSION="26.0.1+8-34" 
JAVA_VERSION="26.0.1" 
JAVA_VERSION_DATE="2026-04-21" 
LIBC="default" 
MODULES="java.base java.compiler java.datatransfer java.xml java.prefs java.desktop java.instrument java.logging java.management java.security.sasl java.naming java.rmi java.management.rmi java.net.http java.scripting java.security.jgss java.transaction.xa java.sql java.sql.rowset java.xml.crypto java.se java.smartcardio jdk.accessibility jdk.internal.jvmstat jdk.attach jdk.charsets jdk.internal.opt jdk.zipfs jdk.compiler jdk.crypto.cryptoki jdk.crypto.ec jdk.crypto.mscapi jdk.dynalink jdk.internal.ed jdk.editpad jdk.internal.vm.ci jdk.graal.compiler jdk.graal.compiler.management jdk.hotspot.agent jdk.httpserver jdk.incubator.vector jdk.internal.le jdk.internal.md jdk.jartool jdk.javadoc jdk.jcmd jdk.management jdk.management.agent jdk.jconsole jdk.jdeps jdk.jdwp.agent jdk.jdi jdk.jfr jdk.jlink jdk.jpackage jdk.jshell jdk.jstatd jdk.localedata jdk.management.jfr jdk.naming.dns jdk.naming.rmi jdk.net jdk.nio.mapmode jdk.sctp jdk.security.auth jdk.security.jgss jdk.unsupported jdk.unsupported.desktop jdk.xml.dom" 
OS_ARCH="x86_64" 
OS_NAME="Windows" 
SOURCE=".:git:8fcde8268d22 open:git:fcc00fc4aee7" 

Environment Variables:
CLASSPATH=D:\tryp2p\\gradle\wrapper\gradle-wrapper.jar
PATH=C:\Program Files\Common Files\Oracle\Java\javapath;C:\Windows\system32;C:\Windows;C:\Windows\System32\Wbem;C:\Windows\System32\WindowsPowerShell\v1.0\;C:\Windows\System32\OpenSSH\;C:\Program Files (x86)\NVIDIA Corporation\PhysX\Common;C:\Windows\system32;C:\Windows;C:\Windows\System32\Wbem;C:\Windows\System32\WindowsPowerShell\v1.0\;C:\Windows\System32\OpenSSH\;C:\Program Files\NVIDIA Corporation\NVIDIA App\NvDLISR;C:\ProgramData\chocolatey\bin;C:\Program Files\nodejs\;C:\Program Files\Git\cmd;C:\Program Files\dotnet\;C:\Program Files\Microsoft SQL Server\170\Tools\Binn\;C:\Program Files\Microsoft SQL Server\Client SDK\ODBC\170\Tools\Binn\;C:\MinGW\bin;C:\Program Files (x86)\GnuWin32\bin;;C:\Program Files\Docker\Docker\resources\bin;C:\Users\parth\scoop\shims;C:\Users\parth\.local\bin;C:\Program Files\Common Files\Oracle\Java\javapath;C:\Windows\system32;C:\Windows;C:\Windows\System32\Wbem;C:\Windows\System32\WindowsPowerShell\v1.0\;C:\Windows\System32\OpenSSH\;C:\Program Files (x86)\NVIDIA Corporation\PhysX\Common;C:\Windows\system32;C:\Windows;C:\Windows\System32\Wbem;C:\Windows\System32\WindowsPowerShell\v1.0\;C:\Windows\System32\OpenSSH\;C:\Program Files\NVIDIA Corporation\NVIDIA App\NvDLISR;C:\ProgramData\chocolatey\bin;C:\Program Files\nodejs\;C:\Program Files\Git\cmd;C:\Program Files\dotnet\;C:\Program Files\Microsoft SQL Server\170\Tools\Binn\;C:\Program Files\Microsoft SQL Server\Client SDK\ODBC\170\Tools\Binn\;C:\MinGW\bin;C:\Program Files (x86)\GnuWin32\bin;C:\Program Files\Docker\Docker\resources\bin;C:\Windows\Syst;C:\Users\parth\AppData\Roaming\npm;C:\Users\parth\AppData\Local\Programs\Microsoft VS Code\bin;C:\Users\parth\AppData\Local\Programs\Antigravity IDE\bin
USERNAME=parth
OS=Windows_NT
PROCESSOR_IDENTIFIER=Intel64 Family 6 Model 165 Stepping 2, GenuineIntel
TMP=C:\Users\parth\AppData\Local\Temp
TEMP=C:\Users\parth\AppData\Local\Temp




Compilation memory statistics disabled.

Periodic native trim disabled

---------------  S Y S T E M  ---------------

OS:
 Windows 11 , 64 bit Build 26100 (10.0.26100.8521)
OS uptime: 3 days 20:09 hours
Hyper-V role detected

CPU: total 8 (initial active 8) (4 cores per cpu, 2 threads per core) family 6 model 165 stepping 2 microcode 0xe0, cx8, cmov, fxsr, ht, mmx, 3dnowpref, sse, sse2, sse3, ssse3, sse4.1, sse4.2, popcnt, lzcnt, tsc, tscinvbit, avx, avx2, aes, erms, clmul, bmi1, bmi2, adx, fma, vzeroupper, clflush, clflushopt, hv, rdtscp, f16c
Processor Information for the first 8 processors :
  Max Mhz: 2496, Current Mhz: 2496, Mhz Limit: 2496

Memory: 4k page, system-wide physical 16221M (3668M free)
TotalPageFile size 27555M (AvailPageFile size 861M)
current process WorkingSet (physical memory assigned to process): 609M, peak: 609M
current process commit charge ("private bytes"): 658M, peak: 1666M

vm_info: Java HotSpot(TM) 64-Bit Server VM (26.0.1+8-34) for windows-amd64 JRE (26.0.1+8-34), built on 2026-03-10T17:24:10Z with MS VC++ 17.13 (VS2022)

END.
