#
# There is insufficient memory for the Java Runtime Environment to continue.
# Native memory allocation (mmap) failed to map 905969664 bytes. Error detail: G1 virtual space
# Possible reasons:
#   The system is out of physical RAM or swap space
#   This process is running with CompressedOops enabled, and the Java Heap may be blocking the growth of the native heap
# Possible solutions:
#   Reduce memory load on the system
#   Increase physical memory or swap space
#   Check if swap backing store is full
#   Decrease Java heap size (-Xmx/-Xms)
#   Decrease number of Java threads
#   Decrease Java thread stack sizes (-Xss)
#   Set larger code cache with -XX:ReservedCodeCacheSize=
#   JVM is running with Zero Based Compressed Oops mode in which the Java heap is
#     placed in the first 32GB address space. The Java Heap base address is the
#     maximum limit for the native heap growth. Please use -XX:HeapBaseMinAddress
#     to set the Java Heap base and to place the Java Heap above 32GB virtual address.
# This output file may be truncated or incomplete.
#
#  Out of Memory Error (os_windows.cpp:3583), pid=10040, tid=15176
#
# JRE version: Java(TM) SE Runtime Environment (26.0.1+8) (build 26.0.1+8-34)
# Java VM: Java HotSpot(TM) 64-Bit Server VM (26.0.1+8-34, mixed mode, sharing, tiered, compressed oops, compressed class ptrs, g1 gc, windows-amd64)
# No core dump will be written. Minidumps are not enabled by default on client versions of Windows
#

---------------  S U M M A R Y ------------

Command Line: -Denv.class.path=D:\tryp2p\\gradle\wrapper\gradle-wrapper.jar -Dapplication.home=C:\Program Files\Java\jdk-26.0.1 -Xms8m -Djdk.module.main=jdk.jpackage jdk.jpackage/jdk.jpackage.main.Main --type app-image --input D:\tryp2p\p2p-app\build\libs --main-jar p2p-1.0.0-SNAPSHOT.jar --main-class com.p2p.app.P2PApplication --name P2PTransfer --dest D:\tryp2p\p2p-app\build\dist-jpackage --vendor P2P Team --app-version 1.0.0 --win-console --java-options --enable-native-access=ALL-UNNAMED --icon D:\tryp2p\p2p-app\build\icon.ico

Host: Intel(R) Core(TM) i5-10300H CPU @ 2.50GHz, 8 cores, 15G,  Windows 11 , 64 bit Build 26100 (10.0.26100.8521)
Time: Thu Jul  2 11:12:59 2026 India Standard Time elapsed time: 5.256254 seconds (0d 0h 0m 5s)

---------------  T H R E A D  ---------------

Current thread (0x000001e64d01d1b0):  VMThread "VM Thread"          [id=15176, stack(0x00000094d7f00000,0x00000094d8000000) (1024K)]

Stack: [0x00000094d7f00000,0x00000094d8000000]
Native frames: (J=compiled Java code, j=interpreted, Vv=VM code, C=native code)
V  [jvm.dll+0x7d5879]  (no source info available)
V  [jvm.dll+0x7a37dd]  (no source info available)
V  [jvm.dll+0x9b0c10]  (no source info available)
V  [jvm.dll+0x9b3061]  (no source info available)
V  [jvm.dll+0x9b3773]  (no source info available)
V  [jvm.dll+0x30df76]  (no source info available)
V  [jvm.dll+0x7d4d45]  (no source info available)
V  [jvm.dll+0x7c7f07]  (no source info available)
V  [jvm.dll+0x4087e8]  (no source info available)
V  [jvm.dll+0x410b56]  (no source info available)
V  [jvm.dll+0x3fcef4]  (no source info available)
V  [jvm.dll+0x3fd1e5]  (no source info available)
V  [jvm.dll+0x3d3b6f]  (no source info available)
V  [jvm.dll+0x3d6ddc]  (no source info available)
V  [jvm.dll+0x4223ec]  (no source info available)
V  [jvm.dll+0x420d33]  (no source info available)
V  [jvm.dll+0x3d3308]  (no source info available)
V  [jvm.dll+0x4200f3]  (no source info available)
V  [jvm.dll+0x9b9c21]  (no source info available)
V  [jvm.dll+0x9babeb]  (no source info available)
V  [jvm.dll+0x9bb0fc]  (no source info available)
V  [jvm.dll+0x9bb579]  (no source info available)
V  [jvm.dll+0x9bb823]  (no source info available)
V  [jvm.dll+0x94f649]  (no source info available)
V  [jvm.dll+0x7d7358]  (no source info available)
C  [ucrtbase.dll+0x2cd30]  (no source info available)
C  [KERNEL32.DLL+0x2e957]  (no source info available)
C  [ntdll.dll+0x87c1c]  (no source info available)

VM_Operation (0x00000094d77fe078): G1CollectForAllocation, mode: safepoint, requested by thread 0x000001e62aae4d70


---------------  P R O C E S S  ---------------

Threads class SMR info:
_java_thread_list=0x000001e653457670, length=11, elements={
0x000001e62aae4d70, 0x000001e64d030ae0, 0x000001e64d031290, 0x000001e64d034530,
0x000001e64d038230, 0x000001e64d03dbf0, 0x000001e64d049330, 0x000001e64d06b1a0,
0x000001e64d074550, 0x000001e64d1a8be0, 0x000001e64d1b5a80
}

Java Threads: ( => current thread )
  0x000001e62aae4d70 JavaThread "main"                              [_thread_blocked, id=9308, stack(0x00000094d7700000,0x00000094d7800000) (1024K)]
  0x000001e64d030ae0 JavaThread "Reference Handler"          daemon [_thread_blocked, id=13432, stack(0x00000094d8000000,0x00000094d8100000) (1024K)]
  0x000001e64d031290 JavaThread "Finalizer"                  daemon [_thread_blocked, id=18316, stack(0x00000094d8100000,0x00000094d8200000) (1024K)]
  0x000001e64d034530 JavaThread "Signal Dispatcher"          daemon [_thread_blocked, id=27356, stack(0x00000094d8200000,0x00000094d8300000) (1024K)]
  0x000001e64d038230 JavaThread "Attach Listener"            daemon [_thread_blocked, id=27392, stack(0x00000094d8300000,0x00000094d8400000) (1024K)]
  0x000001e64d03dbf0 JavaThread "Service Thread"             daemon [_thread_blocked, id=4976, stack(0x00000094d8400000,0x00000094d8500000) (1024K)]
  0x000001e64d049330 JavaThread "Monitor Deflation Thread"   daemon [_thread_blocked, id=27872, stack(0x00000094d8500000,0x00000094d8600000) (1024K)]
  0x000001e64d06b1a0 JavaThread "C2 CompilerThread0"         daemon [_thread_blocked, id=26056, stack(0x00000094d8600000,0x00000094d8700000) (1024K)]
  0x000001e64d074550 JavaThread "C1 CompilerThread0"         daemon [_thread_blocked, id=8176, stack(0x00000094d8700000,0x00000094d8800000) (1024K)]
  0x000001e64d1a8be0 JavaThread "Notification Thread"        daemon [_thread_blocked, id=9996, stack(0x00000094d8800000,0x00000094d8900000) (1024K)]
  0x000001e64d1b5a80 JavaThread "Common-Cleaner"             daemon [_thread_blocked, id=27972, stack(0x00000094d8900000,0x00000094d8a00000) (1024K)]
Total: 11

Other Threads:
=>0x000001e64d01d1b0 VMThread "VM Thread"                           [id=15176, stack(0x00000094d7f00000,0x00000094d8000000) (1024K)]
  0x000001e64d00c0d0 WatcherThread "VM Periodic Task Thread"        [id=1984, stack(0x00000094d7e00000,0x00000094d7f00000) (1024K)]
  0x000001e62cf8fa40 WorkerThread "GC Thread#0"                     [id=8072, stack(0x00000094d7800000,0x00000094d7900000) (1024K)]
  0x000001e64d6fa4b0 WorkerThread "GC Thread#1"                     [id=22800, stack(0x00000094d8a00000,0x00000094d8b00000) (1024K)]
  0x000001e64dd73930 WorkerThread "GC Thread#2"                     [id=27456, stack(0x00000094d8c00000,0x00000094d8d00000) (1024K)]
  0x000001e64dd73d50 WorkerThread "GC Thread#3"                     [id=26756, stack(0x00000094d8d00000,0x00000094d8e00000) (1024K)]
  0x000001e6532d1c30 WorkerThread "GC Thread#4"                     [id=23468, stack(0x00000094d8e00000,0x00000094d8f00000) (1024K)]
  0x000001e653c02ef0 WorkerThread "GC Thread#5"                     [id=26260, stack(0x00000094d9000000,0x00000094d9100000) (1024K)]
  0x000001e652bbb420 WorkerThread "GC Thread#6"                     [id=23392, stack(0x00000094d9200000,0x00000094d9300000) (1024K)]
  0x000001e654b284b0 WorkerThread "GC Thread#7"                     [id=26812, stack(0x00000094d9300000,0x00000094d9400000) (1024K)]
  0x000001e62cfa9630 ConcurrentGCThread "G1 Main Marker"            [id=13448, stack(0x00000094d7900000,0x00000094d7a00000) (1024K)]
  0x000001e62cfaa950 WorkerThread "G1 Conc#0"                       [id=27712, stack(0x00000094d7a00000,0x00000094d7b00000) (1024K)]
  0x000001e652f5e390 WorkerThread "G1 Conc#1"                       [id=27828, stack(0x00000094d9100000,0x00000094d9200000) (1024K)]
  0x000001e62cfecfc0 WorkerThread "G1 Refinement Workers#0"         [id=7932, stack(0x00000094d7c00000,0x00000094d7d00000) (1024K)]
  0x000001e62cfe63e0 ConcurrentGCThread "G1 Refine Control"         [id=27976, stack(0x00000094d7b00000,0x00000094d7c00000) (1024K)]
  0x000001e62cff0610 ConcurrentGCThread "G1 Service"                [id=27708, stack(0x00000094d7d00000,0x00000094d7e00000) (1024K)]
Total: 16

Threads with active compile tasks:
Total: 0

VM state: at safepoint (normal execution)

VM Mutex/Monitor currently owned by a thread:  ([mutex/lock_event])
[0x00007ff80feaed08] Threads_lock - owner thread: 0x000001e64d01d1b0
[0x00007ff80feaef88] Heap_lock - owner thread: 0x000001e62aae4d70

Heap address: 0x0000000702800000, size: 4056 MB, Compressed Oops mode: Zero based, Oop shift amount: 3

CDS archive(s) mapped at: [0x000000009c000000-0x000000009cde0000-0x000000009cde0000), size 14548992, SharedBaseAddress: 0x000000009c000000, ArchiveRelocationMode: 1.
Compressed class space mapped at: 0x000000009d000000-0x00000000dd000000, reserved size: 1073741824
UseCompressedClassPointers 1, UseCompactObjectHeaders 0
Narrow klass pointer bits 32, Max shift 3
Narrow klass base: 0x000000009c000000, Narrow klass shift: 0
Encoding Range: [0x000000009c000000 - 0x000000019c000000), (4294967296 bytes)
Klass Range:    [0x000000009c000000 - 0x00000000dd000000), (1090519040 bytes)
Klass ID Range:  [8 - 1090519033) (1090519025)
Protection zone: [0x000000009c000000 - 0x000000009c010000), (65536 bytes)

GC Precious Log:
 CardTable entry size: 512
 Card Set container configuration: InlinePtr #cards 4 size 8 Array Of Cards #cards 16 size 48 Howl #buckets 8 coarsen threshold 3686 Howl Bitmap #cards 512 size 80 coarsen threshold 460 Card regions per heap region 1 cards per card region 4096
 CPUs: 8 total, 8 available
 Memory: 16221M
 Large Page Support: Disabled
 NUMA Support: Disabled
 Compressed Oops: Enabled (Zero based)
 Heap Region Size: 2M
 Heap Min Capacity: 8M
 Heap Initial Capacity: 8M
 Heap Max Capacity: 4056M
 Pre-touch: Disabled
 Parallel Workers: 8
 Concurrent Workers: 2
 Concurrent Refinement Workers: 8
 Periodic GC: Disabled

Heap:
 garbage-first heap   total reserved 4153344K, committed 442368K, used 111733K [0x0000000702800000, 0x0000000800000000)
  region size 2M, 0 eden (0M), 13 survivor (26M), 43 old (86M), 0 humongous (0M), 160 free (320M)

Heap Regions: E=young(eden), S=young(survivor), O=old, HS=humongous(starts), HC=humongous(continues), CS=collection set, F=free, TAMS=top-at-mark-start, PB=parsable bottom
|    0|0x0000000702800000, 0x0000000702a00000, 0x0000000702a00000|100%| O|  |TAMS 0x0000000702800000| PB 0x0000000702800000| Untracked |  0
|    1|0x0000000702a00000, 0x0000000702c00000, 0x0000000702c00000|100%| O|  |TAMS 0x0000000702a00000| PB 0x0000000702a00000| Untracked |  0
|    2|0x0000000702c00000, 0x0000000702e00000, 0x0000000702e00000|100%| O|  |TAMS 0x0000000702c00000| PB 0x0000000702c00000| Untracked |  0
|    3|0x0000000702e00000, 0x0000000703000000, 0x0000000703000000|100%| O|  |TAMS 0x0000000702e00000| PB 0x0000000702e00000| Untracked |  0
|    4|0x0000000703000000, 0x0000000703200000, 0x0000000703200000|100%| O|  |TAMS 0x0000000703000000| PB 0x0000000703000000| Untracked |  0
|    5|0x0000000703200000, 0x0000000703400000, 0x0000000703400000|100%| O|  |TAMS 0x0000000703200000| PB 0x0000000703200000| Untracked |  0
|    6|0x0000000703400000, 0x0000000703600000, 0x0000000703600000|100%| O|  |TAMS 0x0000000703400000| PB 0x0000000703400000| Untracked |  0
|    7|0x0000000703600000, 0x0000000703800000, 0x0000000703800000|100%| O|  |TAMS 0x0000000703600000| PB 0x0000000703600000| Untracked |  0
|    8|0x0000000703800000, 0x0000000703a00000, 0x0000000703a00000|100%| O|  |TAMS 0x0000000703800000| PB 0x0000000703800000| Untracked |  0
|    9|0x0000000703a00000, 0x0000000703c00000, 0x0000000703c00000|100%| O|  |TAMS 0x0000000703a00000| PB 0x0000000703a00000| Untracked |  0
|   10|0x0000000703c00000, 0x0000000703e00000, 0x0000000703e00000|100%| O|  |TAMS 0x0000000703c00000| PB 0x0000000703c00000| Untracked |  0
|   11|0x0000000703e00000, 0x0000000704000000, 0x0000000704000000|100%| O|  |TAMS 0x0000000703e00000| PB 0x0000000703e00000| Untracked |  0
|   12|0x0000000704000000, 0x0000000704200000, 0x0000000704200000|100%| O|  |TAMS 0x0000000704000000| PB 0x0000000704000000| Untracked |  0
|   13|0x0000000704200000, 0x0000000704400000, 0x0000000704400000|100%| O|  |TAMS 0x0000000704200000| PB 0x0000000704200000| Untracked |  0
|   14|0x0000000704400000, 0x0000000704600000, 0x0000000704600000|100%| O|  |TAMS 0x0000000704400000| PB 0x0000000704400000| Untracked |  0
|   15|0x0000000704600000, 0x0000000704800000, 0x0000000704800000|100%| O|  |TAMS 0x0000000704600000| PB 0x0000000704600000| Untracked |  0
|   16|0x0000000704800000, 0x0000000704a00000, 0x0000000704a00000|100%| O|  |TAMS 0x0000000704800000| PB 0x0000000704800000| Untracked |  0
|   17|0x0000000704a00000, 0x0000000704c00000, 0x0000000704c00000|100%| O|  |TAMS 0x0000000704a00000| PB 0x0000000704a00000| Untracked |  0
|   18|0x0000000704c00000, 0x0000000704e00000, 0x0000000704e00000|100%| O|  |TAMS 0x0000000704c00000| PB 0x0000000704c00000| Untracked |  0
|   19|0x0000000704e00000, 0x0000000705000000, 0x0000000705000000|100%| O|  |TAMS 0x0000000704e00000| PB 0x0000000704e00000| Untracked |  0
|   20|0x0000000705000000, 0x0000000705200000, 0x0000000705200000|100%| O|  |TAMS 0x0000000705000000| PB 0x0000000705000000| Untracked |  0
|   21|0x0000000705200000, 0x0000000705400000, 0x0000000705400000|100%| O|  |TAMS 0x0000000705200000| PB 0x0000000705200000| Untracked |  0
|   22|0x0000000705400000, 0x0000000705600000, 0x0000000705600000|100%| O|  |TAMS 0x0000000705400000| PB 0x0000000705400000| Untracked |  0
|   23|0x0000000705600000, 0x0000000705800000, 0x0000000705800000|100%| O|  |TAMS 0x0000000705600000| PB 0x0000000705600000| Untracked |  0
|   24|0x0000000705800000, 0x0000000705a00000, 0x0000000705a00000|100%| O|  |TAMS 0x0000000705800000| PB 0x0000000705800000| Untracked |  0
|   25|0x0000000705a00000, 0x0000000705c00000, 0x0000000705c00000|100%| O|  |TAMS 0x0000000705a00000| PB 0x0000000705a00000| Untracked |  0
|   26|0x0000000705c00000, 0x0000000705e00000, 0x0000000705e00000|100%| O|  |TAMS 0x0000000705c00000| PB 0x0000000705c00000| Untracked |  0
|   27|0x0000000705e00000, 0x0000000706000000, 0x0000000706000000|100%| O|  |TAMS 0x0000000705e00000| PB 0x0000000705e00000| Untracked |  0
|   28|0x0000000706000000, 0x0000000706200000, 0x0000000706200000|100%| O|  |TAMS 0x0000000706000000| PB 0x0000000706000000| Untracked |  0
|   29|0x0000000706200000, 0x0000000706400000, 0x0000000706400000|100%| O|  |TAMS 0x0000000706200000| PB 0x0000000706200000| Untracked |  0
|   30|0x0000000706400000, 0x0000000706600000, 0x0000000706600000|100%| O|  |TAMS 0x0000000706400000| PB 0x0000000706400000| Untracked |  0
|   31|0x0000000706600000, 0x0000000706800000, 0x0000000706800000|100%| O|  |TAMS 0x0000000706600000| PB 0x0000000706600000| Untracked |  0
|   32|0x0000000706800000, 0x0000000706a00000, 0x0000000706a00000|100%| O|  |TAMS 0x0000000706800000| PB 0x0000000706800000| Untracked |  0
|   33|0x0000000706a00000, 0x0000000706c00000, 0x0000000706c00000|100%| O|  |TAMS 0x0000000706a00000| PB 0x0000000706a00000| Untracked |  0
|   34|0x0000000706c00000, 0x0000000706e00000, 0x0000000706e00000|100%| O|  |TAMS 0x0000000706c00000| PB 0x0000000706c00000| Untracked |  0
|   35|0x0000000706e00000, 0x0000000707000000, 0x0000000707000000|100%| O|  |TAMS 0x0000000706e00000| PB 0x0000000706e00000| Untracked |  0
|   36|0x0000000707000000, 0x0000000707200000, 0x0000000707200000|100%| O|  |TAMS 0x0000000707000000| PB 0x0000000707000000| Untracked |  0
|   37|0x0000000707200000, 0x0000000707400000, 0x0000000707400000|100%| O|  |TAMS 0x0000000707200000| PB 0x0000000707200000| Untracked |  0
|   38|0x0000000707400000, 0x0000000707600000, 0x0000000707600000|100%| O|  |TAMS 0x0000000707400000| PB 0x0000000707400000| Untracked |  0
|   39|0x0000000707600000, 0x0000000707800000, 0x0000000707800000|100%| O|  |TAMS 0x0000000707600000| PB 0x0000000707600000| Untracked |  0
|   40|0x0000000707800000, 0x0000000707a00000, 0x0000000707a00000|100%| O|  |TAMS 0x0000000707800000| PB 0x0000000707800000| Untracked |  0
|   41|0x0000000707a00000, 0x0000000707a5e7a8, 0x0000000707c00000| 18%| O|  |TAMS 0x0000000707a00000| PB 0x0000000707a00000| Untracked |  0
|   42|0x0000000707c00000, 0x0000000707c00000, 0x0000000707e00000|  0%| F|  |TAMS 0x0000000707c00000| PB 0x0000000707c00000| Untracked |  0
|   43|0x0000000707e00000, 0x0000000707e00000, 0x0000000708000000|  0%| F|  |TAMS 0x0000000707e00000| PB 0x0000000707e00000| Untracked |  0
|   44|0x0000000708000000, 0x0000000708000000, 0x0000000708200000|  0%| F|  |TAMS 0x0000000708000000| PB 0x0000000708000000| Untracked |  0
|   45|0x0000000708200000, 0x0000000708200000, 0x0000000708400000|  0%| F|  |TAMS 0x0000000708200000| PB 0x0000000708200000| Untracked |  0
|   46|0x0000000708400000, 0x0000000708400000, 0x0000000708600000|  0%| F|  |TAMS 0x0000000708400000| PB 0x0000000708400000| Untracked |  0
|   47|0x0000000708600000, 0x0000000708600000, 0x0000000708800000|  0%| F|  |TAMS 0x0000000708600000| PB 0x0000000708600000| Untracked |  0
|   48|0x0000000708800000, 0x0000000708800000, 0x0000000708a00000|  0%| F|  |TAMS 0x0000000708800000| PB 0x0000000708800000| Untracked |  0
|   49|0x0000000708a00000, 0x0000000708a00000, 0x0000000708c00000|  0%| F|  |TAMS 0x0000000708a00000| PB 0x0000000708a00000| Untracked |  0
|   50|0x0000000708c00000, 0x0000000708c00000, 0x0000000708e00000|  0%| F|  |TAMS 0x0000000708c00000| PB 0x0000000708c00000| Untracked |  0
|   51|0x0000000708e00000, 0x0000000708e00000, 0x0000000709000000|  0%| F|  |TAMS 0x0000000708e00000| PB 0x0000000708e00000| Untracked |  0
|   52|0x0000000709000000, 0x0000000709000000, 0x0000000709200000|  0%| F|  |TAMS 0x0000000709000000| PB 0x0000000709000000| Untracked |  0
|   53|0x0000000709200000, 0x0000000709200000, 0x0000000709400000|  0%| F|  |TAMS 0x0000000709200000| PB 0x0000000709200000| Untracked |  0
|   54|0x0000000709400000, 0x0000000709400000, 0x0000000709600000|  0%| F|  |TAMS 0x0000000709400000| PB 0x0000000709400000| Untracked |  0
|   55|0x0000000709600000, 0x0000000709600000, 0x0000000709800000|  0%| F|  |TAMS 0x0000000709600000| PB 0x0000000709600000| Untracked |  0
|   56|0x0000000709800000, 0x0000000709800000, 0x0000000709a00000|  0%| F|  |TAMS 0x0000000709800000| PB 0x0000000709800000| Untracked |  0
|   57|0x0000000709a00000, 0x0000000709a00000, 0x0000000709c00000|  0%| F|  |TAMS 0x0000000709a00000| PB 0x0000000709a00000| Untracked |  0
|   58|0x0000000709c00000, 0x0000000709c00000, 0x0000000709e00000|  0%| F|  |TAMS 0x0000000709c00000| PB 0x0000000709c00000| Untracked |  0
|   59|0x0000000709e00000, 0x0000000709e00000, 0x000000070a000000|  0%| F|  |TAMS 0x0000000709e00000| PB 0x0000000709e00000| Untracked |  0
|   60|0x000000070a000000, 0x000000070a000000, 0x000000070a200000|  0%| F|  |TAMS 0x000000070a000000| PB 0x000000070a000000| Untracked |  0
|   61|0x000000070a200000, 0x000000070a200000, 0x000000070a400000|  0%| F|  |TAMS 0x000000070a200000| PB 0x000000070a200000| Untracked |  0
|   62|0x000000070a400000, 0x000000070a400000, 0x000000070a600000|  0%| F|  |TAMS 0x000000070a400000| PB 0x000000070a400000| Untracked |  0
|   63|0x000000070a600000, 0x000000070a600000, 0x000000070a800000|  0%| F|  |TAMS 0x000000070a600000| PB 0x000000070a600000| Untracked |  0
|   64|0x000000070a800000, 0x000000070a800000, 0x000000070aa00000|  0%| F|  |TAMS 0x000000070a800000| PB 0x000000070a800000| Untracked |  0
|   65|0x000000070aa00000, 0x000000070aa00000, 0x000000070ac00000|  0%| F|  |TAMS 0x000000070aa00000| PB 0x000000070aa00000| Untracked |  0
|   66|0x000000070ac00000, 0x000000070ac00000, 0x000000070ae00000|  0%| F|  |TAMS 0x000000070ac00000| PB 0x000000070ac00000| Untracked |  0
|   67|0x000000070ae00000, 0x000000070ae00000, 0x000000070b000000|  0%| F|  |TAMS 0x000000070ae00000| PB 0x000000070ae00000| Untracked |  0
|   68|0x000000070b000000, 0x000000070b000000, 0x000000070b200000|  0%| F|  |TAMS 0x000000070b000000| PB 0x000000070b000000| Untracked |  0
|   69|0x000000070b200000, 0x000000070b200000, 0x000000070b400000|  0%| F|  |TAMS 0x000000070b200000| PB 0x000000070b200000| Untracked |  0
|   70|0x000000070b400000, 0x000000070b400000, 0x000000070b600000|  0%| F|  |TAMS 0x000000070b400000| PB 0x000000070b400000| Untracked |  0
|   71|0x000000070b600000, 0x000000070b600000, 0x000000070b800000|  0%| F|  |TAMS 0x000000070b600000| PB 0x000000070b600000| Untracked |  0
|   72|0x000000070b800000, 0x000000070b800000, 0x000000070ba00000|  0%| F|  |TAMS 0x000000070b800000| PB 0x000000070b800000| Untracked |  0
|   73|0x000000070ba00000, 0x000000070bb96098, 0x000000070bc00000| 79%| S|CS|TAMS 0x000000070ba00000| PB 0x000000070ba00000| Complete  |  0
|   74|0x000000070bc00000, 0x000000070bc00000, 0x000000070be00000|  0%| F|  |TAMS 0x000000070bc00000| PB 0x000000070bc00000| Untracked |  0
|   75|0x000000070be00000, 0x000000070be00000, 0x000000070c000000|  0%| F|  |TAMS 0x000000070be00000| PB 0x000000070be00000| Untracked |  0
|   76|0x000000070c000000, 0x000000070c000000, 0x000000070c200000|  0%| F|  |TAMS 0x000000070c000000| PB 0x000000070c000000| Untracked |  0
|   77|0x000000070c200000, 0x000000070c200000, 0x000000070c400000|  0%| F|  |TAMS 0x000000070c200000| PB 0x000000070c200000| Untracked |  0
|   78|0x000000070c400000, 0x000000070c400000, 0x000000070c600000|  0%| F|  |TAMS 0x000000070c400000| PB 0x000000070c400000| Untracked |  0
|   79|0x000000070c600000, 0x000000070c600000, 0x000000070c800000|  0%| F|  |TAMS 0x000000070c600000| PB 0x000000070c600000| Untracked |  0
|   80|0x000000070c800000, 0x000000070c800000, 0x000000070ca00000|  0%| F|  |TAMS 0x000000070c800000| PB 0x000000070c800000| Untracked |  0
|   81|0x000000070ca00000, 0x000000070ca00000, 0x000000070cc00000|  0%| F|  |TAMS 0x000000070ca00000| PB 0x000000070ca00000| Untracked |  0
|   82|0x000000070cc00000, 0x000000070ce00000, 0x000000070ce00000|100%| S|CS|TAMS 0x000000070cc00000| PB 0x000000070cc00000| Complete  |  0
|   83|0x000000070ce00000, 0x000000070d000000, 0x000000070d000000|100%| S|CS|TAMS 0x000000070ce00000| PB 0x000000070ce00000| Complete  |  0
|   84|0x000000070d000000, 0x000000070d200000, 0x000000070d200000|100%| S|CS|TAMS 0x000000070d000000| PB 0x000000070d000000| Complete  |  0
|   85|0x000000070d200000, 0x000000070d400000, 0x000000070d400000|100%| S|CS|TAMS 0x000000070d200000| PB 0x000000070d200000| Complete  |  0
|   86|0x000000070d400000, 0x000000070d600000, 0x000000070d600000|100%| S|CS|TAMS 0x000000070d400000| PB 0x000000070d400000| Complete  |  0
|   87|0x000000070d600000, 0x000000070d800000, 0x000000070d800000|100%| S|CS|TAMS 0x000000070d600000| PB 0x000000070d600000| Complete  |  0
|   88|0x000000070d800000, 0x000000070da00000, 0x000000070da00000|100%| S|CS|TAMS 0x000000070d800000| PB 0x000000070d800000| Complete  |  0
|   89|0x000000070da00000, 0x000000070dc00000, 0x000000070dc00000|100%| S|CS|TAMS 0x000000070da00000| PB 0x000000070da00000| Complete  |  0
|   90|0x000000070dc00000, 0x000000070dc00000, 0x000000070de00000|  0%| F|  |TAMS 0x000000070dc00000| PB 0x000000070dc00000| Untracked |  0
|   91|0x000000070de00000, 0x000000070de00000, 0x000000070e000000|  0%| F|  |TAMS 0x000000070de00000| PB 0x000000070de00000| Untracked |  0
|   92|0x000000070e000000, 0x000000070e000000, 0x000000070e200000|  0%| F|  |TAMS 0x000000070e000000| PB 0x000000070e000000| Untracked |  0
|   93|0x000000070e200000, 0x000000070e200000, 0x000000070e400000|  0%| F|  |TAMS 0x000000070e200000| PB 0x000000070e200000| Untracked |  0
|   94|0x000000070e400000, 0x000000070e600000, 0x000000070e600000|100%| S|CS|TAMS 0x000000070e400000| PB 0x000000070e400000| Complete  |  0
|   95|0x000000070e600000, 0x000000070e800000, 0x000000070e800000|100%| S|CS|TAMS 0x000000070e600000| PB 0x000000070e600000| Complete  |  0
|   96|0x000000070e800000, 0x000000070ea00000, 0x000000070ea00000|100%| S|CS|TAMS 0x000000070e800000| PB 0x000000070e800000| Complete  |  0
|   97|0x000000070ea00000, 0x000000070ec00000, 0x000000070ec00000|100%| S|CS|TAMS 0x000000070ea00000| PB 0x000000070ea00000| Complete  |  0
|   98|0x000000070ec00000, 0x000000070ec00000, 0x000000070ee00000|  0%| F|  |TAMS 0x000000070ec00000| PB 0x000000070ec00000| Untracked |  0
|   99|0x000000070ee00000, 0x000000070ee00000, 0x000000070f000000|  0%| F|  |TAMS 0x000000070ee00000| PB 0x000000070ee00000| Untracked |  0
|  100|0x000000070f000000, 0x000000070f000000, 0x000000070f200000|  0%| F|  |TAMS 0x000000070f000000| PB 0x000000070f000000| Untracked |  0
|  101|0x000000070f200000, 0x000000070f200000, 0x000000070f400000|  0%| F|  |TAMS 0x000000070f200000| PB 0x000000070f200000| Untracked |  0
|  102|0x000000070f400000, 0x000000070f400000, 0x000000070f600000|  0%| F|  |TAMS 0x000000070f400000| PB 0x000000070f400000| Untracked |  0
|  103|0x000000070f600000, 0x000000070f600000, 0x000000070f800000|  0%| F|  |TAMS 0x000000070f600000| PB 0x000000070f600000| Untracked |  0
|  104|0x000000070f800000, 0x000000070f800000, 0x000000070fa00000|  0%| F|  |TAMS 0x000000070f800000| PB 0x000000070f800000| Untracked |  0
|  105|0x000000070fa00000, 0x000000070fa00000, 0x000000070fc00000|  0%| F|  |TAMS 0x000000070fa00000| PB 0x000000070fa00000| Untracked |  0
|  106|0x000000070fc00000, 0x000000070fc00000, 0x000000070fe00000|  0%| F|  |TAMS 0x000000070fc00000| PB 0x000000070fc00000| Untracked |  0
|  107|0x000000070fe00000, 0x000000070fe00000, 0x0000000710000000|  0%| F|  |TAMS 0x000000070fe00000| PB 0x000000070fe00000| Untracked |  0
|  108|0x0000000710000000, 0x0000000710000000, 0x0000000710200000|  0%| F|  |TAMS 0x0000000710000000| PB 0x0000000710000000| Untracked |  0
|  109|0x0000000710200000, 0x0000000710200000, 0x0000000710400000|  0%| F|  |TAMS 0x0000000710200000| PB 0x0000000710200000| Untracked |  0
|  110|0x0000000710400000, 0x0000000710400000, 0x0000000710600000|  0%| F|  |TAMS 0x0000000710400000| PB 0x0000000710400000| Untracked |  0
|  111|0x0000000710600000, 0x0000000710600000, 0x0000000710800000|  0%| F|  |TAMS 0x0000000710600000| PB 0x0000000710600000| Untracked |  0
|  112|0x0000000710800000, 0x0000000710800000, 0x0000000710a00000|  0%| F|  |TAMS 0x0000000710800000| PB 0x0000000710800000| Untracked |  0
|  113|0x0000000710a00000, 0x0000000710a00000, 0x0000000710c00000|  0%| F|  |TAMS 0x0000000710a00000| PB 0x0000000710a00000| Untracked |  0
|  114|0x0000000710c00000, 0x0000000710c00000, 0x0000000710e00000|  0%| F|  |TAMS 0x0000000710c00000| PB 0x0000000710c00000| Untracked |  0
|  115|0x0000000710e00000, 0x0000000710e00000, 0x0000000711000000|  0%| F|  |TAMS 0x0000000710e00000| PB 0x0000000710e00000| Untracked |  0
|  116|0x0000000711000000, 0x0000000711000000, 0x0000000711200000|  0%| F|  |TAMS 0x0000000711000000| PB 0x0000000711000000| Untracked |  0
|  117|0x0000000711200000, 0x0000000711200000, 0x0000000711400000|  0%| F|  |TAMS 0x0000000711200000| PB 0x0000000711200000| Untracked |  0
|  118|0x0000000711400000, 0x0000000711400000, 0x0000000711600000|  0%| F|  |TAMS 0x0000000711400000| PB 0x0000000711400000| Untracked |  0
|  119|0x0000000711600000, 0x0000000711600000, 0x0000000711800000|  0%| F|  |TAMS 0x0000000711600000| PB 0x0000000711600000| Untracked |  0
|  120|0x0000000711800000, 0x0000000711800000, 0x0000000711a00000|  0%| F|  |TAMS 0x0000000711800000| PB 0x0000000711800000| Untracked |  0
|  121|0x0000000711a00000, 0x0000000711a00000, 0x0000000711c00000|  0%| F|  |TAMS 0x0000000711a00000| PB 0x0000000711a00000| Untracked |  0
|  122|0x0000000711c00000, 0x0000000711c00000, 0x0000000711e00000|  0%| F|  |TAMS 0x0000000711c00000| PB 0x0000000711c00000| Untracked |  0
|  123|0x0000000711e00000, 0x0000000711e00000, 0x0000000712000000|  0%| F|  |TAMS 0x0000000711e00000| PB 0x0000000711e00000| Untracked |  0
|  124|0x0000000712000000, 0x0000000712000000, 0x0000000712200000|  0%| F|  |TAMS 0x0000000712000000| PB 0x0000000712000000| Untracked |  0
|  125|0x0000000712200000, 0x0000000712200000, 0x0000000712400000|  0%| F|  |TAMS 0x0000000712200000| PB 0x0000000712200000| Untracked |  0
|  126|0x0000000712400000, 0x0000000712400000, 0x0000000712600000|  0%| F|  |TAMS 0x0000000712400000| PB 0x0000000712400000| Untracked |  0
|  127|0x0000000712600000, 0x0000000712600000, 0x0000000712800000|  0%| F|  |TAMS 0x0000000712600000| PB 0x0000000712600000| Untracked |  0
|  128|0x0000000712800000, 0x0000000712800000, 0x0000000712a00000|  0%| F|  |TAMS 0x0000000712800000| PB 0x0000000712800000| Untracked |  0
|  129|0x0000000712a00000, 0x0000000712a00000, 0x0000000712c00000|  0%| F|  |TAMS 0x0000000712a00000| PB 0x0000000712a00000| Untracked |  0
|  130|0x0000000712c00000, 0x0000000712c00000, 0x0000000712e00000|  0%| F|  |TAMS 0x0000000712c00000| PB 0x0000000712c00000| Untracked |  0
|  131|0x0000000712e00000, 0x0000000712e00000, 0x0000000713000000|  0%| F|  |TAMS 0x0000000712e00000| PB 0x0000000712e00000| Untracked |  0
|  132|0x0000000713000000, 0x0000000713000000, 0x0000000713200000|  0%| F|  |TAMS 0x0000000713000000| PB 0x0000000713000000| Untracked |  0
|  133|0x0000000713200000, 0x0000000713200000, 0x0000000713400000|  0%| F|  |TAMS 0x0000000713200000| PB 0x0000000713200000| Untracked |  0
|  134|0x0000000713400000, 0x0000000713400000, 0x0000000713600000|  0%| F|  |TAMS 0x0000000713400000| PB 0x0000000713400000| Untracked |  0
|  135|0x0000000713600000, 0x0000000713600000, 0x0000000713800000|  0%| F|  |TAMS 0x0000000713600000| PB 0x0000000713600000| Untracked |  0
|  136|0x0000000713800000, 0x0000000713800000, 0x0000000713a00000|  0%| F|  |TAMS 0x0000000713800000| PB 0x0000000713800000| Untracked |  0
|  137|0x0000000713a00000, 0x0000000713a00000, 0x0000000713c00000|  0%| F|  |TAMS 0x0000000713a00000| PB 0x0000000713a00000| Untracked |  0
|  138|0x0000000713c00000, 0x0000000713c00000, 0x0000000713e00000|  0%| F|  |TAMS 0x0000000713c00000| PB 0x0000000713c00000| Untracked |  0
|  139|0x0000000713e00000, 0x0000000713e00000, 0x0000000714000000|  0%| F|  |TAMS 0x0000000713e00000| PB 0x0000000713e00000| Untracked |  0
|  140|0x0000000714000000, 0x0000000714000000, 0x0000000714200000|  0%| F|  |TAMS 0x0000000714000000| PB 0x0000000714000000| Untracked |  0
|  141|0x0000000714200000, 0x0000000714200000, 0x0000000714400000|  0%| F|  |TAMS 0x0000000714200000| PB 0x0000000714200000| Untracked |  0
|  142|0x0000000714400000, 0x0000000714400000, 0x0000000714600000|  0%| F|  |TAMS 0x0000000714400000| PB 0x0000000714400000| Untracked |  0
|  143|0x0000000714600000, 0x0000000714600000, 0x0000000714800000|  0%| F|  |TAMS 0x0000000714600000| PB 0x0000000714600000| Untracked |  0
|  144|0x0000000714800000, 0x0000000714800000, 0x0000000714a00000|  0%| F|  |TAMS 0x0000000714800000| PB 0x0000000714800000| Untracked |  0
|  145|0x0000000714a00000, 0x0000000714a00000, 0x0000000714c00000|  0%| F|  |TAMS 0x0000000714a00000| PB 0x0000000714a00000| Untracked |  0
|  146|0x0000000714c00000, 0x0000000714c00000, 0x0000000714e00000|  0%| F|  |TAMS 0x0000000714c00000| PB 0x0000000714c00000| Untracked |  0
|  147|0x0000000714e00000, 0x0000000714e00000, 0x0000000715000000|  0%| F|  |TAMS 0x0000000714e00000| PB 0x0000000714e00000| Untracked |  0
|  148|0x0000000715000000, 0x0000000715000000, 0x0000000715200000|  0%| F|  |TAMS 0x0000000715000000| PB 0x0000000715000000| Untracked |  0
|  149|0x0000000715200000, 0x0000000715200000, 0x0000000715400000|  0%| F|  |TAMS 0x0000000715200000| PB 0x0000000715200000| Untracked |  0
|  150|0x0000000715400000, 0x0000000715400000, 0x0000000715600000|  0%| F|  |TAMS 0x0000000715400000| PB 0x0000000715400000| Untracked |  0
|  151|0x0000000715600000, 0x0000000715600000, 0x0000000715800000|  0%| F|  |TAMS 0x0000000715600000| PB 0x0000000715600000| Untracked |  0
|  152|0x0000000715800000, 0x0000000715800000, 0x0000000715a00000|  0%| F|  |TAMS 0x0000000715800000| PB 0x0000000715800000| Untracked |  0
|  153|0x0000000715a00000, 0x0000000715a00000, 0x0000000715c00000|  0%| F|  |TAMS 0x0000000715a00000| PB 0x0000000715a00000| Untracked |  0
|  154|0x0000000715c00000, 0x0000000715c00000, 0x0000000715e00000|  0%| F|  |TAMS 0x0000000715c00000| PB 0x0000000715c00000| Untracked |  0
|  155|0x0000000715e00000, 0x0000000715e00000, 0x0000000716000000|  0%| F|  |TAMS 0x0000000715e00000| PB 0x0000000715e00000| Untracked |  0
|  156|0x0000000716000000, 0x0000000716000000, 0x0000000716200000|  0%| F|  |TAMS 0x0000000716000000| PB 0x0000000716000000| Untracked |  0
|  157|0x0000000716200000, 0x0000000716200000, 0x0000000716400000|  0%| F|  |TAMS 0x0000000716200000| PB 0x0000000716200000| Untracked |  0
|  158|0x0000000716400000, 0x0000000716400000, 0x0000000716600000|  0%| F|  |TAMS 0x0000000716400000| PB 0x0000000716400000| Untracked |  0
|  159|0x0000000716600000, 0x0000000716600000, 0x0000000716800000|  0%| F|  |TAMS 0x0000000716600000| PB 0x0000000716600000| Untracked |  0
|  160|0x0000000716800000, 0x0000000716800000, 0x0000000716a00000|  0%| F|  |TAMS 0x0000000716800000| PB 0x0000000716800000| Untracked |  0
|  161|0x0000000716a00000, 0x0000000716a00000, 0x0000000716c00000|  0%| F|  |TAMS 0x0000000716a00000| PB 0x0000000716a00000| Untracked |  0
|  162|0x0000000716c00000, 0x0000000716c00000, 0x0000000716e00000|  0%| F|  |TAMS 0x0000000716c00000| PB 0x0000000716c00000| Untracked |  0
|  163|0x0000000716e00000, 0x0000000716e00000, 0x0000000717000000|  0%| F|  |TAMS 0x0000000716e00000| PB 0x0000000716e00000| Untracked |  0
|  164|0x0000000717000000, 0x0000000717000000, 0x0000000717200000|  0%| F|  |TAMS 0x0000000717000000| PB 0x0000000717000000| Untracked |  0
|  165|0x0000000717200000, 0x0000000717200000, 0x0000000717400000|  0%| F|  |TAMS 0x0000000717200000| PB 0x0000000717200000| Untracked |  0
|  166|0x0000000717400000, 0x0000000717400000, 0x0000000717600000|  0%| F|  |TAMS 0x0000000717400000| PB 0x0000000717400000| Untracked |  0
|  167|0x0000000717600000, 0x0000000717600000, 0x0000000717800000|  0%| F|  |TAMS 0x0000000717600000| PB 0x0000000717600000| Untracked |  0
|  168|0x0000000717800000, 0x0000000717800000, 0x0000000717a00000|  0%| F|  |TAMS 0x0000000717800000| PB 0x0000000717800000| Untracked |  0
|  169|0x0000000717a00000, 0x0000000717a00000, 0x0000000717c00000|  0%| F|  |TAMS 0x0000000717a00000| PB 0x0000000717a00000| Untracked |  0
|  170|0x0000000717c00000, 0x0000000717c00000, 0x0000000717e00000|  0%| F|  |TAMS 0x0000000717c00000| PB 0x0000000717c00000| Untracked |  0
|  171|0x0000000717e00000, 0x0000000717e00000, 0x0000000718000000|  0%| F|  |TAMS 0x0000000717e00000| PB 0x0000000717e00000| Untracked |  0
|  172|0x0000000718000000, 0x0000000718000000, 0x0000000718200000|  0%| F|  |TAMS 0x0000000718000000| PB 0x0000000718000000| Untracked |  0
|  173|0x0000000718200000, 0x0000000718200000, 0x0000000718400000|  0%| F|  |TAMS 0x0000000718200000| PB 0x0000000718200000| Untracked |  0
|  174|0x0000000718400000, 0x0000000718400000, 0x0000000718600000|  0%| F|  |TAMS 0x0000000718400000| PB 0x0000000718400000| Untracked |  0
|  175|0x0000000718600000, 0x0000000718600000, 0x0000000718800000|  0%| F|  |TAMS 0x0000000718600000| PB 0x0000000718600000| Untracked |  0
|  176|0x0000000718800000, 0x0000000718800000, 0x0000000718a00000|  0%| F|  |TAMS 0x0000000718800000| PB 0x0000000718800000| Untracked |  0
|  177|0x0000000718a00000, 0x0000000718a00000, 0x0000000718c00000|  0%| F|  |TAMS 0x0000000718a00000| PB 0x0000000718a00000| Untracked |  0
|  178|0x0000000718c00000, 0x0000000718c00000, 0x0000000718e00000|  0%| F|  |TAMS 0x0000000718c00000| PB 0x0000000718c00000| Untracked |  0
|  179|0x0000000718e00000, 0x0000000718e00000, 0x0000000719000000|  0%| F|  |TAMS 0x0000000718e00000| PB 0x0000000718e00000| Untracked |  0
|  180|0x0000000719000000, 0x0000000719000000, 0x0000000719200000|  0%| F|  |TAMS 0x0000000719000000| PB 0x0000000719000000| Untracked |  0
|  181|0x0000000719200000, 0x0000000719200000, 0x0000000719400000|  0%| F|  |TAMS 0x0000000719200000| PB 0x0000000719200000| Untracked |  0
|  182|0x0000000719400000, 0x0000000719400000, 0x0000000719600000|  0%| F|  |TAMS 0x0000000719400000| PB 0x0000000719400000| Untracked |  0
|  183|0x0000000719600000, 0x0000000719600000, 0x0000000719800000|  0%| F|  |TAMS 0x0000000719600000| PB 0x0000000719600000| Untracked |  0
|  184|0x0000000719800000, 0x0000000719800000, 0x0000000719a00000|  0%| F|  |TAMS 0x0000000719800000| PB 0x0000000719800000| Untracked |  0
|  185|0x0000000719a00000, 0x0000000719a00000, 0x0000000719c00000|  0%| F|  |TAMS 0x0000000719a00000| PB 0x0000000719a00000| Untracked |  0
|  186|0x0000000719c00000, 0x0000000719c00000, 0x0000000719e00000|  0%| F|  |TAMS 0x0000000719c00000| PB 0x0000000719c00000| Untracked |  0
|  187|0x0000000719e00000, 0x0000000719e00000, 0x000000071a000000|  0%| F|  |TAMS 0x0000000719e00000| PB 0x0000000719e00000| Untracked |  0
|  188|0x000000071a000000, 0x000000071a000000, 0x000000071a200000|  0%| F|  |TAMS 0x000000071a000000| PB 0x000000071a000000| Untracked |  0
|  189|0x000000071a200000, 0x000000071a200000, 0x000000071a400000|  0%| F|  |TAMS 0x000000071a200000| PB 0x000000071a200000| Untracked |  0
|  190|0x000000071a400000, 0x000000071a400000, 0x000000071a600000|  0%| F|  |TAMS 0x000000071a400000| PB 0x000000071a400000| Untracked |  0
|  191|0x000000071a600000, 0x000000071a600000, 0x000000071a800000|  0%| F|  |TAMS 0x000000071a600000| PB 0x000000071a600000| Untracked |  0
|  192|0x000000071a800000, 0x000000071a800000, 0x000000071aa00000|  0%| F|  |TAMS 0x000000071a800000| PB 0x000000071a800000| Untracked |  0
|  193|0x000000071aa00000, 0x000000071aa00000, 0x000000071ac00000|  0%| F|  |TAMS 0x000000071aa00000| PB 0x000000071aa00000| Untracked |  0
|  194|0x000000071ac00000, 0x000000071ac00000, 0x000000071ae00000|  0%| F|  |TAMS 0x000000071ac00000| PB 0x000000071ac00000| Untracked |  0
|  195|0x000000071ae00000, 0x000000071ae00000, 0x000000071b000000|  0%| F|  |TAMS 0x000000071ae00000| PB 0x000000071ae00000| Untracked |  0
|  196|0x000000071b000000, 0x000000071b000000, 0x000000071b200000|  0%| F|  |TAMS 0x000000071b000000| PB 0x000000071b000000| Untracked |  0
|  197|0x000000071b200000, 0x000000071b200000, 0x000000071b400000|  0%| F|  |TAMS 0x000000071b200000| PB 0x000000071b200000| Untracked |  0
|  198|0x000000071b400000, 0x000000071b400000, 0x000000071b600000|  0%| F|  |TAMS 0x000000071b400000| PB 0x000000071b400000| Untracked |  0
|  199|0x000000071b600000, 0x000000071b600000, 0x000000071b800000|  0%| F|  |TAMS 0x000000071b600000| PB 0x000000071b600000| Untracked |  0
|  200|0x000000071b800000, 0x000000071b800000, 0x000000071ba00000|  0%| F|  |TAMS 0x000000071b800000| PB 0x000000071b800000| Untracked |  0
|  201|0x000000071ba00000, 0x000000071ba00000, 0x000000071bc00000|  0%| F|  |TAMS 0x000000071ba00000| PB 0x000000071ba00000| Untracked |  0
|  202|0x000000071bc00000, 0x000000071bc00000, 0x000000071be00000|  0%| F|  |TAMS 0x000000071bc00000| PB 0x000000071bc00000| Untracked |  0
|  203|0x000000071be00000, 0x000000071be00000, 0x000000071c000000|  0%| F|  |TAMS 0x000000071be00000| PB 0x000000071be00000| Untracked |  0
|  204|0x000000071c000000, 0x000000071c000000, 0x000000071c200000|  0%| F|  |TAMS 0x000000071c000000| PB 0x000000071c000000| Untracked |  0
|  205|0x000000071c200000, 0x000000071c200000, 0x000000071c400000|  0%| F|  |TAMS 0x000000071c200000| PB 0x000000071c200000| Untracked |  0
|  206|0x000000071c400000, 0x000000071c400000, 0x000000071c600000|  0%| F|  |TAMS 0x000000071c400000| PB 0x000000071c400000| Untracked |  0
|  207|0x000000071c600000, 0x000000071c600000, 0x000000071c800000|  0%| F|  |TAMS 0x000000071c600000| PB 0x000000071c600000| Untracked |  0
|  208|0x000000071c800000, 0x000000071c800000, 0x000000071ca00000|  0%| F|  |TAMS 0x000000071c800000| PB 0x000000071c800000| Untracked |  0
|  209|0x000000071ca00000, 0x000000071ca00000, 0x000000071cc00000|  0%| F|  |TAMS 0x000000071ca00000| PB 0x000000071ca00000| Untracked |  0
|  210|0x000000071cc00000, 0x000000071cc00000, 0x000000071ce00000|  0%| F|  |TAMS 0x000000071cc00000| PB 0x000000071cc00000| Untracked |  0
|  211|0x000000071ce00000, 0x000000071ce00000, 0x000000071d000000|  0%| F|  |TAMS 0x000000071ce00000| PB 0x000000071ce00000| Untracked |  0
|  212|0x000000071d000000, 0x000000071d000000, 0x000000071d200000|  0%| F|  |TAMS 0x000000071d000000| PB 0x000000071d000000| Untracked |  0
|  213|0x000000071d200000, 0x000000071d200000, 0x000000071d400000|  0%| F|  |TAMS 0x000000071d200000| PB 0x000000071d200000| Untracked |  0
|  214|0x000000071d400000, 0x000000071d400000, 0x000000071d600000|  0%| F|  |TAMS 0x000000071d400000| PB 0x000000071d400000| Untracked |  0
| 2027|0x00000007ffe00000, 0x00000007fff28d80, 0x0000000800000000| 57%| O|  |TAMS 0x00000007ffe00000| PB 0x00000007ffe00000| Untracked |  0

Card table byte_map: [0x000001e645f20000,0x000001e646710000] _byte_map_base: 0x000001e64270c000
Refinement table byte_map: [0x000001e645730000,0x000001e645f20000] _byte_map_base: 0x000001e641f1c000

Marking Bits: (CMBitMap*) 0x000001e62cf901c0
 Bits: [0x000001e646710000, 0x000001e64a670000)

Polling page: 0x000001e62ace0000

Metaspace:
Metaspace        used 8375K, committed 8768K, reserved 1114112K
 class space     used 1190K, committed 1344K, reserved 1048576K

Usage:
  Non-class:      7.02 MB used.
      Class:      1.16 MB used.
       Both:      8.18 MB used.

Virtual space:
  Non-class space:       64.00 MB reserved,       7.25 MB ( 11%) committed,  1 nodes.
      Class space:        1.00 GB reserved,       1.31 MB ( <1%) committed,  1 nodes.
             Both:        1.06 GB reserved,       8.56 MB ( <1%) committed. 

Chunk freelists:
   Non-Class:  8.01 MB
       Class:  14.67 MB
        Both:  22.68 MB

MaxMetaspaceSize: unlimited
CompressedClassSpaceSize: 1.00 GB
Initial GC threshold: 21.00 MB
Current GC threshold: 21.00 MB
CDS: on
 - commit_granule_bytes: 65536.
 - commit_granule_words: 8192.
 - virtual_space_node_default_size: 8388608.
 - enlarge_chunks_in_place: 1.
UseCompressedClassPointers 1, UseCompactObjectHeaders 0
Narrow klass pointer bits 32, Max shift 3
Narrow klass base: 0x000000009c000000, Narrow klass shift: 0
Encoding Range: [0x000000009c000000 - 0x000000019c000000), (4294967296 bytes)
Klass Range:    [0x000000009c000000 - 0x00000000dd000000), (1090519040 bytes)
Klass ID Range:  [8 - 1090519033) (1090519025)
Protection zone: [0x000000009c000000 - 0x000000009c010000), (65536 bytes)


Internal statistics:

num_allocs_failed_limit: 0.
num_arena_births: 428.
num_arena_deaths: 0.
num_vsnodes_births: 2.
num_vsnodes_deaths: 0.
num_space_committed: 137.
num_space_uncommitted: 0.
num_chunks_returned_to_freelist: 0.
num_chunks_taken_from_freelist: 712.
num_chunk_merges: 0.
num_chunk_splits: 418.
num_chunks_enlarged: 217.
num_inconsistent_stats: 0.

CodeHeap 'non-profiled nmethods': size=120064Kb used=2087Kb max_used=2087Kb free=117977Kb
 bounds [0x000001e63d6c0000, 0x000001e63d930000, 0x000001e644c00000]
CodeHeap 'profiled nmethods': size=120064Kb used=5187Kb max_used=5187Kb free=114876Kb
 bounds [0x000001e635be0000, 0x000001e636100000, 0x000001e63d120000]
CodeHeap 'non-nmethods': size=5760Kb used=1389Kb max_used=1455Kb free=4371Kb
 bounds [0x000001e63d120000, 0x000001e63d390000, 0x000001e63d6c0000]
CodeCache: size=245888Kb, used=8663Kb, max_used=8729Kb, free=237224Kb
 total_blobs=4182, nmethods=3680, adapters=406, full_count=0
Compilation: enabled, stopped_count=0, restarted_count=0

Compilation events (20 events):
Event: 5.097 Thread 0x000001e64d06b1a0 3675       4       jdk.internal.classfile.impl.AbstractAttributeMapper$MethodParametersMapper::readAttribute (8 bytes)
Event: 5.098 Thread 0x000001e64d06b1a0 nmethod 3675 0x000001e63d8c8a08 code [0x000001e63d8c8b00, 0x000001e63d8c8c60]
Event: 5.098 Thread 0x000001e64d06b1a0 3676       4       jdk.internal.classfile.impl.AbstractAttributeMapper$MethodParametersMapper::readAttribute (11 bytes)
Event: 5.099 Thread 0x000001e64d06b1a0 nmethod 3676 0x000001e63d8c8d08 code [0x000001e63d8c8e00, 0x000001e63d8c8f60]
Event: 5.133 Thread 0x000001e64d06b1a0 3677       4       jdk.tools.jlink.internal.plugins.StripJavaDebugAttributesPlugin$$Lambda/0x000000009d155b40::apply (12 bytes)
Event: 5.134 Thread 0x000001e64d06b1a0 nmethod 3677 0x000001e63d8c9008 code [0x000001e63d8c9100, 0x000001e63d8c91f8]
Event: 5.154 Thread 0x000001e64d074550 3678       3       jdk.internal.classfile.impl.AbstractAttributeMapper$RecordMapper::readAttribute (8 bytes)
Event: 5.155 Thread 0x000001e64d074550 nmethod 3678 0x000001e6360ed888 code [0x000001e6360ed980, 0x000001e6360edb30]
Event: 5.155 Thread 0x000001e64d074550 3679       3       jdk.internal.classfile.impl.AbstractAttributeMapper$RecordMapper::readAttribute (11 bytes)
Event: 5.155 Thread 0x000001e64d074550 nmethod 3679 0x000001e6360edb88 code [0x000001e6360edc80, 0x000001e6360ee0e0]
Event: 5.157 Thread 0x000001e64d074550 3680 %     3       jdk.internal.classfile.impl.AbstractInstruction$BoundTableSwitchInstruction::cases @ 41 (99 bytes)
Event: 5.157 Thread 0x000001e64d074550 nmethod 3680% 0x000001e6360ee108 code [0x000001e6360ee200, 0x000001e6360ef250]
Event: 5.157 Thread 0x000001e64d074550 3681 %     3       jdk.internal.classfile.impl.DirectCodeBuilder::writeTableSwitch @ 25 (178 bytes)
Event: 5.158 Thread 0x000001e64d074550 nmethod 3681% 0x000001e6360ef288 code [0x000001e6360ef3a0, 0x000001e6360f0ce0]
Event: 5.193 Thread 0x000001e64d06b1a0 3682       4       jdk.internal.classfile.impl.AbstractAttributeMapper$RuntimeVisibleAnnotationsMapper::readAttribute (8 bytes)
Event: 5.194 Thread 0x000001e64d06b1a0 nmethod 3682 0x000001e63d8c9308 code [0x000001e63d8c9400, 0x000001e63d8c9548]
Event: 5.205 Thread 0x000001e64d06b1a0 3683       4       java.util.Collections$UnmodifiableCollection::size (10 bytes)
Event: 5.206 Thread 0x000001e64d06b1a0 nmethod 3683 0x000001e63d8c9608 code [0x000001e63d8c9700, 0x000001e63d8c9798]
Event: 5.212 Thread 0x000001e64d06b1a0 3684       4       jdk.internal.classfile.impl.DirectCodeBuilder$5::compare (13 bytes)
Event: 5.212 Thread 0x000001e64d06b1a0 nmethod 3684 0x000001e63d8c9908 code [0x000001e63d8c9a00, 0x000001e63d8c9b48]

GC Heap Usage History (20 events):
Event: 3.285 {heap After GC invocations=18 (full 0):
 garbage-first heap   total reserved 4153344K, committed 147456K, used 30254K [0x0000000702800000, 0x0000000800000000)
  region size 2M, 0 eden (0M), 1 survivor (2M), 15 old (30M), 0 humongous (0M), 56 free (112M)
}
Event: 3.601 {heap Before GC invocations=18 (full 0):
 garbage-first heap   total reserved 4153344K, committed 147456K, used 87598K [0x0000000702800000, 0x0000000800000000)
  region size 2M, 29 eden (58M), 1 survivor (2M), 15 old (30M), 0 humongous (0M), 27 free (54M)
}
Event: 3.605 {heap After GC invocations=19 (full 0):
 garbage-first heap   total reserved 4153344K, committed 147456K, used 34573K [0x0000000702800000, 0x0000000800000000)
  region size 2M, 0 eden (0M), 3 survivor (6M), 15 old (30M), 0 humongous (0M), 54 free (108M)
}
Event: 3.738 {heap Before GC invocations=19 (full 0):
 garbage-first heap   total reserved 4153344K, committed 147456K, used 116493K [0x0000000702800000, 0x0000000800000000)
  region size 2M, 40 eden (80M), 3 survivor (6M), 15 old (30M), 0 humongous (0M), 14 free (28M)
}
Event: 3.743 {heap After GC invocations=20 (full 0):
 garbage-first heap   total reserved 4153344K, committed 147456K, used 38899K [0x0000000702800000, 0x0000000800000000)
  region size 2M, 0 eden (0M), 5 survivor (10M), 15 old (30M), 0 humongous (0M), 52 free (104M)
}
Event: 3.851 {heap Before GC invocations=20 (full 0):
 garbage-first heap   total reserved 4153344K, committed 147456K, used 116723K [0x0000000702800000, 0x0000000800000000)
  region size 2M, 38 eden (76M), 5 survivor (10M), 15 old (30M), 0 humongous (0M), 14 free (28M)
}
Event: 3.855 {heap After GC invocations=21 (full 0):
 garbage-first heap   total reserved 4153344K, committed 147456K, used 42545K [0x0000000702800000, 0x0000000800000000)
  region size 2M, 0 eden (0M), 4 survivor (8M), 18 old (36M), 0 humongous (0M), 50 free (100M)
}
Event: 3.949 {heap Before GC invocations=21 (full 0):
 garbage-first heap   total reserved 4153344K, committed 147456K, used 122417K [0x0000000702800000, 0x0000000800000000)
  region size 2M, 39 eden (78M), 4 survivor (8M), 18 old (36M), 0 humongous (0M), 11 free (22M)
}
Event: 3.952 {heap After GC invocations=22 (full 0):
 garbage-first heap   total reserved 4153344K, committed 147456K, used 45724K [0x0000000702800000, 0x0000000800000000)
  region size 2M, 0 eden (0M), 4 survivor (8M), 20 old (40M), 0 humongous (0M), 48 free (96M)
}
Event: 4.050 {heap Before GC invocations=22 (full 0):
 garbage-first heap   total reserved 4153344K, committed 147456K, used 125596K [0x0000000702800000, 0x0000000800000000)
  region size 2M, 39 eden (78M), 4 survivor (8M), 20 old (40M), 0 humongous (0M), 9 free (18M)
}
Event: 4.052 {heap After GC invocations=23 (full 0):
 garbage-first heap   total reserved 4153344K, committed 442368K, used 50196K [0x0000000702800000, 0x0000000800000000)
  region size 2M, 0 eden (0M), 4 survivor (8M), 21 old (42M), 0 humongous (0M), 191 free (382M)
}
Event: 4.437 {heap Before GC invocations=23 (full 0):
 garbage-first heap   total reserved 4153344K, committed 442368K, used 306196K [0x0000000702800000, 0x0000000800000000)
  region size 2M, 125 eden (250M), 4 survivor (8M), 21 old (42M), 0 humongous (0M), 66 free (132M)
}
Event: 4.442 {heap After GC invocations=24 (full 0):
 garbage-first heap   total reserved 4153344K, committed 442368K, used 62442K [0x0000000702800000, 0x0000000800000000)
  region size 2M, 0 eden (0M), 10 survivor (20M), 21 old (42M), 0 humongous (0M), 185 free (370M)
}
Event: 4.668 {heap Before GC invocations=24 (full 0):
 garbage-first heap   total reserved 4153344K, committed 442368K, used 306154K [0x0000000702800000, 0x0000000800000000)
  region size 2M, 119 eden (238M), 10 survivor (20M), 21 old (42M), 0 humongous (0M), 66 free (132M)
}
Event: 4.673 {heap After GC invocations=25 (full 0):
 garbage-first heap   total reserved 4153344K, committed 442368K, used 73589K [0x0000000702800000, 0x0000000800000000)
  region size 2M, 0 eden (0M), 14 survivor (28M), 23 old (46M), 0 humongous (0M), 179 free (358M)
}
Event: 4.869 {heap Before GC invocations=25 (full 0):
 garbage-first heap   total reserved 4153344K, committed 442368K, used 309109K [0x0000000702800000, 0x0000000800000000)
  region size 2M, 115 eden (230M), 14 survivor (28M), 23 old (46M), 0 humongous (0M), 64 free (128M)
}
Event: 4.874 {heap After GC invocations=26 (full 0):
 garbage-first heap   total reserved 4153344K, committed 442368K, used 86925K [0x0000000702800000, 0x0000000800000000)
  region size 2M, 0 eden (0M), 12 survivor (24M), 31 old (62M), 0 humongous (0M), 173 free (346M)
}
Event: 5.071 {heap Before GC invocations=26 (full 0):
 garbage-first heap   total reserved 4153344K, committed 442368K, used 326541K [0x0000000702800000, 0x0000000800000000)
  region size 2M, 117 eden (234M), 12 survivor (24M), 31 old (62M), 0 humongous (0M), 56 free (112M)
}
Event: 5.076 {heap After GC invocations=27 (full 0):
 garbage-first heap   total reserved 4153344K, committed 442368K, used 98002K [0x0000000702800000, 0x0000000800000000)
  region size 2M, 0 eden (0M), 12 survivor (24M), 37 old (74M), 0 humongous (0M), 167 free (334M)
}
Event: 5.240 {heap Before GC invocations=27 (full 0):
 garbage-first heap   total reserved 4153344K, committed 442368K, used 337618K [0x0000000702800000, 0x0000000800000000)
  region size 2M, 117 eden (234M), 12 survivor (24M), 37 old (74M), 0 humongous (0M), 50 free (100M)
}

Metaspace Usage History (20 events):
Event: 3.285 {metaspace After GC invocations=18 (full 0):
 Metaspace       used 7305K, committed 7680K, reserved 1114112K
  class space    used 1028K, committed 1216K, reserved 1048576K
}
Event: 3.601 {metaspace Before GC invocations=18 (full 0):
 Metaspace       used 8326K, committed 8704K, reserved 1114112K
  class space    used 1184K, committed 1344K, reserved 1048576K
}
Event: 3.605 {metaspace After GC invocations=19 (full 0):
 Metaspace       used 8326K, committed 8704K, reserved 1114112K
  class space    used 1184K, committed 1344K, reserved 1048576K
}
Event: 3.738 {metaspace Before GC invocations=19 (full 0):
 Metaspace       used 8365K, committed 8768K, reserved 1114112K
  class space    used 1190K, committed 1344K, reserved 1048576K
}
Event: 3.743 {metaspace After GC invocations=20 (full 0):
 Metaspace       used 8365K, committed 8768K, reserved 1114112K
  class space    used 1190K, committed 1344K, reserved 1048576K
}
Event: 3.851 {metaspace Before GC invocations=20 (full 0):
 Metaspace       used 8370K, committed 8768K, reserved 1114112K
  class space    used 1190K, committed 1344K, reserved 1048576K
}
Event: 3.855 {metaspace After GC invocations=21 (full 0):
 Metaspace       used 8370K, committed 8768K, reserved 1114112K
  class space    used 1190K, committed 1344K, reserved 1048576K
}
Event: 3.950 {metaspace Before GC invocations=21 (full 0):
 Metaspace       used 8372K, committed 8768K, reserved 1114112K
  class space    used 1190K, committed 1344K, reserved 1048576K
}
Event: 3.952 {metaspace After GC invocations=22 (full 0):
 Metaspace       used 8372K, committed 8768K, reserved 1114112K
  class space    used 1190K, committed 1344K, reserved 1048576K
}
Event: 4.050 {metaspace Before GC invocations=22 (full 0):
 Metaspace       used 8373K, committed 8768K, reserved 1114112K
  class space    used 1190K, committed 1344K, reserved 1048576K
}
Event: 4.052 {metaspace After GC invocations=23 (full 0):
 Metaspace       used 8373K, committed 8768K, reserved 1114112K
  class space    used 1190K, committed 1344K, reserved 1048576K
}
Event: 4.437 {metaspace Before GC invocations=23 (full 0):
 Metaspace       used 8374K, committed 8768K, reserved 1114112K
  class space    used 1190K, committed 1344K, reserved 1048576K
}
Event: 4.442 {metaspace After GC invocations=24 (full 0):
 Metaspace       used 8374K, committed 8768K, reserved 1114112K
  class space    used 1190K, committed 1344K, reserved 1048576K
}
Event: 4.668 {metaspace Before GC invocations=24 (full 0):
 Metaspace       used 8374K, committed 8768K, reserved 1114112K
  class space    used 1190K, committed 1344K, reserved 1048576K
}
Event: 4.673 {metaspace After GC invocations=25 (full 0):
 Metaspace       used 8374K, committed 8768K, reserved 1114112K
  class space    used 1190K, committed 1344K, reserved 1048576K
}
Event: 4.869 {metaspace Before GC invocations=25 (full 0):
 Metaspace       used 8374K, committed 8768K, reserved 1114112K
  class space    used 1190K, committed 1344K, reserved 1048576K
}
Event: 4.874 {metaspace After GC invocations=26 (full 0):
 Metaspace       used 8374K, committed 8768K, reserved 1114112K
  class space    used 1190K, committed 1344K, reserved 1048576K
}
Event: 5.071 {metaspace Before GC invocations=26 (full 0):
 Metaspace       used 8374K, committed 8768K, reserved 1114112K
  class space    used 1190K, committed 1344K, reserved 1048576K
}
Event: 5.076 {metaspace After GC invocations=27 (full 0):
 Metaspace       used 8374K, committed 8768K, reserved 1114112K
  class space    used 1190K, committed 1344K, reserved 1048576K
}
Event: 5.240 {metaspace Before GC invocations=27 (full 0):
 Metaspace       used 8375K, committed 8768K, reserved 1114112K
  class space    used 1190K, committed 1344K, reserved 1048576K
}

Dll operation events (10 events):
Event: 0.008 Attempting to load shared library C:\Program Files\Java\jdk-26.0.1\bin\java.dll
Event: 0.010 Loaded shared library C:\Program Files\Java\jdk-26.0.1\bin\java.dll
Event: 0.057 Attempting to load shared library C:\Program Files\Java\jdk-26.0.1\bin\jimage.dll
Event: 0.057 Loaded shared library C:\Program Files\Java\jdk-26.0.1\bin\jimage.dll
Event: 0.059 Attempting to load shared library C:\Program Files\Java\jdk-26.0.1\bin\net.dll
Event: 0.059 Loaded shared library C:\Program Files\Java\jdk-26.0.1\bin\net.dll
Event: 0.061 Attempting to load shared library C:\Program Files\Java\jdk-26.0.1\bin\nio.dll
Event: 0.061 Loaded shared library C:\Program Files\Java\jdk-26.0.1\bin\nio.dll
Event: 0.687 Attempting to load shared library C:\Program Files\Java\jdk-26.0.1\bin\zip.dll
Event: 0.687 Loaded shared library C:\Program Files\Java\jdk-26.0.1\bin\zip.dll

Deoptimization events (20 events):
Event: 4.035 Thread 0x000001e62aae4d70 DEOPT PACKING pc=0x000001e63d88cbcc sp=0x00000094d77fdcd0
Event: 4.035 Thread 0x000001e62aae4d70 DEOPT UNPACKING pc=0x000001e63d243d82 sp=0x00000094d77fdc98 mode 2
Event: 4.035 Thread 0x000001e62aae4d70 Uncommon trap: trap_request=0xffffffd6 fr.pc=0x000001e63d88cbcc relative=0x000000000000034c
Event: 4.035 Thread 0x000001e62aae4d70 Uncommon trap: reason=array_check action=maybe_recompile pc=0x000001e63d88cbcc method=jdk.internal.classfile.impl.DirectClassBuilder.withField(Ljdk/internal/classfile/impl/Util$Writable;)Ljava/lang/classfile/ClassBuilder; @ 51 c2
Event: 4.035 Thread 0x000001e62aae4d70 DEOPT PACKING pc=0x000001e63d88cbcc sp=0x00000094d77fdcd0
Event: 4.035 Thread 0x000001e62aae4d70 DEOPT UNPACKING pc=0x000001e63d243d82 sp=0x00000094d77fdc98 mode 2
Event: 4.035 Thread 0x000001e62aae4d70 Uncommon trap: trap_request=0xffffffd6 fr.pc=0x000001e63d88cbcc relative=0x000000000000034c
Event: 4.035 Thread 0x000001e62aae4d70 Uncommon trap: reason=array_check action=maybe_recompile pc=0x000001e63d88cbcc method=jdk.internal.classfile.impl.DirectClassBuilder.withField(Ljdk/internal/classfile/impl/Util$Writable;)Ljava/lang/classfile/ClassBuilder; @ 51 c2
Event: 4.035 Thread 0x000001e62aae4d70 DEOPT PACKING pc=0x000001e63d88cbcc sp=0x00000094d77fdcd0
Event: 4.035 Thread 0x000001e62aae4d70 DEOPT UNPACKING pc=0x000001e63d243d82 sp=0x00000094d77fdc98 mode 2
Event: 4.035 Thread 0x000001e62aae4d70 Uncommon trap: trap_request=0xffffffd6 fr.pc=0x000001e63d88cbcc relative=0x000000000000034c
Event: 4.035 Thread 0x000001e62aae4d70 Uncommon trap: reason=array_check action=maybe_recompile pc=0x000001e63d88cbcc method=jdk.internal.classfile.impl.DirectClassBuilder.withField(Ljdk/internal/classfile/impl/Util$Writable;)Ljava/lang/classfile/ClassBuilder; @ 51 c2
Event: 4.035 Thread 0x000001e62aae4d70 DEOPT PACKING pc=0x000001e63d88cbcc sp=0x00000094d77fdcd0
Event: 4.035 Thread 0x000001e62aae4d70 DEOPT UNPACKING pc=0x000001e63d243d82 sp=0x00000094d77fdc98 mode 2
Event: 4.693 Thread 0x000001e62aae4d70 DEOPT PACKING pc=0x000001e635f46e61 sp=0x00000094d77fe430
Event: 4.693 Thread 0x000001e62aae4d70 DEOPT UNPACKING pc=0x000001e63d171a02 sp=0x00000094d77fd8e8 mode 0
Event: 4.769 Thread 0x000001e62aae4d70 Uncommon trap: trap_request=0xffffff45 fr.pc=0x000001e63d8c1298 relative=0x0000000000001c18
Event: 4.769 Thread 0x000001e62aae4d70 Uncommon trap: reason=unstable_if action=reinterpret pc=0x000001e63d8c1298 method=jdk.tools.jlink.internal.plugins.StripJavaDebugAttributesPlugin.lambda$transform$0(Ljdk/tools/jlink/plugin/ResourcePoolEntry;)Ljdk/tools/jlink/plugin/ResourcePoolEntry; @ 14
Event: 4.769 Thread 0x000001e62aae4d70 DEOPT PACKING pc=0x000001e63d8c1298 sp=0x00000094d77fe340
Event: 4.769 Thread 0x000001e62aae4d70 DEOPT UNPACKING pc=0x000001e63d243d82 sp=0x00000094d77fe2d8 mode 2

Classes loaded (20 events):
Event: 3.618 Loading class jdk/internal/classfile/impl/AbstractAttributeMapper$RuntimeInvisibleAnnotationsMapper
Event: 3.618 Loading class jdk/internal/classfile/impl/AbstractAttributeMapper$RuntimeInvisibleAnnotationsMapper done
Event: 3.618 Loading class jdk/internal/classfile/impl/BoundAttribute$BoundRuntimeInvisibleAnnotationsAttribute
Event: 3.618 Loading class java/lang/classfile/attribute/RuntimeInvisibleAnnotationsAttribute
Event: 3.618 Loading class java/lang/classfile/attribute/RuntimeInvisibleAnnotationsAttribute done
Event: 3.618 Loading class jdk/internal/classfile/impl/BoundAttribute$BoundRuntimeInvisibleAnnotationsAttribute done
Event: 3.622 Loading class jdk/internal/classfile/impl/AbstractAttributeMapper$AnnotationDefaultMapper
Event: 3.622 Loading class jdk/internal/classfile/impl/AbstractAttributeMapper$AnnotationDefaultMapper done
Event: 3.622 Loading class jdk/internal/classfile/impl/BoundAttribute$BoundAnnotationDefaultAttr
Event: 3.622 Loading class java/lang/classfile/attribute/AnnotationDefaultAttribute
Event: 3.623 Loading class java/lang/classfile/attribute/AnnotationDefaultAttribute done
Event: 3.623 Loading class jdk/internal/classfile/impl/BoundAttribute$BoundAnnotationDefaultAttr done
Event: 3.723 Loading class jdk/internal/classfile/impl/AbstractAttributeMapper$RuntimeVisibleParameterAnnotationsMapper
Event: 3.723 Loading class jdk/internal/classfile/impl/AbstractAttributeMapper$RuntimeVisibleParameterAnnotationsMapper done
Event: 3.723 Loading class jdk/internal/classfile/impl/BoundAttribute$BoundRuntimeVisibleParameterAnnotationsAttribute
Event: 3.723 Loading class java/lang/classfile/attribute/RuntimeVisibleParameterAnnotationsAttribute
Event: 3.723 Loading class java/lang/classfile/attribute/RuntimeVisibleParameterAnnotationsAttribute done
Event: 3.723 Loading class jdk/internal/classfile/impl/BoundAttribute$BoundRuntimeVisibleParameterAnnotationsAttribute done
Event: 3.724 Loading class jdk/internal/classfile/impl/BoundAttribute$BoundRuntimeVisibleTypeAnnotationsAttribute
Event: 3.725 Loading class jdk/internal/classfile/impl/BoundAttribute$BoundRuntimeVisibleTypeAnnotationsAttribute done

Classes unloaded (0 events):
No events

Classes redefined (0 events):
No events

Internal exceptions (20 events):
Event: 3.063 Thread 0x000001e62aae4d70 Exception <a 'sun/nio/fs/WindowsException'{0x0000000704a7ba08}> (0x0000000704a7ba08) 
thrown [s\open\src\hotspot\share\prims\jni.cpp, line 514]
Event: 3.064 Thread 0x000001e62aae4d70 Exception <a 'sun/nio/fs/WindowsException'{0x0000000704a7dc68}> (0x0000000704a7dc68) 
thrown [s\open\src\hotspot\share\prims\jni.cpp, line 514]
Event: 3.064 Thread 0x000001e62aae4d70 Exception <a 'sun/nio/fs/WindowsException'{0x0000000704a7e350}> (0x0000000704a7e350) 
thrown [s\open\src\hotspot\share\prims\jni.cpp, line 514]
Event: 3.065 Thread 0x000001e62aae4d70 Exception <a 'sun/nio/fs/WindowsException'{0x0000000704a7ea20}> (0x0000000704a7ea20) 
thrown [s\open\src\hotspot\share\prims\jni.cpp, line 514]
Event: 3.211 Thread 0x000001e62aae4d70 Exception <a 'java/lang/NoSuchMethodError'{0x0000000705560270}: 'java.lang.Object java.lang.invoke.DirectMethodHandle$Holder.invokeSpecial(java.lang.Object, java.lang.Object, java.lang.Object, java.lang.Object, long)'> (0x0000000705560270) 
thrown [s\open\src\hotspot\share\interpreter\linkResolver.cpp, line 804]
Event: 3.212 Thread 0x000001e62aae4d70 Exception <a 'java/lang/NoSuchMethodError'{0x00000007055788c0}: 'java.lang.Object java.lang.invoke.DirectMethodHandle$Holder.invokeSpecial(java.lang.Object, java.lang.Object, java.lang.Object, java.lang.Object, java.lang.Object, double)'> (0x00000007055788c0) 
thrown [s\open\src\hotspot\share\interpreter\linkResolver.cpp, line 804]
Event: 3.212 Thread 0x000001e62aae4d70 Exception <a 'java/lang/NoSuchMethodError'{0x0000000705589148}: 'java.lang.Object java.lang.invoke.DirectMethodHandle$Holder.invokeSpecial(java.lang.Object, java.lang.Object, java.lang.Object, java.lang.Object, java.lang.Object, float)'> (0x0000000705589148) 
thrown [s\open\src\hotspot\share\interpreter\linkResolver.cpp, line 804]
Event: 3.213 Thread 0x000001e62aae4d70 Exception <a 'java/lang/NoSuchMethodError'{0x000000070559a388}: 'java.lang.Object java.lang.invoke.DirectMethodHandle$Holder.invokeSpecial(java.lang.Object, java.lang.Object, java.lang.Object, java.lang.Object, java.lang.Object, int)'> (0x000000070559a388) 
thrown [s\open\src\hotspot\share\interpreter\linkResolver.cpp, line 804]
Event: 3.213 Thread 0x000001e62aae4d70 Exception <a 'java/lang/NoSuchMethodError'{0x00000007055aa910}: 'int java.lang.invoke.DirectMethodHandle$Holder.invokeSpecial(java.lang.Object, java.lang.Object, java.lang.Object, java.lang.Object, java.lang.Object)'> (0x00000007055aa910) 
thrown [s\open\src\hotspot\share\interpreter\linkResolver.cpp, line 804]
Event: 3.238 Thread 0x000001e62aae4d70 Exception <a 'java/lang/NoSuchMethodError'{0x0000000705207760}: 'java.lang.Object java.lang.invoke.DirectMethodHandle$Holder.invokeStatic(java.lang.Object, java.lang.Object, java.lang.Object, long)'> (0x0000000705207760) 
thrown [s\open\src\hotspot\share\interpreter\linkResolver.cpp, line 804]
Event: 3.239 Thread 0x000001e62aae4d70 Exception <a 'java/lang/NoSuchMethodError'{0x000000070521def8}: 'java.lang.Object java.lang.invoke.DirectMethodHandle$Holder.invokeStatic(java.lang.Object, java.lang.Object, java.lang.Object, float)'> (0x000000070521def8) 
thrown [s\open\src\hotspot\share\interpreter\linkResolver.cpp, line 804]
Event: 3.329 Thread 0x000001e62aae4d70 Exception <a 'java/lang/NoSuchMethodError'{0x000000070ab5b0e0}: 'int java.lang.invoke.DirectMethodHandle$Holder.invokeVirtual(java.lang.Object, java.lang.Object, java.lang.Object)'> (0x000000070ab5b0e0) 
thrown [s\open\src\hotspot\share\interpreter\linkResolver.cpp, line 804]
Event: 3.330 Thread 0x000001e62aae4d70 Exception <a 'java/lang/NoSuchMethodError'{0x000000070ab77040}: 'void java.lang.invoke.DirectMethodHandle$Holder.invokeStatic(java.lang.Object, int, java.lang.Object)'> (0x000000070ab77040) 
thrown [s\open\src\hotspot\share\interpreter\linkResolver.cpp, line 804]
Event: 3.333 Thread 0x000001e62aae4d70 Exception <a 'java/lang/NoSuchMethodError'{0x000000070abc8c08}: 'void java.lang.invoke.DirectMethodHandle$Holder.invokeSpecial(java.lang.Object, java.lang.Object, int, java.lang.Object)'> (0x000000070abc8c08) 
thrown [s\open\src\hotspot\share\interpreter\linkResolver.cpp, line 804]
Event: 3.337 Thread 0x000001e62aae4d70 Exception <a 'java/lang/NoSuchMethodError'{0x000000070a830850}: 'java.lang.Object java.lang.invoke.DirectMethodHandle$Holder.invokeVirtual(java.lang.Object, java.lang.Object, java.lang.Object)'> (0x000000070a830850) 
thrown [s\open\src\hotspot\share\interpreter\linkResolver.cpp, line 804]
Event: 3.339 Thread 0x000001e62aae4d70 Exception <a 'java/lang/NoSuchMethodError'{0x000000070a874c58}: 'java.lang.Object java.lang.invoke.DirectMethodHandle$Holder.newInvokeSpecial(java.lang.Object, java.lang.Object, java.lang.Object, int, java.lang.Object)'> (0x000000070a874c58) 
thrown [s\open\src\hotspot\share\interpreter\linkResolver.cpp, line 804]
Event: 3.339 Thread 0x000001e62aae4d70 Exception <a 'java/lang/NoSuchMethodError'{0x000000070a87d248}: 'java.lang.Object java.lang.invoke.Invokers$Holder.linkToTargetMethod(java.lang.Object, java.lang.Object, int, java.lang.Object, java.lang.Object)'> (0x000000070a87d248) 
thrown [s\open\src\hotspot\share\interpreter\linkResolver.cpp, line 804]
Event: 3.357 Thread 0x000001e62aae4d70 Exception <a 'java/lang/NoSuchMethodError'{0x000000070a9ad920}: 'java.lang.Object java.lang.invoke.DirectMethodHandle$Holder.newInvokeSpecial(java.lang.Object, java.lang.Object, int, java.lang.Object, java.lang.Object, java.lang.Object)'> (0x000000070a9ad920) 
thrown [s\open\src\hotspot\share\interpreter\linkResolver.cpp, line 804]
Event: 3.358 Thread 0x000001e62aae4d70 Exception <a 'java/lang/NoSuchMethodError'{0x000000070a9be2c8}: 'java.lang.Object java.lang.invoke.Invokers$Holder.linkToTargetMethod(java.lang.Object, int, java.lang.Object, java.lang.Object, java.lang.Object, java.lang.Object)'> (0x000000070a9be2c8) 
thrown [s\open\src\hotspot\share\interpreter\linkResolver.cpp, line 804]
Event: 3.444 Thread 0x000001e62aae4d70 Exception <a 'java/lang/NoSuchMethodError'{0x0000000709fc5898}: 'void java.lang.invoke.DirectMethodHandle$Holder.invokeStaticInit(java.lang.Object)'> (0x0000000709fc5898) 
thrown [s\open\src\hotspot\share\interpreter\linkResolver.cpp, line 804]

VM Operations (20 events):
Event: 3.508 Executing non-safepoint VM operation: HandshakeAllThreads (Deoptimize) done
Event: 3.601 Executing safepoint VM operation: G1CollectForAllocation (G1 Evacuation Pause)
Event: 3.605 Executing safepoint VM operation: G1CollectForAllocation (G1 Evacuation Pause) done
Event: 3.738 Executing safepoint VM operation: G1CollectForAllocation (G1 Evacuation Pause)
Event: 3.743 Executing safepoint VM operation: G1CollectForAllocation (G1 Evacuation Pause) done
Event: 3.851 Executing safepoint VM operation: G1CollectForAllocation (G1 Evacuation Pause)
Event: 3.855 Executing safepoint VM operation: G1CollectForAllocation (G1 Evacuation Pause) done
Event: 3.949 Executing safepoint VM operation: G1CollectForAllocation (G1 Evacuation Pause)
Event: 3.952 Executing safepoint VM operation: G1CollectForAllocation (G1 Evacuation Pause) done
Event: 4.050 Executing safepoint VM operation: G1CollectForAllocation (G1 Evacuation Pause)
Event: 4.052 Executing safepoint VM operation: G1CollectForAllocation (G1 Evacuation Pause) done
Event: 4.437 Executing safepoint VM operation: G1CollectForAllocation (G1 Evacuation Pause)
Event: 4.442 Executing safepoint VM operation: G1CollectForAllocation (G1 Evacuation Pause) done
Event: 4.668 Executing safepoint VM operation: G1CollectForAllocation (G1 Evacuation Pause)
Event: 4.673 Executing safepoint VM operation: G1CollectForAllocation (G1 Evacuation Pause) done
Event: 4.869 Executing safepoint VM operation: G1CollectForAllocation (G1 Evacuation Pause)
Event: 4.874 Executing safepoint VM operation: G1CollectForAllocation (G1 Evacuation Pause) done
Event: 5.071 Executing safepoint VM operation: G1CollectForAllocation (G1 Evacuation Pause)
Event: 5.076 Executing safepoint VM operation: G1CollectForAllocation (G1 Evacuation Pause) done
Event: 5.240 Executing safepoint VM operation: G1CollectForAllocation (G1 Evacuation Pause)

Memory protections (0 events):
No events

Nmethod flushes (0 events):
No events

Events (20 events):
Event: 0.037 Thread 0x000001e62aae4d70 Thread added: 0x000001e64d030ae0
Event: 0.037 Thread 0x000001e62aae4d70 Thread added: 0x000001e64d031290
Event: 0.037 Thread 0x000001e62aae4d70 Thread added: 0x000001e64d034530
Event: 0.037 Thread 0x000001e62aae4d70 Thread added: 0x000001e64d038230
Event: 0.037 Thread 0x000001e62aae4d70 Thread added: 0x000001e64d03dbf0
Event: 0.037 Thread 0x000001e62aae4d70 Thread added: 0x000001e64d049330
Event: 0.037 Thread 0x000001e62aae4d70 Thread added: 0x000001e64d06b1a0
Event: 0.037 Thread 0x000001e62aae4d70 Thread added: 0x000001e64d074550
Event: 0.050 Thread 0x000001e62aae4d70 Thread added: 0x000001e64d1a8be0
Event: 0.058 Thread 0x000001e62aae4d70 Thread added: 0x000001e64d1b5a80
Event: 0.590 Thread 0x000001e64d074550 Thread added: 0x000001e64dcf5c00
Event: 0.711 Thread 0x000001e64d074550 Thread added: 0x000001e64db6b280
Event: 1.873 Thread 0x000001e64db6b280 Thread exited: 0x000001e64db6b280
Event: 2.152 Thread 0x000001e64d074550 Thread added: 0x000001e65235c460
Event: 2.701 Thread 0x000001e65235c460 Thread exited: 0x000001e65235c460
Event: 2.701 Thread 0x000001e64dcf5c00 Thread exited: 0x000001e64dcf5c00
Event: 3.076 Thread 0x000001e64d074550 Thread added: 0x000001e6536128f0
Event: 3.086 Thread 0x000001e64d074550 Thread added: 0x000001e652e0e8b0
Event: 4.606 Thread 0x000001e652e0e8b0 Thread exited: 0x000001e652e0e8b0
Event: 4.639 Thread 0x000001e6536128f0 Thread exited: 0x000001e6536128f0


Dynamic libraries:
0x00007ff6f98e0000 - 0x00007ff6f98e8000 	C:\Program Files\Java\jdk-26.0.1\bin\jpackage.exe
0x00007ff8b3880000 - 0x00007ff8b3ae6000 	C:\Windows\SYSTEM32\ntdll.dll
0x00007ff8b15f0000 - 0x00007ff8b16b9000 	C:\Windows\System32\KERNEL32.DLL
0x00007ff8b1080000 - 0x00007ff8b147a000 	C:\Windows\System32\KERNELBASE.dll
0x00007ff8b0ba0000 - 0x00007ff8b0cec000 	C:\Windows\System32\ucrtbase.dll
0x00007ff89e180000 - 0x00007ff89e19e000 	C:\Program Files\Java\jdk-26.0.1\bin\VCRUNTIME140.dll
0x00007ff89e090000 - 0x00007ff89e0a7000 	C:\Program Files\Java\jdk-26.0.1\bin\jli.dll
0x00007ff8b16c0000 - 0x00007ff8b1887000 	C:\Windows\System32\USER32.dll
0x00007ff898ea0000 - 0x00007ff899132000 	C:\Windows\WinSxS\amd64_microsoft.windows.common-controls_6595b64144ccf1df_6.0.26100.8521_none_3e08b75ce33403b3\COMCTL32.dll
0x00007ff8b20d0000 - 0x00007ff8b2179000 	C:\Windows\System32\msvcrt.dll
0x00007ff8b3230000 - 0x00007ff8b325b000 	C:\Windows\System32\GDI32.dll
0x00007ff8b1050000 - 0x00007ff8b1077000 	C:\Windows\System32\win32u.dll
0x00007ff8b0cf0000 - 0x00007ff8b0e1b000 	C:\Windows\System32\gdi32full.dll
0x00007ff8b1540000 - 0x00007ff8b15e3000 	C:\Windows\System32\msvcp_win.dll
0x00007ff8b2190000 - 0x00007ff8b21c2000 	C:\Windows\System32\IMM32.DLL
0x00007ff89fe50000 - 0x00007ff89fe5c000 	C:\Program Files\Java\jdk-26.0.1\bin\vcruntime140_1.dll
0x00007ff84b780000 - 0x00007ff84b80d000 	C:\Program Files\Java\jdk-26.0.1\bin\msvcp140.dll
0x00007ff80f0d0000 - 0x00007ff80ff9e000 	C:\Program Files\Java\jdk-26.0.1\bin\server\jvm.dll
0x00007ff8b2a70000 - 0x00007ff8b2b26000 	C:\Windows\System32\ADVAPI32.dll
0x00007ff8b1a40000 - 0x00007ff8b1aea000 	C:\Windows\System32\sechost.dll
0x00007ff8b1af0000 - 0x00007ff8b1c08000 	C:\Windows\System32\RPCRT4.dll
0x00007ff8b1c70000 - 0x00007ff8b1cf0000 	C:\Windows\System32\WS2_32.dll
0x00007ff8b0970000 - 0x00007ff8b09ce000 	C:\Windows\SYSTEM32\POWRPROF.dll
0x00007ff89db30000 - 0x00007ff89db66000 	C:\Windows\SYSTEM32\WINMM.dll
0x00007ff8a7430000 - 0x00007ff8a743b000 	C:\Windows\SYSTEM32\VERSION.dll
0x00007ff8b0950000 - 0x00007ff8b0964000 	C:\Windows\SYSTEM32\UMPDC.dll
0x00007ff8af870000 - 0x00007ff8af88b000 	C:\Windows\SYSTEM32\kernel.appcore.dll
0x00007ff89fe20000 - 0x00007ff89fe2a000 	C:\Program Files\Java\jdk-26.0.1\bin\jimage.dll
0x00007ff8ae370000 - 0x00007ff8ae5b2000 	C:\Windows\SYSTEM32\DBGHELP.DLL
0x00007ff8b2ea0000 - 0x00007ff8b3223000 	C:\Windows\System32\combase.dll
0x00007ff8b1ee0000 - 0x00007ff8b1fb9000 	C:\Windows\System32\OLEAUT32.dll
0x00007ff894770000 - 0x00007ff8947ab000 	C:\Windows\SYSTEM32\dbgcore.DLL
0x00007ff8b0fa0000 - 0x00007ff8b1048000 	C:\Windows\System32\bcryptPrimitives.dll
0x00007ff89cfb0000 - 0x00007ff89cfcf000 	C:\Program Files\Java\jdk-26.0.1\bin\java.dll
0x00007ff8b2cb0000 - 0x00007ff8b2e48000 	C:\Windows\System32\ole32.dll
0x00007ff8b21d0000 - 0x00007ff8b2954000 	C:\Windows\System32\SHELL32.dll
0x00007ff8ae6b0000 - 0x00007ff8aef30000 	C:\Windows\SYSTEM32\windows.storage.dll
0x00007ff8b2b30000 - 0x00007ff8b2c26000 	C:\Windows\System32\SHCORE.dll
0x00007ff8b2c40000 - 0x00007ff8b2ca7000 	C:\Windows\System32\shlwapi.dll
0x00007ff8b0a30000 - 0x00007ff8b0a59000 	C:\Windows\SYSTEM32\profapi.dll
0x00007ff89cf90000 - 0x00007ff89cfa2000 	C:\Program Files\Java\jdk-26.0.1\bin\net.dll
0x00007ff8afe10000 - 0x00007ff8afe7c000 	C:\Windows\system32\mswsock.dll
0x00007ff89c7c0000 - 0x00007ff89c7d6000 	C:\Program Files\Java\jdk-26.0.1\bin\nio.dll
0x00007ff8b00f0000 - 0x00007ff8b010b000 	C:\Windows\SYSTEM32\CRYPTSP.dll
0x00007ff8af7d0000 - 0x00007ff8af809000 	C:\Windows\system32\rsaenh.dll
0x00007ff8afec0000 - 0x00007ff8afef3000 	C:\Windows\SYSTEM32\USERENV.dll
0x00007ff8b0a00000 - 0x00007ff8b0a2a000 	C:\Windows\SYSTEM32\bcrypt.dll
0x00007ff8b0110000 - 0x00007ff8b011c000 	C:\Windows\SYSTEM32\CRYPTBASE.dll
0x00007ff8af240000 - 0x00007ff8af273000 	C:\Windows\SYSTEM32\IPHLPAPI.DLL
0x00007ff8b2180000 - 0x00007ff8b218a000 	C:\Windows\System32\NSI.dll
0x00007ff89b220000 - 0x00007ff89b237000 	C:\Program Files\Java\jdk-26.0.1\bin\zip.dll

JVMTI agents: none

dbghelp: loaded successfully - version: 4.0.5 - missing functions: none
symbol engine: initialized successfully - sym options: 0x614 - pdb path: .;C:\Program Files\Java\jdk-26.0.1\bin;C:\Windows\SYSTEM32;C:\Windows\WinSxS\amd64_microsoft.windows.common-controls_6595b64144ccf1df_6.0.26100.8521_none_3e08b75ce33403b3;C:\Program Files\Java\jdk-26.0.1\bin\server

VM Arguments:
jvm_args: -Denv.class.path=D:\tryp2p\\gradle\wrapper\gradle-wrapper.jar -Dapplication.home=C:\Program Files\Java\jdk-26.0.1 -Xms8m -Djdk.module.main=jdk.jpackage 
java_command: jdk.jpackage/jdk.jpackage.main.Main --type app-image --input D:\tryp2p\p2p-app\build\libs --main-jar p2p-1.0.0-SNAPSHOT.jar --main-class com.p2p.app.P2PApplication --name P2PTransfer --dest D:\tryp2p\p2p-app\build\dist-jpackage --vendor P2P Team --app-version 1.0.0 --win-console --java-options --enable-native-access=ALL-UNNAMED --icon D:\tryp2p\p2p-app\build\icon.ico
java_class_path (initial): <not set>
Launcher Type: SUN_STANDARD

[Global flags]
     bool AOTAdapterCaching                        = false                                  {diagnostic} {ergonomic}
     bool AOTInvokeDynamicLinking                  = false                                  {diagnostic} {ergonomic}
     bool AOTRecordTraining                        = false                                  {diagnostic} {ergonomic}
     bool AOTReplayTraining                        = false                                  {diagnostic} {ergonomic}
     bool AOTStubCaching                           = false                                  {diagnostic} {ergonomic}
     intx CICompilerCount                          = 4                                         {product} {ergonomic}
     uint ConcGCThreads                            = 2                                         {product} {ergonomic}
     uint G1ConcRefinementThreads                  = 8                                         {product} {ergonomic}
     uint G1EagerReclaimRemSetThreshold            = 16                                   {experimental} {ergonomic}
   size_t G1HeapRegionSize                         = 2097152                                   {product} {ergonomic}
     uint G1RemSetArrayOfCardsEntries              = 16                                   {experimental} {ergonomic}
     uint G1RemSetHowlMaxNumBuckets                = 8                                    {experimental} {ergonomic}
     uint G1RemSetHowlNumBuckets                   = 8                                    {experimental} {ergonomic}
   size_t InitialHeapSize                          = 8388608                                   {product} {command line}
     bool IntelJccErratumMitigation                = true                              {ARCH diagnostic} {ergonomic}
   size_t MarkStackSize                            = 4194304                                   {product} {ergonomic}
   size_t MarkStackSizeMax                         = 536870912                                 {product} {ergonomic}
   size_t MaxHeapSize                              = 4253024256                                {product} {ergonomic}
   size_t MaxNewSize                               = 2550136832                                {product} {ergonomic}
 uint64_t MaxRAM                                   = 17008955392                               {product} {ergonomic}
   size_t MinHeapDeltaBytes                        = 2097152                                   {product} {ergonomic}
   size_t MinHeapSize                              = 8388608                                   {product} {command line}
   size_t NonNMethodCodeHeapSize                   = 5898240                                {pd product} {ergonomic}
   size_t NonProfiledCodeHeapSize                  = 122945536                              {pd product} {ergonomic}
   size_t ProfiledCodeHeapSize                     = 122945536                              {pd product} {ergonomic}
   size_t ReservedCodeCacheSize                    = 251789312                              {pd product} {ergonomic}
     bool SegmentedCodeCache                       = true                                      {product} {ergonomic}
   size_t SoftMaxHeapSize                          = 4253024256                             {manageable} {ergonomic}
     bool UseCompressedOops                        = true                           {product lp64_product} {ergonomic}
     bool UseCondCardMark                          = true                                      {product} {ergonomic}
     bool UseFastUnorderedTimeStamps               = true                                 {experimental} {ergonomic}
     bool UseG1GC                                  = true                                      {product} {ergonomic}
     bool UseLargePagesIndividualAllocation        = false                                  {pd product} {ergonomic}
      int X86ICacheSync                            = 2                                 {ARCH diagnostic} {ergonomic}

Logging:
Log output configuration:
 #0: stdout all=warning uptime,level,tags foldmultilines=false
 #1: stderr all=off uptime,level,tags foldmultilines=false

Release file:
IMPLEMENTOR="Oracle Corporation" 
JAVA_RUNTIME_VERSION="26.0.1+8-34" 
JAVA_VERSION="26.0.1" 
JAVA_VERSION_DATE="2026-04-21" 
LIBC="default" 
MODULES="java.base java.compiler java.datatransfer java.xml java.prefs java.desktop java.instrument java.logging java.management java.security.sasl java.naming java.rmi java.management.rmi java.net.http java.scripting java.security.jgss java.transaction.xa java.sql java.sql.rowset java.xml.crypto java.se java.smartcardio jdk.accessibility jdk.internal.jvmstat jdk.attach jdk.charsets jdk.internal.opt jdk.zipfs jdk.compiler jdk.crypto.cryptoki jdk.crypto.ec jdk.crypto.mscapi jdk.dynalink jdk.internal.ed jdk.editpad jdk.internal.vm.ci jdk.graal.compiler jdk.graal.compiler.management jdk.hotspot.agent jdk.httpserver jdk.incubator.vector jdk.internal.le jdk.internal.md jdk.jartool jdk.javadoc jdk.jcmd jdk.management jdk.management.agent jdk.jconsole jdk.jdeps jdk.jdwp.agent jdk.jdi jdk.jfr jdk.jlink jdk.jpackage jdk.jshell jdk.jstatd jdk.localedata jdk.management.jfr jdk.naming.dns jdk.naming.rmi jdk.net jdk.nio.mapmode jdk.sctp jdk.security.auth jdk.security.jgss jdk.unsupported jdk.unsupported.desktop jdk.xml.dom" 
OS_ARCH="x86_64" 
OS_NAME="Windows" 
SOURCE=".:git:8fcde8268d22 open:git:fcc00fc4aee7" 

Environment Variables:
CLASSPATH=D:\tryp2p\\gradle\wrapper\gradle-wrapper.jar
PATH=C:\Program Files\Common Files\Oracle\Java\javapath;C:\Windows\system32;C:\Windows;C:\Windows\System32\Wbem;C:\Windows\System32\WindowsPowerShell\v1.0\;C:\Windows\System32\OpenSSH\;C:\Program Files (x86)\NVIDIA Corporation\PhysX\Common;C:\Windows\system32;C:\Windows;C:\Windows\System32\Wbem;C:\Windows\System32\WindowsPowerShell\v1.0\;C:\Windows\System32\OpenSSH\;C:\Program Files\NVIDIA Corporation\NVIDIA App\NvDLISR;C:\ProgramData\chocolatey\bin;C:\Program Files\nodejs\;C:\Program Files\Git\cmd;C:\Program Files\dotnet\;C:\Program Files\Microsoft SQL Server\170\Tools\Binn\;C:\Program Files\Microsoft SQL Server\Client SDK\ODBC\170\Tools\Binn\;C:\MinGW\bin;C:\Program Files (x86)\GnuWin32\bin;;C:\Program Files\Docker\Docker\resources\bin;C:\Users\parth\scoop\shims;C:\Users\parth\.local\bin;C:\Program Files\Common Files\Oracle\Java\javapath;C:\Windows\system32;C:\Windows;C:\Windows\System32\Wbem;C:\Windows\System32\WindowsPowerShell\v1.0\;C:\Windows\System32\OpenSSH\;C:\Program Files (x86)\NVIDIA Corporation\PhysX\Common;C:\Windows\system32;C:\Windows;C:\Windows\System32\Wbem;C:\Windows\System32\WindowsPowerShell\v1.0\;C:\Windows\System32\OpenSSH\;C:\Program Files\NVIDIA Corporation\NVIDIA App\NvDLISR;C:\ProgramData\chocolatey\bin;C:\Program Files\nodejs\;C:\Program Files\Git\cmd;C:\Program Files\dotnet\;C:\Program Files\Microsoft SQL Server\170\Tools\Binn\;C:\Program Files\Microsoft SQL Server\Client SDK\ODBC\170\Tools\Binn\;C:\MinGW\bin;C:\Program Files (x86)\GnuWin32\bin;C:\Program Files\Docker\Docker\resources\bin;C:\Windows\Syst;C:\Users\parth\AppData\Roaming\npm;C:\Users\parth\AppData\Local\Programs\Microsoft VS Code\bin;C:\Users\parth\AppData\Local\Programs\Antigravity IDE\bin
USERNAME=parth
OS=Windows_NT
PROCESSOR_IDENTIFIER=Intel64 Family 6 Model 165 Stepping 2, GenuineIntel
TMP=C:\Users\parth\AppData\Local\Temp
TEMP=C:\Users\parth\AppData\Local\Temp




Compilation memory statistics disabled.

Periodic native trim disabled

---------------  S Y S T E M  ---------------

OS:
 Windows 11 , 64 bit Build 26100 (10.0.26100.8521)
OS uptime: 3 days 20:10 hours
Hyper-V role detected

CPU: total 8 (initial active 8) (4 cores per cpu, 2 threads per core) family 6 model 165 stepping 2 microcode 0xe0, cx8, cmov, fxsr, ht, mmx, 3dnowpref, sse, sse2, sse3, ssse3, sse4.1, sse4.2, popcnt, lzcnt, tsc, tscinvbit, avx, avx2, aes, erms, clmul, bmi1, bmi2, adx, fma, vzeroupper, clflush, clflushopt, hv, rdtscp, f16c
Processor Information for the first 8 processors :
  Max Mhz: 2496, Current Mhz: 2496, Mhz Limit: 2496

Memory: 4k page, system-wide physical 16221M (3269M free)
TotalPageFile size 27555M (AvailPageFile size 438M)
current process WorkingSet (physical memory assigned to process): 502M, peak: 528M
current process commit charge ("private bytes"): 548M, peak: 1412M

vm_info: Java HotSpot(TM) 64-Bit Server VM (26.0.1+8-34) for windows-amd64 JRE (26.0.1+8-34), built on 2026-03-10T17:24:10Z with MS VC++ 17.13 (VS2022)

END.
